
Session Start: Mon Jun 02 23:39:57 2014
Session Ident: #goodgirlmiwa
[23:39] * Now talking in #goodgirlmiwa
[23:39] *** [23:39] *** Bonjour à tous, je m'éveille. A présent vous gagnez de l'xp et des gils à chaque minutes qui passe.
[23:39] [DEBUG] routine
[23:39] [DEBUG] totalFollower
[23:39] * jtv sets mode: +o cpttittysuffer
[23:39] * jtv sets mode: +o forcalor
[23:39] * jtv sets mode: +o officialobz
[23:39] * jtv sets mode: +o alvarezj
[23:39] * jtv sets mode: +o bockahontas
[23:39] * jtv sets mode: +o ferakks
[23:39] * jtv sets mode: +o goodgirlmiwa
[23:39] * jtv sets mode: +o bossegrasal
[23:39] * jtv sets mode: +o karleygg
[23:39] * jtv sets mode: +o mecke123
[23:39] * jtv sets mode: +o moobot
[23:40] [DEBUG] routine
[23:40] <paulzzs> Tillbaka dit du var
[23:40] <delivrum1> ༼ つ ◕_◕ ༽つ DUDUDUDUDUDU༼ つ ◕_◕ ༽つ
[23:40] [DEBUG] totalFollower
[23:40] * Disconnected
[23:40] [DEBUG] routine
[23:40] [DEBUG] totalFollower
[23:40] [DEBUG] routine
[23:40] [DEBUG] totalFollower
Session Close: Mon Jun 02 23:40:19 2014
