
Session Start: Wed May 21 23:13:52 2014
Session Ident: jtv
[23:13] Session Ident: jtv (tmi.twitch.tv, nestbot) (jtv@jtv.tmi.twitch.tv)
[23:13] <jtv> HISTORYEND nestoyeur
Session Time: Thu May 22 00:00:00 2014
Session Close: Thu May 22 00:13:40 2014

Session Start: Fri May 23 03:54:48 2014
Session Ident: jtv
[03:54] Session Ident: jtv (tmi.twitch.tv, nestbot) (jtv@jtv.tmi.twitch.tv)
[03:54] <jtv> HISTORYEND nestoyeur
Session Close: Fri May 23 06:16:02 2014

Session Start: Fri May 23 06:16:09 2014
Session Ident: jtv
[06:16] Session Ident: jtv (tmi.twitch.tv, nestbot) (jtv@jtv.tmi.twitch.tv)
[06:16] <jtv> HISTORYEND nestoyeur
Session Close: Fri May 23 06:18:33 2014

Session Start: Fri May 23 06:18:39 2014
Session Ident: jtv
[06:18] Session Ident: jtv (tmi.twitch.tv, nestbot) (jtv@jtv.tmi.twitch.tv)
[06:18] <jtv> HISTORYEND nestoyeur
Session Close: Fri May 23 06:24:02 2014

Session Start: Fri May 23 06:24:08 2014
Session Ident: jtv
[06:24] Session Ident: jtv (tmi.twitch.tv, nestbot) (jtv@jtv.tmi.twitch.tv)
[06:24] <jtv> HISTORYEND nestoyeur
Session Close: Fri May 23 06:51:59 2014

Session Start: Fri May 23 06:52:05 2014
Session Ident: jtv
[06:52] Session Ident: jtv (tmi.twitch.tv, nestbot) (jtv@jtv.tmi.twitch.tv)
[06:52] <jtv> HISTORYEND nestoyeur
Session Close: Fri May 23 07:31:29 2014

Session Start: Fri May 23 07:31:35 2014
Session Ident: jtv
[07:31] Session Ident: jtv (tmi.twitch.tv, nestbot) (jtv@jtv.tmi.twitch.tv)
[07:31] <jtv> HISTORYEND nestoyeur
[07:34] <jtv> HISTORYEND nestoyeur
[07:34] <jtv> HISTORYEND nestoyeur
Session Close: Fri May 23 07:34:05 2014

Session Start: Fri May 23 07:34:10 2014
Session Ident: jtv
[07:34] Session Ident: jtv (tmi.twitch.tv, nestbot) (jtv@jtv.tmi.twitch.tv)
[07:34] <jtv> HISTORYEND nestoyeur
Session Close: Fri May 23 07:36:29 2014

Session Start: Fri May 23 07:36:35 2014
Session Ident: jtv
[07:36] Session Ident: jtv (tmi.twitch.tv, nestbot) (jtv@jtv.tmi.twitch.tv)
[07:36] <jtv> HISTORYEND nestoyeur
Session Close: Fri May 23 07:39:08 2014

Session Start: Fri May 23 07:39:15 2014
Session Ident: jtv
[07:39] Session Ident: jtv (tmi.twitch.tv, nestbot) (jtv@jtv.tmi.twitch.tv)
[07:39] <jtv> HISTORYEND nestoyeur
Session Close: Fri May 23 07:41:02 2014

Session Start: Fri May 23 07:41:08 2014
Session Ident: jtv
[07:41] Session Ident: jtv (tmi.twitch.tv, nestbot) (jtv@jtv.tmi.twitch.tv)
[07:41] <jtv> HISTORYEND nestoyeur
Session Close: Fri May 23 10:13:52 2014

Session Start: Fri May 23 10:13:59 2014
Session Ident: jtv
[10:13] Session Ident: jtv (tmi.twitch.tv, nestbot) (jtv@jtv.tmi.twitch.tv)
[10:13] <jtv> HISTORYEND nestoyeur
Session Close: Fri May 23 10:26:49 2014

Session Start: Fri May 23 10:26:56 2014
Session Ident: jtv
[10:26] Session Ident: jtv (tmi.twitch.tv, nestbot) (jtv@jtv.tmi.twitch.tv)
[10:26] <jtv> HISTORYEND nestoyeur
Session Close: Fri May 23 10:39:23 2014

Session Start: Fri May 23 10:39:41 2014
Session Ident: jtv
[10:39] Session Ident: jtv (tmi.twitch.tv, nestbot) (jtv@jtv.tmi.twitch.tv)
[10:39] <jtv> HISTORYEND morikiopa
[10:56] <jtv> HISTORYEND morikiopa
[10:56] <jtv> HISTORYEND morikiopa
[11:00] <jtv> HISTORYEND morikiopa
[11:00] <jtv> HISTORYEND morikiopa
[11:16] <jtv> HISTORYEND morikiopa
[11:16] <jtv> HISTORYEND morikiopa
[11:19] <jtv> HISTORYEND cryalldaylong
[11:20] <jtv> HISTORYEND nestoyeur
[11:20] <jtv> HISTORYEND morikiopa
[11:25] <jtv> HISTORYEND nestoyeur
[11:25] <jtv> HISTORYEND nestoyeur
Session Close: Fri May 23 12:09:28 2014

Session Start: Fri May 23 12:09:34 2014
Session Ident: jtv
[12:09] Session Ident: jtv (tmi.twitch.tv, nestbot) (jtv@jtv.tmi.twitch.tv)
[12:09] <jtv> HISTORYEND morikiopa
[12:19] <jtv> HISTORYEND morikiopa
[12:19] <jtv> HISTORYEND morikiopa
[12:23] <jtv> HISTORYEND morikiopa
[12:23] <jtv> HISTORYEND morikiopa
[12:31] <jtv> HISTORYEND morikiopa
[12:31] <jtv> HISTORYEND morikiopa
Session Close: Fri May 23 18:55:43 2014

Session Start: Sat May 24 10:21:06 2014
Session Ident: jtv
[10:21] Session Ident: jtv (tmi.twitch.tv, nestbot) (jtv@jtv.tmi.twitch.tv)
[10:21] <jtv> HISTORYEND morikiopa
[10:23] <jtv> HISTORYEND nestoyeur
Session Close: Sat May 24 10:30:11 2014

Session Start: Sat May 24 13:14:32 2014
Session Ident: jtv
[13:14] Session Ident: jtv (tmi.twitch.tv, nestbot) (jtv@jtv.tmi.twitch.tv)
[13:14] <jtv> HISTORYEND nestoyeur
[19:46] <jtv> HISTORYEND nestoyeur
[19:46] <jtv> HISTORYEND nestoyeur
[19:48] <jtv> HISTORYEND nestoyeur
[19:48] <jtv> HISTORYEND nestoyeur
[20:03] <jtv> HISTORYEND nestoyeur
[20:03] <jtv> HISTORYEND nestoyeur
[20:17] <jtv> HISTORYEND nestoyeur
[20:17] <jtv> HISTORYEND nestoyeur
[20:41] <jtv> HISTORYEND nestoyeur
[20:41] <jtv> HISTORYEND nestoyeur
Session Close: Sat May 24 20:42:56 2014

Session Start: Sun May 25 00:31:01 2014
Session Ident: jtv
[00:31] Session Ident: jtv (tmi.twitch.tv, nestbot) (jtv@jtv.tmi.twitch.tv)
[00:31] <jtv> HISTORYEND nestoyeur
[00:46] <jtv> HISTORYEND nestoyeur
[00:46] <jtv> HISTORYEND nestoyeur
[00:48] <jtv> HISTORYEND nestoyeur
[00:48] <jtv> HISTORYEND nestoyeur
[00:50] <jtv> HISTORYEND nestoyeur
[00:50] <jtv> HISTORYEND nestoyeur
[00:51] <jtv> HISTORYEND nestoyeur
[00:51] <jtv> HISTORYEND nestoyeur
[00:52] <jtv> HISTORYEND nestoyeur
[00:52] <jtv> HISTORYEND nestoyeur
[00:55] <jtv> HISTORYEND nestoyeur
[00:55] <jtv> HISTORYEND nestoyeur
[01:33] <jtv> HISTORYEND cptnohard
[01:33] <jtv> HISTORYEND nestoyeur
[01:37] <jtv> HISTORYEND cptnohard
[01:37] <jtv> HISTORYEND cptnohard
[01:42] <jtv> HISTORYEND cptnohard
[01:42] <jtv> HISTORYEND cptnohard
[01:46] <jtv> HISTORYEND cptnohard
[01:46] <jtv> HISTORYEND cptnohard
[01:53] <jtv> HISTORYEND nestoyeur
[01:53] <jtv> HISTORYEND cptnohard
Session Close: Sun May 25 01:53:44 2014

Session Start: Sun May 25 01:53:53 2014
Session Ident: jtv
[01:53] Session Ident: jtv (tmi.twitch.tv, nestbot) (jtv@jtv.tmi.twitch.tv)
[01:53] <jtv> HISTORYEND nestoyeur
[01:56] <jtv> HISTORYEND nestoyeur
[01:56] <jtv> HISTORYEND nestoyeur
Session Close: Sun May 25 01:57:11 2014

Session Start: Sun May 25 01:57:18 2014
Session Ident: jtv
[01:57] Session Ident: jtv (tmi.twitch.tv, nestbot) (jtv@jtv.tmi.twitch.tv)
[01:57] <jtv> HISTORYEND nestoyeur
Session Close: Sun May 25 05:27:50 2014

Session Start: Sun May 25 07:12:02 2014
Session Ident: jtv
[07:12] Session Ident: jtv (tmi.twitch.tv, nestbot) (jtv@jtv.tmi.twitch.tv)
[07:12] <jtv> HISTORYEND nestoyeur
[07:12] <jtv> HISTORYEND nestoyeur
[07:12] <jtv> HISTORYEND nestoyeur
[07:12] <jtv> HISTORYEND nestoyeur
[07:12] <jtv> HISTORYEND nestoyeur
Session Close: Sun May 25 12:23:45 2014

Session Start: Mon May 26 10:33:03 2014
Session Ident: jtv
[10:33] Session Ident: jtv (tmi.twitch.tv, nestbot) (jtv@jtv.tmi.twitch.tv)
[10:33] <jtv> HISTORYEND nestoyeur
[10:39] <jtv> HISTORYEND philosophios
[10:39] <jtv> HISTORYEND nestoyeur
[10:49] <jtv> HISTORYEND philosophios
[10:49] <jtv> HISTORYEND philosophios
[11:05] <jtv> HISTORYEND philosophios
[11:05] <jtv> HISTORYEND philosophios
[11:09] <jtv> HISTORYEND philosophios
[11:09] <jtv> HISTORYEND philosophios
[11:13] <jtv> HISTORYEND philosophios
[11:13] <jtv> HISTORYEND philosophios
[11:16] <jtv> HISTORYEND philosophios
[11:16] <jtv> HISTORYEND philosophios
[11:23] <jtv> HISTORYEND philosophios
[11:23] <jtv> HISTORYEND philosophios
Session Close: Mon May 26 11:27:14 2014

Session Start: Mon May 26 11:27:22 2014
Session Ident: jtv
[11:27] Session Ident: jtv (tmi.twitch.tv, nestbot) (jtv@jtv.tmi.twitch.tv)
[11:27] <jtv> HISTORYEND philosophios
[11:27] <jtv> HISTORYEND philosophios
[11:27] <jtv> HISTORYEND philosophios
[11:50] <jtv> HISTORYEND philosophios
[11:50] <jtv> HISTORYEND philosophios
[11:53] <jtv> HISTORYEND philosophios
[11:53] <jtv> HISTORYEND philosophios
[12:00] <jtv> HISTORYEND philosophios
[12:00] <jtv> HISTORYEND philosophios
[13:00] <jtv> HISTORYEND nestoyeur
[16:38] <jtv> HISTORYEND nestoyeur
[16:38] <jtv> HISTORYEND nestoyeur
Session Close: Mon May 26 16:44:22 2014

Session Start: Mon May 26 16:44:29 2014
Session Ident: jtv
[16:44] Session Ident: jtv (tmi.twitch.tv, nestbot) (jtv@jtv.tmi.twitch.tv)
[16:44] <jtv> HISTORYEND nestoyeur
[16:47] <jtv> HISTORYEND nestoyeur
[16:47] <jtv> HISTORYEND nestoyeur
[18:55] <jtv> HISTORYEND nestoyeur
[18:55] <jtv> HISTORYEND nestoyeur
[18:55] <jtv> HISTORYEND nestoyeur
[18:55] <jtv> HISTORYEND nestoyeur
[19:23] <jtv> HISTORYEND moses_2265
Session Close: Mon May 26 19:26:23 2014

Session Start: Mon May 26 19:33:53 2014
Session Ident: jtv
[19:33] Session Ident: jtv (tmi.twitch.tv, nestbot) (jtv@jtv.tmi.twitch.tv)
[19:33] <jtv> HISTORYEND moses_2265
Session Close: Mon May 26 22:16:45 2014

Session Start: Wed May 28 14:43:11 2014
Session Ident: jtv
[14:43] Session Ident: jtv (tmi.twitch.tv, nestbot) (jtv@jtv.tmi.twitch.tv)
[14:43] <jtv> HISTORYEND moses_2265
[19:01] <jtv> HISTORYEND nestoyeur
[19:01] <jtv> HISTORYEND moses_2265
Session Time: Thu May 29 00:00:00 2014
Session Close: Thu May 29 02:50:16 2014

Session Start: Thu May 29 13:09:51 2014
Session Ident: jtv
[13:09] Session Ident: jtv (tmi.twitch.tv, nestbot) (jtv@jtv.tmi.twitch.tv)
[13:09] <jtv> HISTORYEND nestoyeur
[14:36] <jtv> HISTORYEND kingkongor
[14:36] <jtv> HISTORYEND nestoyeur
[15:30] <jtv> HISTORYEND kingkongor
[15:30] <jtv> HISTORYEND kingkongor
[16:03] <jtv> HISTORYEND kingkongor
[16:03] <jtv> HISTORYEND kingkongor
[16:05] <jtv> HISTORYEND kingkongor
[16:05] <jtv> HISTORYEND kingkongor
Session Close: Thu May 29 16:05:48 2014

Session Start: Thu May 29 16:05:54 2014
Session Ident: jtv
[16:05] Session Ident: jtv (tmi.twitch.tv, nestbot) (jtv@jtv.tmi.twitch.tv)
[16:05] <jtv> HISTORYEND kingkongor
[16:07] <jtv> HISTORYEND kingkongor
[16:07] <jtv> HISTORYEND kingkongor
[16:08] <jtv> HISTORYEND kingkongor
[16:08] <jtv> HISTORYEND kingkongor
[16:09] <jtv> HISTORYEND kingkongor
[16:09] <jtv> HISTORYEND kingkongor
[16:18] <jtv> HISTORYEND nestoyeur
[16:19] <jtv> HISTORYEND nestoyeur
[16:19] <jtv> HISTORYEND nestoyeur
[16:29] <jtv> HISTORYEND nestoyeur
[16:29] <jtv> HISTORYEND nestoyeur
[16:38] <jtv> HISTORYEND nestoyeur
[16:38] <jtv> HISTORYEND nestoyeur
[16:44] <jtv> HISTORYEND kingkongor
[16:44] <jtv> HISTORYEND nestoyeur
Session Close: Thu May 29 18:18:53 2014

Session Start: Thu May 29 18:19:02 2014
Session Ident: jtv
[18:19] Session Ident: jtv (tmi.twitch.tv, nestbot) (jtv@jtv.tmi.twitch.tv)
[18:19] <jtv> HISTORYEND kingkongor
[18:31] <jtv> HISTORYEND kingkongor
[18:31] <jtv> HISTORYEND kingkongor
[21:02] <jtv> HISTORYEND kingkongor
[21:02] <jtv> HISTORYEND kingkongor
Session Time: Fri May 30 00:00:00 2014
Session Close: Fri May 30 01:45:00 2014

Session Start: Sat May 31 09:30:25 2014
Session Ident: jtv
[09:30] Session Ident: jtv (tmi.twitch.tv, nestbot) (jtv@jtv.tmi.twitch.tv)
[09:30] <jtv> HISTORYEND kingkongor
[10:40] <jtv> HISTORYEND nestoyeur
Session Close: Sat May 31 17:18:21 2014

Session Start: Sat May 31 17:18:28 2014
Session Ident: jtv
[17:18] Session Ident: jtv (tmi.twitch.tv, nestbot) (jtv@jtv.tmi.twitch.tv)
[17:18] <jtv> HISTORYEND nestoyeur
Session Close: Sat May 31 17:38:19 2014

Session Start: Sat May 31 17:38:28 2014
Session Ident: jtv
[17:38] Session Ident: jtv (tmi.twitch.tv, nestbot) (jtv@jtv.tmi.twitch.tv)
[17:38] <jtv> HISTORYEND kingkongor
[17:38] <jtv> HISTORYEND kingkongor
[17:38] <jtv> HISTORYEND kingkongor
Session Close: Sat May 31 17:44:19 2014

Session Start: Sat May 31 17:44:26 2014
Session Ident: jtv
[17:44] Session Ident: jtv (tmi.twitch.tv, nestbot) (jtv@jtv.tmi.twitch.tv)
[17:44] <jtv> HISTORYEND kingkongor
Session Close: Sat May 31 17:45:05 2014

Session Start: Sat May 31 17:45:12 2014
Session Ident: jtv
[17:45] Session Ident: jtv (tmi.twitch.tv, nestbot) (jtv@jtv.tmi.twitch.tv)
[17:45] <jtv> HISTORYEND kingkongor
Session Close: Sat May 31 17:47:03 2014

Session Start: Sat May 31 17:47:09 2014
Session Ident: jtv
[17:47] Session Ident: jtv (tmi.twitch.tv, nestbot) (jtv@jtv.tmi.twitch.tv)
[17:47] <jtv> HISTORYEND kingkongor
Session Close: Sat May 31 17:47:59 2014

Session Start: Sat May 31 17:48:05 2014
Session Ident: jtv
[17:48] Session Ident: jtv (tmi.twitch.tv, nestbot) (jtv@jtv.tmi.twitch.tv)
[17:48] <jtv> HISTORYEND kingkongor
Session Close: Sat May 31 17:54:49 2014

Session Start: Sat May 31 17:55:00 2014
Session Ident: jtv
[17:55] Session Ident: jtv (tmi.twitch.tv, nestbot) (jtv@jtv.tmi.twitch.tv)
[17:55] <jtv> HISTORYEND nestoyeur
[18:56] <jtv> HISTORYEND nestoyeur
[18:56] <jtv> HISTORYEND nestoyeur
[18:57] <jtv> HISTORYEND nestoyeur
[18:57] <jtv> HISTORYEND nestoyeur
[19:00] <jtv> HISTORYEND nestoyeur
[19:00] <jtv> HISTORYEND nestoyeur
Session Close: Sat May 31 19:41:35 2014

Session Start: Sat May 31 19:43:42 2014
Session Ident: jtv
[19:43] Session Ident: jtv (tmi.twitch.tv, nestbot) (jtv@jtv.tmi.twitch.tv)
[19:43] <jtv> HISTORYEND nestoyeur
Session Close: Sat May 31 19:49:57 2014

Session Start: Sat May 31 19:50:22 2014
Session Ident: jtv
[19:50] Session Ident: jtv (tmi.twitch.tv, nestbot) (jtv@jtv.tmi.twitch.tv)
[19:50] <jtv> HISTORYEND nestoyeur
Session Close: Sat May 31 19:52:15 2014

Session Start: Sat May 31 19:59:48 2014
Session Ident: jtv
[19:59] Session Ident: jtv (tmi.twitch.tv, nestbot) (jtv@jtv.tmi.twitch.tv)
[19:59] <jtv> HISTORYEND nestoyeur
Session Close: Sat May 31 20:02:32 2014

Session Start: Sat May 31 20:02:39 2014
Session Ident: jtv
[20:02] Session Ident: jtv (tmi.twitch.tv, nestbot) (jtv@jtv.tmi.twitch.tv)
[20:02] <jtv> HISTORYEND nestoyeur
Session Close: Sat May 31 20:04:40 2014

Session Start: Sat May 31 20:05:06 2014
Session Ident: jtv
[20:05] Session Ident: jtv (tmi.twitch.tv, nestbot) (jtv@jtv.tmi.twitch.tv)
[20:05] <jtv> HISTORYEND nestoyeur
Session Close: Sat May 31 20:16:37 2014

Session Start: Sat May 31 20:17:00 2014
Session Ident: jtv
[20:17] Session Ident: jtv (tmi.twitch.tv, nestbot) (jtv@jtv.tmi.twitch.tv)
[20:17] <jtv> HISTORYEND kingkongor
Session Close: Sat May 31 20:17:17 2014

Session Start: Sat May 31 20:17:23 2014
Session Ident: jtv
[20:17] Session Ident: jtv (tmi.twitch.tv, nestbot) (jtv@jtv.tmi.twitch.tv)
[20:17] <jtv> HISTORYEND kingkongor
Session Close: Sat May 31 20:18:28 2014

Session Start: Sat May 31 20:18:34 2014
Session Ident: jtv
[20:18] Session Ident: jtv (tmi.twitch.tv, nestbot) (jtv@jtv.tmi.twitch.tv)
[20:18] <jtv> HISTORYEND kingkongor
Session Close: Sat May 31 20:18:45 2014

Session Start: Sat May 31 20:19:35 2014
Session Ident: jtv
[20:19] Session Ident: jtv (tmi.twitch.tv, nestbot) (jtv@jtv.tmi.twitch.tv)
[20:19] <jtv> HISTORYEND kingkongor
Session Close: Sat May 31 20:23:46 2014

Session Start: Sat May 31 20:27:45 2014
Session Ident: jtv
[20:27] Session Ident: jtv (tmi.twitch.tv, nestbot) (jtv@jtv.tmi.twitch.tv)
[20:27] <jtv> HISTORYEND nestoyeur
Session Close: Sat May 31 20:28:08 2014

Session Start: Sat May 31 20:28:37 2014
Session Ident: jtv
[20:28] Session Ident: jtv (tmi.twitch.tv, nestbot) (jtv@jtv.tmi.twitch.tv)
[20:28] <jtv> HISTORYEND nestoyeur
Session Close: Sat May 31 20:30:57 2014

Session Start: Sat May 31 20:31:44 2014
Session Ident: jtv
[20:31] Session Ident: jtv (tmi.twitch.tv, nestbot) (jtv@jtv.tmi.twitch.tv)
[20:31] <jtv> HISTORYEND nestoyeur
Session Close: Sat May 31 20:34:12 2014

Session Start: Sat May 31 20:34:41 2014
Session Ident: jtv
[20:34] Session Ident: jtv (tmi.twitch.tv, nestbot) (jtv@jtv.tmi.twitch.tv)
[20:34] <jtv> HISTORYEND nestoyeur
Session Close: Sat May 31 20:35:06 2014

Session Start: Sat May 31 20:35:44 2014
Session Ident: jtv
[20:35] Session Ident: jtv (tmi.twitch.tv, nestbot) (jtv@jtv.tmi.twitch.tv)
[20:35] <jtv> HISTORYEND nestoyeur
Session Close: Sat May 31 20:43:35 2014

Session Start: Sat May 31 20:44:20 2014
Session Ident: jtv
[20:44] Session Ident: jtv (tmi.twitch.tv, nestbot) (jtv@jtv.tmi.twitch.tv)
[20:44] <jtv> HISTORYEND nestoyeur
Session Close: Sat May 31 20:51:15 2014

Session Start: Sat May 31 20:52:04 2014
Session Ident: jtv
[20:52] Session Ident: jtv (tmi.twitch.tv, nestbot) (jtv@jtv.tmi.twitch.tv)
[20:52] <jtv> HISTORYEND kingkongor
Session Close: Sat May 31 20:52:20 2014

Session Start: Sat May 31 20:52:38 2014
Session Ident: jtv
[20:52] Session Ident: jtv (tmi.twitch.tv, nestbot) (jtv@jtv.tmi.twitch.tv)
[20:52] <jtv> HISTORYEND kingkongor
Session Close: Sat May 31 20:56:09 2014

Session Start: Sat May 31 20:56:35 2014
Session Ident: jtv
[20:56] Session Ident: jtv (tmi.twitch.tv, nestbot) (jtv@jtv.tmi.twitch.tv)
[20:56] <jtv> HISTORYEND avoidlol
[20:56] <jtv> SPECIALUSER izl admin
Session Close: Sat May 31 20:56:55 2014

Session Start: Sat May 31 20:57:27 2014
Session Ident: jtv
[20:57] Session Ident: jtv (tmi.twitch.tv, nestbot) (jtv@jtv.tmi.twitch.tv)
[20:57] <jtv> HISTORYEND avoidlol
[20:57] <jtv> SPECIALUSER izl admin
Session Close: Sat May 31 21:02:39 2014

Session Start: Sat May 31 21:06:02 2014
Session Ident: jtv
[21:06] Session Ident: jtv (tmi.twitch.tv, nestbot) (jtv@jtv.tmi.twitch.tv)
[21:06] <jtv> HISTORYEND avoidlol
[21:06] <jtv> SPECIALUSER izl admin
Session Close: Sat May 31 21:06:38 2014

Session Start: Sat May 31 21:06:53 2014
Session Ident: jtv
[21:06] <jtv> SPECIALUSER izl admin
[21:06] <jtv> HISTORYEND avoidlol
Session Close: Sat May 31 21:07:09 2014

Session Start: Sat May 31 21:07:29 2014
Session Ident: jtv
[21:07] Session Ident: jtv (tmi.twitch.tv, nestbot) (jtv@jtv.tmi.twitch.tv)
[21:07] <jtv> HISTORYEND avoidlol
[21:07] <jtv> SPECIALUSER izl admin
Session Close: Sat May 31 21:08:18 2014

Session Start: Sat May 31 21:08:35 2014
Session Ident: jtv
[21:08] Session Ident: jtv (tmi.twitch.tv, nestbot) (jtv@jtv.tmi.twitch.tv)
[21:08] <jtv> HISTORYEND avoidlol
[21:08] <jtv> SPECIALUSER izl admin
Session Close: Sat May 31 22:07:00 2014

Session Start: Sat May 31 22:12:25 2014
Session Ident: jtv
[22:12] Session Ident: jtv (tmi.twitch.tv, nestbot) (jtv@jtv.tmi.twitch.tv)
[22:12] <jtv> HISTORYEND avoidlol
[22:12] <jtv> SPECIALUSER izl admin
Session Close: Sat May 31 22:30:32 2014

Session Start: Sat May 31 22:32:49 2014
Session Ident: jtv
[22:32] Session Ident: jtv (tmi.twitch.tv, nestbot) (jtv@jtv.tmi.twitch.tv)
[22:32] <jtv> HISTORYEND avoidlol
[22:32] <jtv> SPECIALUSER izl admin
Session Close: Sat May 31 22:35:40 2014

Session Start: Sat May 31 22:36:45 2014
Session Ident: jtv
[22:36] Session Ident: jtv (tmi.twitch.tv, nestbot) (jtv@jtv.tmi.twitch.tv)
[22:36] <jtv> HISTORYEND avoidlol
[22:36] <jtv> SPECIALUSER izl admin
Session Close: Sat May 31 22:36:57 2014

Session Start: Sat May 31 23:11:59 2014
Session Ident: jtv
[23:11] Session Ident: jtv (tmi.twitch.tv, nestbot) (jtv@jtv.tmi.twitch.tv)
[23:11] <jtv> HISTORYEND avoidlol
[23:11] <jtv> SPECIALUSER izl admin
Session Close: Sat May 31 23:12:49 2014

Session Start: Sat May 31 23:12:57 2014
Session Ident: jtv
[23:12] Session Ident: jtv (tmi.twitch.tv, nestbot) (jtv@jtv.tmi.twitch.tv)
[23:12] <jtv> HISTORYEND avoidlol
[23:12] <jtv> SPECIALUSER izl admin
Session Close: Sat May 31 23:15:07 2014

Session Start: Sat May 31 23:15:14 2014
Session Ident: jtv
[23:15] Session Ident: jtv (tmi.twitch.tv, nestbot) (jtv@jtv.tmi.twitch.tv)
[23:15] <jtv> HISTORYEND avoidlol
[23:15] <jtv> SPECIALUSER izl admin
Session Close: Sat May 31 23:25:14 2014

Session Start: Sat May 31 23:31:04 2014
Session Ident: jtv
[23:31] Session Ident: jtv (tmi.twitch.tv, nestbot) (jtv@jtv.tmi.twitch.tv)
[23:31] <jtv> HISTORYEND avoidlol
[23:31] <jtv> SPECIALUSER izl admin
Session Close: Sat May 31 23:34:35 2014

Session Start: Sat May 31 23:36:40 2014
Session Ident: jtv
[23:36] Session Ident: jtv (tmi.twitch.tv, nestbot) (jtv@jtv.tmi.twitch.tv)
[23:36] <jtv> HISTORYEND moses_2265
Session Close: Sat May 31 23:58:20 2014

Session Start: Sat May 31 23:59:12 2014
Session Ident: jtv
[23:59] Session Ident: jtv (tmi.twitch.tv, nestbot) (jtv@jtv.tmi.twitch.tv)
[23:59] <jtv> HISTORYEND datmodz
Session Time: Sun Jun 01 00:00:00 2014
Session Close: Sun Jun 01 00:35:54 2014

Session Start: Sun Jun 01 00:39:20 2014
Session Ident: jtv
[00:39] Session Ident: jtv (tmi.twitch.tv, nestbot) (jtv@jtv.tmi.twitch.tv)
[00:39] <jtv> HISTORYEND datmodz
Session Close: Sun Jun 01 01:45:13 2014

Session Start: Sun Jun 01 01:45:32 2014
Session Ident: jtv
[01:45] Session Ident: jtv (tmi.twitch.tv, nestbot) (jtv@jtv.tmi.twitch.tv)
[01:45] <jtv> HISTORYEND datmodz
Session Close: Sun Jun 01 01:46:53 2014

Session Start: Sun Jun 01 01:47:13 2014
Session Ident: jtv
[01:47] Session Ident: jtv (tmi.twitch.tv, nestbot) (jtv@jtv.tmi.twitch.tv)
[01:47] <jtv> HISTORYEND datmodz

Session Start: Sun Jun 01 05:38:22 2014
Session Ident: jtv
[05:38] Session Ident: jtv (tmi.twitch.tv, nestbot) (jtv@jtv.tmi.twitch.tv)
[05:38] <jtv> HISTORYEND datmodz
Session Close: Sun Jun 01 06:06:37 2014

Session Start: Sun Jun 01 06:08:59 2014
Session Ident: jtv
[06:08] Session Ident: jtv (tmi.twitch.tv, nestbot) (jtv@jtv.tmi.twitch.tv)
[06:08] <jtv> HISTORYEND nestoyeur
Session Close: Sun Jun 01 08:30:05 2014

Session Start: Sun Jun 01 08:32:06 2014
Session Ident: jtv
[08:32] Session Ident: jtv (tmi.twitch.tv, nestbot) (jtv@jtv.tmi.twitch.tv)
[08:32] <jtv> HISTORYEND nestoyeur
Session Close: Sun Jun 01 11:45:01 2014

Session Start: Mon Jun 02 22:51:45 2014
Session Ident: jtv
[22:51] Session Ident: jtv (tmi.twitch.tv, nestbot) (jtv@jtv.tmi.twitch.tv)
[22:51] <jtv> HISTORYEND nestoyeur
Session Close: Mon Jun 02 22:53:26 2014

Session Start: Mon Jun 02 22:53:50 2014
Session Ident: jtv
[22:53] Session Ident: jtv (tmi.twitch.tv, nestbot) (jtv@jtv.tmi.twitch.tv)
[22:53] <jtv> HISTORYEND teams4e
Session Close: Mon Jun 02 23:35:23 2014

Session Start: Mon Jun 02 23:39:57 2014
Session Ident: jtv
[23:39] Session Ident: jtv (tmi.twitch.tv, nestbot) (jtv@jtv.tmi.twitch.tv)
[23:39] <jtv> HISTORYEND goodgirlmiwa
Session Close: Mon Jun 02 23:40:33 2014

Session Start: Mon Jun 02 23:40:51 2014
Session Ident: jtv
[23:40] Session Ident: jtv (tmi.twitch.tv, nestbot) (jtv@jtv.tmi.twitch.tv)
[23:40] <jtv> HISTORYEND corrosif
Session Time: Tue Jun 03 00:00:00 2014
Session Close: Tue Jun 03 00:53:32 2014

Session Start: Tue Jun 03 00:54:10 2014
Session Ident: jtv
[00:54] Session Ident: jtv (tmi.twitch.tv, nestbot) (jtv@jtv.tmi.twitch.tv)
[00:54] <jtv> HISTORYEND nikki_sonofcarl
Session Close: Tue Jun 03 02:54:53 2014

Session Start: Tue Jun 03 02:55:42 2014
Session Ident: jtv
[02:55] Session Ident: jtv (tmi.twitch.tv, nestbot) (jtv@jtv.tmi.twitch.tv)
[02:55] <jtv> HISTORYEND datmodz
Session Close: Tue Jun 03 17:49:44 2014

Session Start: Tue Jun 03 18:10:00 2014
Session Ident: jtv
[18:10] Session Ident: jtv (tmi.twitch.tv, nestbot) (jtv@jtv.tmi.twitch.tv)
[18:10] <jtv> HISTORYEND corrosif
Session Close: Tue Jun 03 22:24:31 2014

Session Start: Tue Jun 03 22:25:02 2014
Session Ident: jtv
[22:25] Session Ident: jtv (tmi.twitch.tv, nestbot) (jtv@jtv.tmi.twitch.tv)
[22:25] <jtv> HISTORYEND corrosif
[22:46] <jtv> HISTORYEND corrosif
[22:46] <jtv> HISTORYEND corrosif
[22:52] <jtv> HISTORYEND corrosif
[22:52] <jtv> HISTORYEND corrosif
Session Time: Wed Jun 04 00:00:00 2014
Session Close: Wed Jun 04 06:57:56 2014

Session Start: Wed Jun 04 06:59:21 2014
Session Ident: jtv
[06:59] Session Ident: jtv (tmi.twitch.tv, nestbot) (jtv@jtv.tmi.twitch.tv)
[06:59] <jtv> HISTORYEND nestoyeur
Session Close: Wed Jun 04 07:14:03 2014

Session Start: Wed Jun 04 07:14:12 2014
Session Ident: jtv
[07:14] Session Ident: jtv (tmi.twitch.tv, nestbot) (jtv@jtv.tmi.twitch.tv)
[07:14] <jtv> HISTORYEND nestoyeur
Session Close: Wed Jun 04 07:32:42 2014

Session Start: Wed Jun 04 07:32:51 2014
Session Ident: jtv
[07:32] Session Ident: jtv (tmi.twitch.tv, nestbot) (jtv@jtv.tmi.twitch.tv)
[07:32] <jtv> HISTORYEND nestoyeur
Session Close: Wed Jun 04 07:39:16 2014

Session Start: Wed Jun 04 07:39:26 2014
Session Ident: jtv
[07:39] Session Ident: jtv (tmi.twitch.tv, nestbot) (jtv@jtv.tmi.twitch.tv)
[07:39] <jtv> HISTORYEND nestoyeur
Session Close: Wed Jun 04 07:48:24 2014

Session Start: Wed Jun 04 07:48:33 2014
Session Ident: jtv
[07:48] Session Ident: jtv (tmi.twitch.tv, nestbot) (jtv@jtv.tmi.twitch.tv)
[07:48] <jtv> HISTORYEND nestoyeur
Session Close: Wed Jun 04 08:19:32 2014

Session Start: Wed Jun 04 08:20:19 2014
Session Ident: jtv
[08:20] Session Ident: jtv (tmi.twitch.tv, nestbot) (jtv@jtv.tmi.twitch.tv)
[08:20] <jtv> HISTORYEND nestoyeur
Session Close: Wed Jun 04 09:11:31 2014

Session Start: Wed Jun 04 09:16:12 2014
Session Ident: jtv
[09:16] Session Ident: jtv (tmi.twitch.tv, nestbot) (jtv@jtv.tmi.twitch.tv)
[09:16] <jtv> HISTORYEND nestoyeur
Session Close: Wed Jun 04 09:38:41 2014

Session Start: Wed Jun 04 18:06:01 2014
Session Ident: jtv
[18:06] Session Ident: jtv (tmi.twitch.tv, nestbot) (jtv@jtv.tmi.twitch.tv)
[18:06] <jtv> HISTORYEND nestoyeur
Session Close: Wed Jun 04 18:51:35 2014

Session Start: Thu Jun 05 01:43:34 2014
Session Ident: jtv
[01:43] Session Ident: jtv (tmi.twitch.tv, nestbot) (jtv@jtv.tmi.twitch.tv)
[01:43] <jtv> HISTORYEND nestoyeur
Session Close: Thu Jun 05 01:51:16 2014

Session Start: Thu Jun 05 02:04:28 2014
Session Ident: jtv
[02:04] Session Ident: jtv (tmi.twitch.tv, nestbot) (jtv@jtv.tmi.twitch.tv)
[02:04] <jtv> HISTORYEND nestoyeur
Session Close: Thu Jun 05 02:07:31 2014

Session Start: Thu Jun 05 02:11:09 2014
Session Ident: jtv
[02:11] Session Ident: jtv (tmi.twitch.tv, nestbot) (jtv@jtv.tmi.twitch.tv)
[02:11] <jtv> HISTORYEND nestoyeur
Session Close: Thu Jun 05 15:42:56 2014

Session Start: Thu Jun 05 15:49:48 2014
Session Ident: jtv
[15:49] Session Ident: jtv (tmi.twitch.tv, nestbot) (jtv@jtv.tmi.twitch.tv)
[15:49] <jtv> HISTORYEND nestoyeur
Session Close: Thu Jun 05 16:27:47 2014

Session Start: Thu Jun 05 16:28:22 2014
Session Ident: jtv
[16:28] Session Ident: jtv (tmi.twitch.tv, nestbot) (jtv@jtv.tmi.twitch.tv)
[16:28] <jtv> HISTORYEND nestoyeur
Session Close: Thu Jun 05 16:28:46 2014

Session Start: Thu Jun 05 17:30:17 2014
Session Ident: jtv
[17:30] Session Ident: jtv (tmi.twitch.tv, nestbot) (jtv@jtv.tmi.twitch.tv)
[17:30] <jtv> HISTORYEND nestoyeur
Session Close: Thu Jun 05 17:30:49 2014

Session Start: Thu Jun 05 17:30:55 2014
Session Ident: jtv
[17:30] Session Ident: jtv (tmi.twitch.tv, nestbot) (jtv@jtv.tmi.twitch.tv)
[17:30] <jtv> HISTORYEND nestoyeur
[20:36] <jtv> HISTORYEND nestoyeur
[20:36] <jtv> HISTORYEND nestoyeur
Session Close: Thu Jun 05 21:18:16 2014

Session Start: Fri Jun 06 14:16:48 2014
Session Ident: jtv
[14:16] Session Ident: jtv (tmi.twitch.tv, nestbot) (jtv@jtv.tmi.twitch.tv)
[14:16] <jtv> HISTORYEND nestoyeur
Session Close: Fri Jun 06 14:18:48 2014
