
Session Start: Tue Nov 05 06:44:44 2013
Session Ident: jtv
[06:44] Session Ident: jtv (tmi.twitch.tv, nestbot) (jtv@jtv.tmi.twitch.tv)
[06:44] <jtv> HISTORYEND nestoyeur
Session Close: Tue Nov 05 07:25:34 2013

Session Start: Tue Nov 05 07:27:41 2013
Session Ident: jtv
[07:27] Session Ident: jtv (tmi.twitch.tv, nestbot) (jtv@jtv.tmi.twitch.tv)
[07:27] <jtv> HISTORYEND nestoyeur
Session Close: Tue Nov 05 15:22:42 2013

Session Start: Tue Nov 05 17:46:14 2013
Session Ident: jtv
[17:46] Session Ident: jtv (tmi.twitch.tv, nestbot) (jtv@jtv.tmi.twitch.tv)
[17:46] <jtv> HISTORYEND nestoyeur
Session Time: Wed Nov 06 00:00:00 2013
[00:37] <jtv> HISTORYEND nestoyeur
[00:37] <jtv> HISTORYEND nestoyeur
Session Time: Thu Nov 07 00:00:00 2013
Session Time: Fri Nov 08 00:00:00 2013
Session Close: Fri Nov 08 06:18:51 2013

Session Start: Fri Nov 08 13:43:31 2013
Session Ident: jtv
[13:43] Session Ident: jtv (tmi.twitch.tv, nestbot) (jtv@jtv.tmi.twitch.tv)
[13:43] <jtv> HISTORYEND nestoyeur
Session Time: Sat Nov 09 00:00:00 2013
Session Time: Sun Nov 10 00:00:00 2013
Session Close: Sun Nov 10 08:30:53 2013

Session Start: Sun Nov 10 08:31:04 2013
Session Ident: jtv
[08:31] Session Ident: jtv (tmi.twitch.tv, nestbot) (jtv@jtv.tmi.twitch.tv)
[08:31] <jtv> HISTORYEND nestoyeur
[08:53] <jtv> Your message was not sent because you are sending messages too quickly.
[08:53] <jtv> Your message was not sent because you are sending messages too quickly.
[08:54] <jtv> Your message was not sent because you are sending messages too quickly.
[08:54] <jtv> Your message was not sent because you are sending messages too quickly.
[08:56] <jtv> Your message was not sent because you are sending messages too quickly.
[08:56] <jtv> Your message was not sent because you are sending messages too quickly.
[08:58] <jtv> Your message was not sent because you are sending messages too quickly.
[17:38] <jtv> Your message was not sent because it is identical to the previous one you sent, less than 30 seconds ago.
[23:33] <jtv> Your message was not sent because you are sending messages too quickly.
Session Close: Sun Nov 10 23:34:02 2013

Session Start: Sun Nov 10 23:39:51 2013
Session Ident: jtv
[23:39] Session Ident: jtv (tmi.twitch.tv, nestbot) (jtv@jtv.tmi.twitch.tv)
[23:39] <jtv> HISTORYEND nestoyeur
Session Time: Mon Nov 11 00:00:00 2013
[00:27] * nestbot test
Session Close: Mon Nov 11 00:28:34 2013

Session Start: Mon Nov 11 00:30:10 2013
Session Ident: jtv
[00:30] Session Ident: jtv (tmi.twitch.tv, nestbot) (jtv@jtv.tmi.twitch.tv)
[00:30] <jtv> HISTORYEND nestoyeur
[00:30] <jtv> HISTORYEND nestoyeur
[00:31] <jtv> HISTORYEND nestoyeur
[00:31] <jtv> HISTORYEND nestoyeur
Session Time: Tue Nov 12 00:00:00 2013
Session Close: Tue Nov 12 02:42:45 2013

Session Start: Tue Nov 12 02:48:07 2013
Session Ident: jtv
[02:48] Session Ident: jtv (tmi.twitch.tv, nestbot) (jtv@jtv.tmi.twitch.tv)
[02:48] <jtv> HISTORYEND nestoyeur
Session Close: Tue Nov 12 02:48:10 2013

Session Start: Tue Nov 12 02:49:56 2013
Session Ident: jtv
[02:49] Session Ident: jtv (tmi.twitch.tv, nestbot) (jtv@jtv.tmi.twitch.tv)
[02:49] <jtv> HISTORYEND nestoyeur
[20:11] <jtv> Your message was not sent because you are sending messages too quickly.
Session Time: Wed Nov 13 00:00:00 2013
Session Close: Wed Nov 13 12:06:15 2013

Session Start: Wed Nov 13 12:07:54 2013
Session Ident: jtv
[12:07] Session Ident: jtv (tmi.twitch.tv, nestbot) (jtv@jtv.tmi.twitch.tv)
[12:07] <jtv> HISTORYEND nestoyeur
[12:42] <jtv> Your message was not sent because it is identical to the previous one you sent, less than 30 seconds ago.
Session Close: Wed Nov 13 14:23:05 2013

Session Start: Wed Nov 13 14:24:55 2013
Session Ident: jtv
[14:24] Session Ident: jtv (tmi.twitch.tv, nestbot) (jtv@jtv.tmi.twitch.tv)
[14:24] <jtv> HISTORYEND nestoyeur
Session Close: Wed Nov 13 14:32:44 2013

Session Start: Wed Nov 13 14:34:13 2013
Session Ident: jtv
[14:34] Session Ident: jtv (tmi.twitch.tv, nestbot) (jtv@jtv.tmi.twitch.tv)
[14:34] <jtv> HISTORYEND nestoyeur
[15:30] <jtv> Your message was not sent because you are sending messages too quickly.
[21:12] <jtv> Your message was not sent because it is identical to the previous one you sent, less than 30 seconds ago.
Session Time: Thu Nov 14 00:00:00 2013
[13:11] <jtv> Your message was not sent because it is identical to the previous one you sent, less than 30 seconds ago.
Session Close: Thu Nov 14 20:51:14 2013

Session Start: Thu Nov 14 20:53:05 2013
Session Ident: jtv
[20:53] Session Ident: jtv (tmi.twitch.tv, nestbot) (jtv@jtv.tmi.twitch.tv)
[20:53] <jtv> HISTORYEND nestoyeur
[20:53] <jtv> Your message was not sent because you are sending messages too quickly.
[22:49] <jtv> Your message was not sent because it is identical to the previous one you sent, less than 30 seconds ago.
Session Time: Fri Nov 15 00:00:00 2013
[13:04] <jtv> Your message was not sent because it is identical to the previous one you sent, less than 30 seconds ago.
Session Time: Sat Nov 16 00:00:00 2013
[04:33] <jtv> Your message was not sent because it is identical to the previous one you sent, less than 30 seconds ago.
[22:16] <jtv> HISTORYEND nestoyeur
[22:16] <jtv> HISTORYEND nestoyeur
Session Time: Sun Nov 17 00:00:00 2013
[09:51] <jtv> Your message was not sent because you are sending messages too quickly.
[10:49] <jtv> HISTORYEND yuukii_san
[10:52] <jtv> HISTORYEND nestoyeur
[10:52] <jtv> HISTORYEND nightside_clan
[10:52] <jtv> HISTORYEND tiignon
[10:52] <jtv> HISTORYEND nestoyeur
[10:52] <jtv> HISTORYEND ulquima
[10:52] <jtv> HISTORYEND yuukii_san
[11:00] <jtv> HISTORYEND nestoyeur
[11:00] <jtv> HISTORYEND nestoyeur
[12:30] <jtv> Your message was not sent because it is identical to the previous one you sent, less than 30 seconds ago.
Session Time: Mon Nov 18 00:00:00 2013
[07:32] <nestbot> t
[09:40] <jtv> Your message was not sent because you are sending messages too quickly.
[10:34] <jtv> Your message was not sent because it is identical to the previous one you sent, less than 30 seconds ago.
[11:22] <jtv> Your message was not sent because it is identical to the previous one you sent, less than 30 seconds ago.
[19:30] <jtv> Your message was not sent because it is identical to the previous one you sent, less than 30 seconds ago.
Session Close: Mon Nov 18 22:56:24 2013

Session Start: Mon Nov 18 23:00:48 2013
Session Ident: jtv
[23:00] Session Ident: jtv (tmi.twitch.tv, nestbot) (jtv@jtv.tmi.twitch.tv)
[23:00] <jtv> HISTORYEND nestoyeur
[23:10] <jtv> Your message was not sent because it is identical to the previous one you sent, less than 30 seconds ago.
Session Time: Tue Nov 19 00:00:00 2013
Session Close: Tue Nov 19 07:08:52 2013

Session Start: Tue Nov 19 07:09:00 2013
Session Ident: jtv
[07:09] Session Ident: jtv (tmi.twitch.tv, nestbot) (jtv@jtv.tmi.twitch.tv)
[07:09] <jtv> HISTORYEND nestoyeur

Session Start: Tue Nov 19 11:50:04 2013
Session Ident: jtv
[11:50] Session Ident: jtv (tmi.twitch.tv, nestbot) (jtv@jtv.tmi.twitch.tv)
[11:50] <jtv> HISTORYEND nestoyeur
[11:57] <jtv> Your message was not sent because it is identical to the previous one you sent, less than 30 seconds ago.
[14:21] <jtv> Your message was not sent because it is identical to the previous one you sent, less than 30 seconds ago.
[15:56] <jtv> Your message was not sent because it is identical to the previous one you sent, less than 30 seconds ago.
[15:57] <jtv> Your message was not sent because it is identical to the previous one you sent, less than 30 seconds ago.
[16:01] <jtv> Your message was not sent because it is identical to the previous one you sent, less than 30 seconds ago.
[16:22] <jtv> Your message was not sent because it is identical to the previous one you sent, less than 30 seconds ago.
Session Time: Wed Nov 20 00:00:00 2013
[05:38] <jtv> Your message was not sent because you are sending messages too quickly.
Session Close: Wed Nov 20 09:29:55 2013

Session Start: Wed Nov 20 09:30:04 2013
Session Ident: jtv
[09:30] Session Ident: jtv (tmi.twitch.tv, nestbot) (jtv@jtv.tmi.twitch.tv)
[09:30] <jtv> HISTORYEND nestoyeur
Session Close: Wed Nov 20 11:03:23 2013

Session Start: Wed Nov 20 11:12:32 2013
Session Ident: jtv
[11:12] Session Ident: jtv (tmi.twitch.tv, nestbot) (jtv@jtv.tmi.twitch.tv)
[11:12] <jtv> HISTORYEND nestoyeur
Session Time: Thu Nov 21 00:00:00 2013
Session Close: Thu Nov 21 04:45:26 2013

Session Start: Thu Nov 21 04:47:23 2013
Session Ident: jtv
[04:47] Session Ident: jtv (tmi.twitch.tv, nestbot) (jtv@jtv.tmi.twitch.tv)
[04:47] <jtv> HISTORYEND nestoyeur
Session Close: Thu Nov 21 15:11:35 2013

Session Start: Thu Nov 21 15:15:39 2013
Session Ident: jtv
[15:15] Session Ident: jtv (tmi.twitch.tv, nestbot) (jtv@jtv.tmi.twitch.tv)
[15:15] <jtv> HISTORYEND nestoyeur
Session Time: Fri Nov 22 00:00:00 2013
Session Time: Sat Nov 23 00:00:00 2013

Session Start: Sun Nov 24 04:19:21 2013
Session Ident: jtv
[04:19] Session Ident: jtv (tmi.twitch.tv, nestbot) (jtv@jtv.tmi.twitch.tv)
[04:19] <jtv> HISTORYEND nestoyeur
Session Close: Sun Nov 24 04:19:38 2013

Session Start: Sun Nov 24 04:24:27 2013
Session Ident: jtv
[04:24] Session Ident: jtv (tmi.twitch.tv, nestbot) (jtv@jtv.tmi.twitch.tv)
[04:24] <jtv> HISTORYEND nestoyeur
Session Close: Sun Nov 24 12:12:02 2013

Session Start: Sun Nov 24 12:13:26 2013
Session Ident: jtv
[12:13] Session Ident: jtv (tmi.twitch.tv, nestbot) (jtv@jtv.tmi.twitch.tv)
[12:13] <jtv> HISTORYEND nestoyeur
Session Time: Mon Nov 25 00:00:00 2013
[11:14] <jtv> HISTORYEND nestoyeur
[11:14] <jtv> HISTORYEND nestoyeur
[15:13] <jtv> HISTORYEND nestoyeur
[15:13] <jtv> HISTORYEND nestoyeur
[15:36] <jtv> HISTORYEND nestoyeur
[15:36] <jtv> HISTORYEND nestoyeur
Session Time: Tue Nov 26 00:00:00 2013
Session Time: Wed Nov 27 00:00:00 2013
Session Close: Wed Nov 27 06:51:27 2013

Session Start: Wed Nov 27 06:55:47 2013
Session Ident: jtv
[06:55] Session Ident: jtv (tmi.twitch.tv, nestbot) (jtv@jtv.tmi.twitch.tv)
[06:55] <jtv> HISTORYEND nestoyeur
[14:52] <jtv> HISTORYEND nestoyeur
Session Time: Thu Nov 28 00:00:00 2013
Session Close: Thu Nov 28 09:17:20 2013

Session Start: Thu Nov 28 09:19:26 2013
Session Ident: jtv
[09:19] Session Ident: jtv (tmi.twitch.tv, nestbot) (jtv@jtv.tmi.twitch.tv)
[09:19] <jtv> HISTORYEND nestoyeur
Session Time: Fri Nov 29 00:00:00 2013
Session Close: Fri Nov 29 11:59:18 2013

Session Start: Fri Nov 29 12:04:50 2013
Session Ident: jtv
[12:04] Session Ident: jtv (tmi.twitch.tv, nestbot) (jtv@jtv.tmi.twitch.tv)
[12:04] <jtv> HISTORYEND nestoyeur
Session Close: Fri Nov 29 21:38:48 2013

Session Start: Fri Nov 29 21:39:29 2013
Session Ident: jtv
[21:39] Session Ident: jtv (tmi.twitch.tv, nestbot) (jtv@jtv.tmi.twitch.tv)
[21:39] <jtv> HISTORYEND nestoyeur
Session Close: Fri Nov 29 23:12:46 2013

Session Start: Fri Nov 29 23:16:49 2013
Session Ident: jtv
[23:16] Session Ident: jtv (tmi.twitch.tv, nestbot) (jtv@jtv.tmi.twitch.tv)
[23:16] <jtv> HISTORYEND nestoyeur
Session Time: Sat Nov 30 00:00:00 2013
Session Close: Sat Nov 30 16:03:24 2013

Session Start: Sun Dec 01 13:22:25 2013
Session Ident: jtv
[13:22] Session Ident: jtv (tmi.twitch.tv, nestbot) (jtv@jtv.tmi.twitch.tv)
[13:22] <jtv> HISTORYEND nestoyeur
Session Close: Sun Dec 01 13:36:13 2013

Session Start: Sun Dec 01 13:38:21 2013
Session Ident: jtv
[13:38] Session Ident: jtv (tmi.twitch.tv, nestbot) (jtv@jtv.tmi.twitch.tv)
[13:38] <jtv> HISTORYEND nestoyeur
Session Close: Sun Dec 01 14:07:00 2013

Session Start: Sun Dec 01 14:13:20 2013
Session Ident: jtv
[14:13] Session Ident: jtv (tmi.twitch.tv, nestbot) (jtv@jtv.tmi.twitch.tv)
[14:13] <jtv> HISTORYEND nestoyeur
[14:14] <jtv> HISTORYEND nestoyeur
[14:14] <jtv> HISTORYEND nestoyeur
Session Time: Mon Dec 02 00:00:00 2013
Session Close: Mon Dec 02 12:24:52 2013

Session Start: Mon Dec 02 12:26:47 2013
Session Ident: jtv
[12:26] Session Ident: jtv (tmi.twitch.tv, nestbot) (jtv@jtv.tmi.twitch.tv)
[12:26] <jtv> HISTORYEND nestoyeur
Session Time: Tue Dec 03 00:00:00 2013

Session Start: Tue Dec 03 04:25:31 2013
Session Ident: jtv
[04:25] Session Ident: jtv (tmi.twitch.tv, nestbot) (jtv@jtv.tmi.twitch.tv)
[04:25] <jtv> HISTORYEND nestoyeur
Session Close: Tue Dec 03 16:23:30 2013

Session Start: Tue Dec 03 16:23:49 2013
Session Ident: jtv
[16:23] Session Ident: jtv (tmi.twitch.tv, nestbot) (jtv@jtv.tmi.twitch.tv)
[16:23] <jtv> HISTORYEND nestoyeur
Session Time: Wed Dec 04 00:00:00 2013
Session Close: Wed Dec 04 13:20:32 2013

Session Start: Wed Dec 04 13:22:41 2013
Session Ident: jtv
[13:22] Session Ident: jtv (tmi.twitch.tv, nestbot) (jtv@jtv.tmi.twitch.tv)
[13:22] <jtv> HISTORYEND nestoyeur
Session Time: Thu Dec 05 00:00:00 2013
Session Close: Thu Dec 05 18:26:03 2013

Session Start: Thu Dec 05 18:28:34 2013
Session Ident: jtv
[18:28] Session Ident: jtv (tmi.twitch.tv, nestbot) (jtv@jtv.tmi.twitch.tv)
[18:28] <jtv> HISTORYEND nestoyeur
Session Time: Fri Dec 06 00:00:00 2013
Session Time: Sat Dec 07 00:00:00 2013
Session Close: Sat Dec 07 03:07:22 2013

Session Start: Sat Dec 07 03:09:12 2013
Session Ident: jtv
[03:09] Session Ident: jtv (tmi.twitch.tv, nestbot) (jtv@jtv.tmi.twitch.tv)
[03:09] <jtv> HISTORYEND nestoyeur
Session Time: Sun Dec 08 00:00:00 2013

Session Start: Sun Dec 08 01:58:18 2013
Session Ident: jtv
[01:58] Session Ident: jtv (tmi.twitch.tv, nestbot) (jtv@jtv.tmi.twitch.tv)
[01:58] <jtv> HISTORYEND nestoyeur
Session Close: Sun Dec 08 16:26:18 2013

Session Start: Sun Dec 08 16:27:51 2013
Session Ident: jtv
[16:27] Session Ident: jtv (tmi.twitch.tv, nestbot) (jtv@jtv.tmi.twitch.tv)
[16:27] <jtv> HISTORYEND nestoyeur
Session Time: Mon Dec 09 00:00:00 2013
Session Time: Tue Dec 10 00:00:01 2013
Session Close: Tue Dec 10 12:26:39 2013

Session Start: Tue Dec 10 12:28:34 2013
Session Ident: jtv
[12:28] Session Ident: jtv (tmi.twitch.tv, nestbot) (jtv@jtv.tmi.twitch.tv)
[12:28] <jtv> HISTORYEND nestoyeur
Session Close: Tue Dec 10 14:58:46 2013

Session Start: Tue Dec 10 15:21:53 2013
Session Ident: jtv
[15:21] Session Ident: jtv (tmi.twitch.tv, nestbot) (jtv@jtv.tmi.twitch.tv)
[15:21] <jtv> HISTORYEND nestoyeur
Session Close: Tue Dec 10 15:23:36 2013

Session Start: Tue Dec 10 15:24:00 2013
Session Ident: jtv
[15:24] Session Ident: jtv (tmi.twitch.tv, nestbot) (jtv@jtv.tmi.twitch.tv)
[15:24] <jtv> HISTORYEND nestoyeur
[15:24] <jtv> HISTORYEND nestoyeur
[15:24] <jtv> HISTORYEND nestoyeur
Session Time: Wed Dec 11 00:00:00 2013
Session Close: Wed Dec 11 08:12:18 2013

Session Start: Wed Dec 11 11:15:50 2013
Session Ident: jtv
[11:15] Session Ident: jtv (tmi.twitch.tv, nestbot) (jtv@jtv.tmi.twitch.tv)
[11:15] <jtv> HISTORYEND nestoyeur
Session Close: Wed Dec 11 11:16:44 2013

Session Start: Wed Dec 11 11:29:31 2013
Session Ident: jtv
[11:29] Session Ident: jtv (tmi.twitch.tv, nestbot) (jtv@jtv.tmi.twitch.tv)
[11:29] <jtv> HISTORYEND nestoyeur
Session Time: Thu Dec 12 00:00:00 2013
Session Close: Thu Dec 12 11:38:51 2013

Session Start: Thu Dec 12 11:44:24 2013
Session Ident: jtv
[11:44] Session Ident: jtv (tmi.twitch.tv, nestbot) (jtv@jtv.tmi.twitch.tv)
[11:44] <jtv> HISTORYEND nestoyeur
Session Time: Fri Dec 13 00:00:00 2013
Session Close: Fri Dec 13 07:51:28 2013

Session Start: Fri Dec 13 08:17:25 2013
Session Ident: jtv
[08:17] Session Ident: jtv (tmi.twitch.tv, nestbot) (jtv@jtv.tmi.twitch.tv)
[08:17] <jtv> HISTORYEND nestoyeur
Session Close: Fri Dec 13 19:11:15 2013

Session Start: Fri Dec 13 19:13:05 2013
Session Ident: jtv
[19:13] Session Ident: jtv (tmi.twitch.tv, nestbot) (jtv@jtv.tmi.twitch.tv)
[19:13] <jtv> HISTORYEND nestoyeur
Session Close: Fri Dec 13 19:41:15 2013

Session Start: Fri Dec 13 20:11:49 2013
Session Ident: jtv
[20:11] Session Ident: jtv (tmi.twitch.tv, nestbot) (jtv@jtv.tmi.twitch.tv)
[20:11] <jtv> HISTORYEND nestoyeur
Session Time: Sat Dec 14 00:00:00 2013
Session Close: Sat Dec 14 22:25:04 2013

Session Start: Sat Dec 14 22:32:00 2013
Session Ident: jtv
[22:32] Session Ident: jtv (tmi.twitch.tv, nestbot) (jtv@jtv.tmi.twitch.tv)
[22:32] <jtv> HISTORYEND nestoyeur
Session Time: Sun Dec 15 00:00:00 2013
Session Time: Mon Dec 16 00:00:00 2013
Session Close: Mon Dec 16 06:59:30 2013

Session Start: Mon Dec 16 07:03:09 2013
Session Ident: jtv
[07:03] Session Ident: jtv (tmi.twitch.tv, nestbot) (jtv@jtv.tmi.twitch.tv)
[07:03] <jtv> HISTORYEND nestoyeur
Session Close: Mon Dec 16 19:21:52 2013

Session Start: Mon Dec 16 19:26:35 2013
Session Ident: jtv
[19:26] Session Ident: jtv (tmi.twitch.tv, nestbot) (jtv@jtv.tmi.twitch.tv)
[19:26] <jtv> HISTORYEND nestoyeur
Session Time: Tue Dec 17 00:00:00 2013
Session Time: Wed Dec 18 00:00:00 2013
Session Close: Wed Dec 18 18:10:02 2013

Session Start: Wed Dec 18 18:12:46 2013
Session Ident: jtv
[18:12] Session Ident: jtv (tmi.twitch.tv, nestbot) (jtv@jtv.tmi.twitch.tv)
[18:12] <jtv> HISTORYEND nestoyeur
Session Close: Wed Dec 18 19:53:54 2013

Session Start: Wed Dec 18 20:00:42 2013
Session Ident: jtv
[20:00] Session Ident: jtv (tmi.twitch.tv, nestbot) (jtv@jtv.tmi.twitch.tv)
[20:00] <jtv> HISTORYEND nestoyeur
Session Time: Thu Dec 19 00:00:00 2013

Session Start: Thu Dec 19 18:08:27 2013
Session Ident: jtv
[18:08] Session Ident: jtv (tmi.twitch.tv, nestbot) (jtv@jtv.tmi.twitch.tv)
[18:08] <jtv> HISTORYEND nestoyeur
Session Close: Thu Dec 19 18:11:43 2013

Session Start: Thu Dec 19 18:11:58 2013
Session Ident: jtv
[18:11] Session Ident: jtv (tmi.twitch.tv, nestbot) (jtv@jtv.tmi.twitch.tv)
[18:11] <jtv> HISTORYEND nestoyeur
Session Time: Fri Dec 20 00:00:00 2013
Session Time: Sat Dec 21 00:00:00 2013
Session Close: Sat Dec 21 08:19:10 2013

Session Start: Sat Dec 21 08:31:32 2013
Session Ident: jtv
[08:31] Session Ident: jtv (tmi.twitch.tv, nestbot) (jtv@jtv.tmi.twitch.tv)
[08:31] <jtv> HISTORYEND nestoyeur
Session Close: Sat Dec 21 09:00:03 2013

Session Start: Sat Dec 21 16:12:35 2013
Session Ident: jtv
[16:12] Session Ident: jtv (tmi.twitch.tv, nestbot) (jtv@jtv.tmi.twitch.tv)
[16:12] <jtv> HISTORYEND nestoyeur

Session Start: Wed May 21 21:24:11 2014
Session Ident: jtv
[21:24] Session Ident: jtv (tmi.twitch.tv, nestbot) (jtv@jtv.tmi.twitch.tv)
[21:24] <jtv> HISTORYEND nestoyeur
Session Time: Thu May 22 00:00:00 2014
Session Close: Thu May 22 00:13:43 2014
