
Session Start: Wed Nov 20 16:15:41 2013
Session Ident: #al3roth
[16:15] * Now talking in #al3roth
[16:28] * Joins: al3roth (al3roth@al3roth.tmi.twitch.tv)
[16:29] * jtv sets mode: +o al3roth
[22:52] * Parts: @al3roth (al3roth@al3roth.tmi.twitch.tv)
[22:53] * jtv sets mode: -o al3roth
Session Time: Thu Nov 21 00:00:00 2013
[04:45] * Disconnected
Session Close: Thu Nov 21 04:45:23 2013

Session Start: Wed Nov 27 07:06:06 2013
Session Ident: #al3roth
[07:06] * Now talking in #al3roth
Session Time: Thu Nov 28 00:00:00 2013
[09:17] * Disconnected
Session Close: Thu Nov 28 09:17:20 2013

Session Start: Thu Nov 28 09:44:12 2013
Session Ident: #al3roth
[09:44] * Now talking in #al3roth
Session Time: Fri Nov 29 00:00:00 2013
[11:59] * Disconnected
Session Close: Fri Nov 29 11:59:15 2013

Session Start: Fri Nov 29 12:04:57 2013
Session Ident: #al3roth
[12:04] * Now talking in #al3roth
[23:12] * Disconnected
Session Close: Fri Nov 29 23:12:47 2013

Session Start: Fri Nov 29 23:17:21 2013
Session Ident: #al3roth
[23:17] * Now talking in #al3roth
Session Time: Sat Nov 30 00:00:00 2013
[16:03] * Disconnected
Session Close: Sat Nov 30 16:03:21 2013

Session Start: Sun Dec 01 13:30:53 2013
Session Ident: #al3roth
[13:30] * Now talking in #al3roth

Session Start: Sun Dec 01 13:38:37 2013
Session Ident: #al3roth
[13:38] * Now talking in #al3roth
[14:06] * Disconnected
Session Close: Sun Dec 01 14:06:54 2013

Session Start: Sun Dec 01 14:13:21 2013
Session Ident: #al3roth
[14:13] * Now talking in #al3roth
Session Time: Mon Dec 02 00:00:00 2013
[12:24] * Disconnected
Session Close: Mon Dec 02 12:24:49 2013

Session Start: Mon Dec 02 12:28:34 2013
Session Ident: #al3roth
[12:28] * Now talking in #al3roth
Session Time: Tue Dec 03 00:00:00 2013

Session Start: Tue Dec 03 00:12:12 2013
Session Ident: #al3roth
[00:12] * Now talking in #al3roth
[00:12] * Disconnected
Session Close: Tue Dec 03 00:12:23 2013

Session Start: Tue Dec 03 16:23:37 2013
Session Ident: #al3roth
[16:23] * Now talking in #al3roth
[16:23] * Disconnected
Session Close: Tue Dec 03 16:23:39 2013
Session Time: Wed Dec 04 00:00:00 2013
[13:20] * Disconnected
Session Close: Wed Dec 04 13:20:42 2013

Session Start: Wed Dec 04 13:30:22 2013
Session Ident: #al3roth
[13:30] * Now talking in #al3roth
Session Time: Thu Dec 05 00:00:00 2013
[18:25] * Disconnected
Session Close: Thu Dec 05 18:25:59 2013

Session Start: Thu Dec 05 18:28:50 2013
Session Ident: #al3roth
[18:28] * Now talking in #al3roth
Session Time: Fri Dec 06 00:00:00 2013
Session Time: Sat Dec 07 00:00:00 2013
[03:07] * Disconnected
Session Close: Sat Dec 07 03:07:17 2013

Session Start: Sat Dec 07 15:33:04 2013
Session Ident: #al3roth
[15:33] * Now talking in #al3roth
Session Time: Sun Dec 08 00:00:00 2013
[01:56] * Disconnected
Session Close: Sun Dec 08 01:56:10 2013

Session Start: Sun Dec 08 01:58:15 2013
Session Ident: #al3roth
[01:58] * Now talking in #al3roth
[16:26] * Disconnected
Session Close: Sun Dec 08 16:26:12 2013

Session Start: Sun Dec 08 16:39:09 2013
Session Ident: #al3roth
[16:39] * Now talking in #al3roth

Session Start: Sun Dec 08 17:01:03 2013
Session Ident: #al3roth
[17:01] * Now talking in #al3roth
[17:01] * Disconnected
Session Close: Sun Dec 08 17:01:04 2013
Session Close: Sun Dec 08 19:41:23 2013
