
Session Start: Mon Nov 18 13:08:55 2013
Session Ident: #preludetv3
[13:08] * Now talking in #preludetv3
[13:09] * Joins: tiignon (tiignon@tiignon.tmi.twitch.tv)
[13:14] * Joins: huzzl (huzzl@huzzl.tmi.twitch.tv)
[13:20] * Parts: huzzl (huzzl@huzzl.tmi.twitch.tv)
[13:23] * Joins: preludetv3 (preludetv3@preludetv3.tmi.twitch.tv)
[13:24] * jtv sets mode: +o preludetv3
[14:07] <nestoyeur> olléééé
[14:19] <nestoyeur> ahah tiignon ta mis la cam <3
[14:20] <nestoyeur> on vois que tu te fais chier entre deux tour
[14:20] <nestoyeur> oui oui
[14:20] <nestoyeur> t'aurais pu mettre miss truc machin jinx epic boobs dans ce cas ^^
[14:21] <nestoyeur> bon j'vias chercher mes cleup a tte -.-
[14:24] * Joins: huzzl (huzzl@huzzl.tmi.twitch.tv)
[14:29] * Parts: huzzl (huzzl@huzzl.tmi.twitch.tv)
[14:42] * Joins: versailleslove (versailleslove@versailleslove.tmi.twitch.tv)
[14:43] * Parts: versailleslove (versailleslove@versailleslove.tmi.twitch.tv)
[14:44] * Joins: versailleslove (versailleslove@versailleslove.tmi.twitch.tv)
[14:47] <@preludetv3> jqi eu un blue screen .5
[14:47] <versailleslove> lol
[14:48] <@preludetv3> jai ;on dd qui est entrain de mourir
[14:48] <@preludetv3> faut que je le change vite
[14:49] <versailleslove> change de pc plutot non? :d
[14:49] <@preludetv3> pour linstant ca ;e coute ;oins cher de changer de dd
[14:49] <@preludetv3> aaah tin de clavier en qwerty
[14:50] <versailleslove> xd
[14:51] <@preludetv3> le pc ne demarre plus
[14:52] <@preludetv3> ah mon dd avait planter
[14:52] <@preludetv3> jai un vieux dd branche en usb
[14:53] <@preludetv3> jtexplique pas le bordel aue cest avec les fils xD
[14:54] <versailleslove> t'es serieux
[14:54] <@preludetv3> oue
[14:55] <@preludetv3> a force de cramer les dd jsuis oblige de prendre ceux qui sont encore en viem les vieux
[14:55] <versailleslove> lol
[14:56] * Parts: tiignon (tiignon@tiignon.tmi.twitch.tv)
[14:58] * Joins: tiignon (tiignon@tiignon.tmi.twitch.tv)
[15:17] <nestoyeur> oublie pas la cheminé ! ;p moi j'file dormir ;) bon stream poulet ^^
[15:18] <tiignon> niwit :)
[15:20] * Joins: zed_septe (zed_septe@zed_septe.tmi.twitch.tv)
[15:23] * Parts: zed_septe (zed_septe@zed_septe.tmi.twitch.tv)
[16:04] * Parts: versailleslove (versailleslove@versailleslove.tmi.twitch.tv)
[16:05] * Joins: versailleslove (versailleslove@versailleslove.tmi.twitch.tv)
[16:07] * Parts: versailleslove (versailleslove@versailleslove.tmi.twitch.tv)
[16:08] * Parts: @preludetv3 (preludetv3@preludetv3.tmi.twitch.tv)
[16:08] * jtv sets mode: -o preludetv3
[16:09] * Joins: versailleslove (versailleslove@versailleslove.tmi.twitch.tv)
[16:22] * Parts: tiignon (tiignon@tiignon.tmi.twitch.tv)
[16:30] * Joins: preludetv3 (preludetv3@preludetv3.tmi.twitch.tv)
[16:30] * jtv sets mode: +o preludetv3
[16:32] <@preludetv3> versaille jai eu une couille sur mon pc et je suis oblige de faire une restauration systeme
[16:32] <@preludetv3> du coup jaurai plus rien dinstalle dessus une fois la restauration fini
[16:33] <@preludetv3> je sais pas si je pourrai etre la ce soir ;ais jespere que je pourrai
[16:33] * Parts: versailleslove (versailleslove@versailleslove.tmi.twitch.tv)
[17:27] * Joins: lordcarbu (lordcarbu@lordcarbu.tmi.twitch.tv)
[17:28] <lordcarbu> sinon en fait tu stream que dalle la XD
[17:28] <lordcarbu> a part un ecran figée
[17:29] <@preludetv3> ah bon?
[17:29] <@preludetv3> merde :(
[17:31] * Joins: bnahabra (bnahabra@bnahabra.tmi.twitch.tv)
[17:34] * Parts: bnahabra (bnahabra@bnahabra.tmi.twitch.tv)
[17:35] * Parts: lordcarbu (lordcarbu@lordcarbu.tmi.twitch.tv)
[17:46] * Joins: hakrilykh (hakrilykh@hakrilykh.tmi.twitch.tv)
[17:54] * Parts: hakrilykh (hakrilykh@hakrilykh.tmi.twitch.tv)
[18:42] * Parts: @preludetv3 (preludetv3@preludetv3.tmi.twitch.tv)
[18:43] * jtv sets mode: -o preludetv3
[21:55] * Joins: versailleslove (versailleslove@versailleslove.tmi.twitch.tv)
[22:02] * Parts: versailleslove (versailleslove@versailleslove.tmi.twitch.tv)
[22:04] * Joins: preludetv3 (preludetv3@preludetv3.tmi.twitch.tv)
[22:05] * jtv sets mode: +o preludetv3
[22:07] * Joins: versailleslove (versailleslove@versailleslove.tmi.twitch.tv)
[22:26] * Parts: versailleslove (versailleslove@versailleslove.tmi.twitch.tv)
[22:27] * Joins: versailleslove (versailleslove@versailleslove.tmi.twitch.tv)
[22:32] * Parts: versailleslove (versailleslove@versailleslove.tmi.twitch.tv)
[22:56] * Disconnected
Session Close: Mon Nov 18 22:56:23 2013
