
Session Start: Sun Nov 17 10:55:13 2013
Session Ident: #tiignon
[10:55] * Now talking in #tiignon
[10:55] * Joins: nightbot (nightbot@nightbot.tmi.twitch.tv)
[10:55] * Joins: nestbot (nestbot@nestbot.tmi.twitch.tv)
[10:55] * jtv sets mode: +o nightbot
[10:56] * Parts: nestbot (nestbot@nestbot.tmi.twitch.tv)
[10:59] * Disconnected
[10:59] * Attempting to rejoin channel #tiignon
[10:59] * Rejoined channel #tiignon
[10:59] * Joins: nightbot (nightbot@nightbot.tmi.twitch.tv)
[10:59] * jtv sets mode: +o nightbot
[10:59] * Disconnected
[10:59] * Attempting to rejoin channel #tiignon
[10:59] * Rejoined channel #tiignon
[11:00] * Joins: nightbot (nightbot@nightbot.tmi.twitch.tv)
[11:00] * jtv sets mode: +o nightbot
[16:38] * Joins: al3roth (al3roth@al3roth.tmi.twitch.tv)
[16:39] * Parts: al3roth (al3roth@al3roth.tmi.twitch.tv)
[23:57] * Joins: al3roth (al3roth@al3roth.tmi.twitch.tv)
Session Time: Mon Nov 18 00:00:00 2013
[00:05] * Parts: al3roth (al3roth@al3roth.tmi.twitch.tv)
[14:24] * Joins: huzzl (huzzl@huzzl.tmi.twitch.tv)
[14:25] * Parts: huzzl (huzzl@huzzl.tmi.twitch.tv)
[22:56] * Disconnected
Session Close: Mon Nov 18 22:56:23 2013

Session Start: Mon Nov 18 23:01:07 2013
Session Ident: #tiignon
[23:01] * Now talking in #tiignon
[23:01] * Joins: nightbot (nightbot@nightbot.tmi.twitch.tv)
[23:01] * jtv sets mode: +o nightbot
Session Time: Tue Nov 19 00:00:00 2013
Session Time: Wed Nov 20 00:00:00 2013
[11:01] * Disconnected
Session Close: Wed Nov 20 11:03:19 2013

Session Start: Wed Nov 20 12:40:50 2013
Session Ident: #tiignon
[12:40] * Now talking in #tiignon
[12:40] * jtv sets mode: +o nightbot
Session Time: Thu Nov 21 00:00:00 2013
[04:45] * Disconnected
Session Close: Thu Nov 21 04:45:23 2013

Session Start: Thu Nov 21 05:11:19 2013
Session Ident: #tiignon
[05:11] * Now talking in #tiignon
[05:11] * Joins: nightbot (nightbot@nightbot.tmi.twitch.tv)
[05:11] * jtv sets mode: +o nightbot
[14:33] * Joins: savagepork (savagepork@savagepork.tmi.twitch.tv)
[14:35] * Parts: savagepork (savagepork@savagepork.tmi.twitch.tv)
[15:11] * Disconnected
Session Close: Thu Nov 21 15:11:34 2013

Session Start: Thu Nov 21 15:18:14 2013
Session Ident: #tiignon
[15:18] * Now talking in #tiignon
[15:18] * Joins: nightbot (nightbot@nightbot.tmi.twitch.tv)
[15:18] * jtv sets mode: +o nightbot
Session Time: Fri Nov 22 00:00:00 2013
Session Time: Sat Nov 23 00:00:00 2013
[08:53] * Parts: @nightbot (nightbot@nightbot.tmi.twitch.tv)
[09:25] * Joins: nightbot (nightbot@nightbot.tmi.twitch.tv)
[09:35] * Parts: nightbot (nightbot@nightbot.tmi.twitch.tv)
[10:00] * Joins: nightbot (nightbot@nightbot.tmi.twitch.tv)
[10:23] * Parts: nightbot (nightbot@nightbot.tmi.twitch.tv)
[10:31] * Joins: nightbot (nightbot@nightbot.tmi.twitch.tv)
[10:43] * Parts: nightbot (nightbot@nightbot.tmi.twitch.tv)
[10:43] * jtv sets mode: -o nightbot
[10:43] * Joins: nightbot (nightbot@nightbot.tmi.twitch.tv)
[10:43] * jtv sets mode: +o nightbot

Session Start: Sun Nov 24 04:25:36 2013
Session Ident: #tiignon
[04:25] * Now talking in #tiignon
[04:25] * jtv sets mode: +o nightbot
[12:11] * Disconnected
Session Close: Sun Nov 24 12:11:59 2013

Session Start: Sun Nov 24 12:14:16 2013
Session Ident: #tiignon
[12:14] * Now talking in #tiignon
[12:14] * Joins: nightbot (nightbot@nightbot.tmi.twitch.tv)
[12:14] * jtv sets mode: +o nightbot
[14:06] * Joins: tiignon (tiignon@tiignon.tmi.twitch.tv)
[14:06] * jtv sets mode: +o tiignon
[14:49] * Joins: weetaman (weetaman@weetaman.tmi.twitch.tv)
[15:00] * Joins: polpettes (polpettes@polpettes.tmi.twitch.tv)
[15:11] * Joins: anakun (anakun@anakun.tmi.twitch.tv)
[15:13] * Joins: krowck (krowck@krowck.tmi.twitch.tv)
[15:14] * Parts: krowck (krowck@krowck.tmi.twitch.tv)
[15:25] * Joins: adam_2 (adam_2@adam_2.tmi.twitch.tv)
[15:36] * Parts: anakun (anakun@anakun.tmi.twitch.tv)
[16:11] * Joins: runescape50 (runescape50@runescape50.tmi.twitch.tv)
[16:21] * Joins: darkdevil71 (darkdevil71@darkdevil71.tmi.twitch.tv)
[16:23] * Parts: runescape50 (runescape50@runescape50.tmi.twitch.tv)
[16:24] * Joins: theorangepet (theorangepet@theorangepet.tmi.twitch.tv)
[16:24] * Joins: aneviataurus (aneviataurus@aneviataurus.tmi.twitch.tv)
[16:25] * Parts: aneviataurus (aneviataurus@aneviataurus.tmi.twitch.tv)
[16:26] * Parts: theorangepet (theorangepet@theorangepet.tmi.twitch.tv)
[16:29] * Parts: adam_2 (adam_2@adam_2.tmi.twitch.tv)
[16:34] * Joins: aeez (aeez@aeez.tmi.twitch.tv)
[16:35] * Parts: aeez (aeez@aeez.tmi.twitch.tv)
[16:37] * Parts: darkdevil71 (darkdevil71@darkdevil71.tmi.twitch.tv)
[16:41] * Joins: mega83 (mega83@mega83.tmi.twitch.tv)
[16:49] * Parts: mega83 (mega83@mega83.tmi.twitch.tv)
[16:59] * Parts: @tiignon (tiignon@tiignon.tmi.twitch.tv)
[16:59] * jtv sets mode: -o tiignon
[17:07] * Parts: polpettes (polpettes@polpettes.tmi.twitch.tv)
[18:10] * Parts: weetaman (weetaman@weetaman.tmi.twitch.tv)
Session Time: Mon Nov 25 00:00:00 2013
[01:22] * Parts: @nightbot (nightbot@nightbot.tmi.twitch.tv)
[01:22] * jtv sets mode: -o nightbot
[01:22] * Joins: nightbot (nightbot@nightbot.tmi.twitch.tv)
[01:23] * jtv sets mode: +o nightbot
Session Time: Tue Nov 26 00:00:00 2013
Session Time: Wed Nov 27 00:00:00 2013
[02:25] * Joins: tiignon (tiignon@tiignon.tmi.twitch.tv)
[02:25] * jtv sets mode: +o tiignon
[02:29] * Parts: @tiignon (tiignon@tiignon.tmi.twitch.tv)
[02:29] * jtv sets mode: -o tiignon
[06:51] * Disconnected
Session Close: Wed Nov 27 06:51:25 2013

Session Start: Wed Nov 27 07:06:07 2013
Session Ident: #tiignon
[07:06] * Now talking in #tiignon
[07:06] * Joins: nightbot (nightbot@nightbot.tmi.twitch.tv)
[07:06] * jtv sets mode: +o nightbot
Session Time: Thu Nov 28 00:00:00 2013
[09:17] * Disconnected
Session Close: Thu Nov 28 09:17:20 2013

Session Start: Thu Nov 28 09:44:12 2013
Session Ident: #tiignon
[09:44] * Now talking in #tiignon
[09:45] * Joins: nightbot (nightbot@nightbot.tmi.twitch.tv)
[09:45] * jtv sets mode: +o nightbot
Session Time: Fri Nov 29 00:00:00 2013
[11:59] * Disconnected
Session Close: Fri Nov 29 11:59:15 2013

Session Start: Fri Nov 29 12:04:56 2013
Session Ident: #tiignon
[12:04] * Now talking in #tiignon
[12:04] * jtv sets mode: +o nightbot
[23:12] * Disconnected
Session Close: Fri Nov 29 23:12:47 2013

Session Start: Fri Nov 29 23:17:21 2013
Session Ident: #tiignon
[23:17] * Now talking in #tiignon
[23:17] * Joins: nightbot (nightbot@nightbot.tmi.twitch.tv)
[23:17] * jtv sets mode: +o nightbot
Session Time: Sat Nov 30 00:00:00 2013
[16:03] * Disconnected
Session Close: Sat Nov 30 16:03:21 2013

Session Start: Sun Dec 01 13:30:52 2013
Session Ident: #tiignon
[13:30] * Now talking in #tiignon
[13:31] * Joins: nightbot (nightbot@nightbot.tmi.twitch.tv)
[13:31] * jtv sets mode: +o nightbot

Session Start: Sun Dec 01 13:38:37 2013
Session Ident: #tiignon
[13:38] * Now talking in #tiignon
[13:38] * jtv sets mode: +o nightbot
[14:06] * Disconnected
Session Close: Sun Dec 01 14:06:54 2013

Session Start: Sun Dec 01 14:13:21 2013
Session Ident: #tiignon
[14:13] * Now talking in #tiignon
[14:13] * Joins: nightbot (nightbot@nightbot.tmi.twitch.tv)
[14:13] * jtv sets mode: +o nightbot
Session Time: Mon Dec 02 00:00:00 2013
[12:24] * Disconnected
Session Close: Mon Dec 02 12:24:49 2013

Session Start: Mon Dec 02 12:28:33 2013
Session Ident: #tiignon
[12:28] * Now talking in #tiignon
[12:28] * Joins: nightbot (nightbot@nightbot.tmi.twitch.tv)
[12:28] * jtv sets mode: +o nightbot
Session Time: Tue Dec 03 00:00:00 2013

Session Start: Tue Dec 03 00:12:12 2013
Session Ident: #tiignon
[00:12] * Now talking in #tiignon
[00:12] * Disconnected
Session Close: Tue Dec 03 00:12:23 2013

Session Start: Tue Dec 03 16:23:37 2013
Session Ident: #tiignon
[16:23] * Now talking in #tiignon
[16:23] * jtv sets mode: +o nightbot
[16:23] * Disconnected
Session Close: Tue Dec 03 16:23:39 2013
Session Time: Wed Dec 04 00:00:00 2013
[13:20] * Disconnected
Session Close: Wed Dec 04 13:20:42 2013

Session Start: Wed Dec 04 13:30:22 2013
Session Ident: #tiignon
[13:30] * Now talking in #tiignon
[13:31] * Joins: nightbot (nightbot@nightbot.tmi.twitch.tv)
[13:31] * jtv sets mode: +o nightbot
[23:39] * Parts: @nightbot (nightbot@nightbot.tmi.twitch.tv)
[23:40] * jtv sets mode: -o nightbot
Session Time: Thu Dec 05 00:00:00 2013
[16:07] * Joins: tiignon (tiignon@tiignon.tmi.twitch.tv)
[16:08] * jtv sets mode: +o tiignon
[16:18] <@tiignon> test
[16:30] <nestoyeur> essaie micro
[16:30] <nestoyeur> 1 2
[16:30] <nestoyeur> essaie micro
[16:31] <@tiignon> le micro marche, jessaie surtout pour la bande passante
[16:32] <nestoyeur> xD
[16:33] <@tiignon> quand y avait own3d.tv je pouvas stream tranquilement. Mais depuis qu'il a fermé j'arrive pas sur twitch
[16:34] <@tiignon> toujours ce probleme latence
[17:06] * Joins: wilidesp (wilidesp@wilidesp.tmi.twitch.tv)
[17:10] <wilidesp> gg
[17:10] <@tiignon> :)
[17:19] * Parts: wilidesp (wilidesp@wilidesp.tmi.twitch.tv)
[17:52] * Parts: @tiignon (tiignon@tiignon.tmi.twitch.tv)
[17:52] * jtv sets mode: -o tiignon
[18:25] * Disconnected
Session Close: Thu Dec 05 18:25:59 2013

Session Start: Thu Dec 05 18:28:50 2013
Session Ident: #tiignon
[18:28] * Now talking in #tiignon
[21:01] * Joins: wilidesp (wilidesp@wilidesp.tmi.twitch.tv)
[21:03] * Parts: wilidesp (wilidesp@wilidesp.tmi.twitch.tv)
Session Time: Fri Dec 06 00:00:00 2013
Session Time: Sat Dec 07 00:00:00 2013
[03:07] * Disconnected
Session Close: Sat Dec 07 03:07:17 2013

Session Start: Sat Dec 07 15:33:03 2013
Session Ident: #tiignon
[15:33] * Now talking in #tiignon
Session Time: Sun Dec 08 00:00:00 2013
[01:56] * Disconnected
Session Close: Sun Dec 08 01:56:10 2013

Session Start: Sun Dec 08 01:58:15 2013
Session Ident: #tiignon
[01:58] * Now talking in #tiignon
[16:26] * Disconnected
Session Close: Sun Dec 08 16:26:12 2013

Session Start: Sun Dec 08 16:39:09 2013
Session Ident: #tiignon
[16:39] * Now talking in #tiignon

Session Start: Sun Dec 08 17:01:03 2013
Session Ident: #tiignon
[17:01] * Now talking in #tiignon
[17:01] * Disconnected
Session Close: Sun Dec 08 17:01:04 2013
Session Time: Mon Dec 09 00:00:00 2013
Session Time: Tue Dec 10 00:00:01 2013
[12:26] * Disconnected
Session Close: Tue Dec 10 12:26:36 2013

Session Start: Tue Dec 10 12:45:28 2013
Session Ident: #tiignon
[12:45] * Now talking in #tiignon
[14:58] * Disconnected
Session Close: Tue Dec 10 14:58:40 2013

Session Start: Tue Dec 10 15:15:03 2013
Session Ident: #tiignon
[15:15] * Now talking in #tiignon
Session Time: Wed Dec 11 00:00:01 2013
[08:12] * Disconnected
Session Close: Wed Dec 11 08:12:19 2013

Session Start: Wed Dec 11 11:39:41 2013
Session Ident: #tiignon
[11:39] * Now talking in #tiignon
Session Time: Thu Dec 12 00:00:00 2013
[11:38] * Disconnected
Session Close: Thu Dec 12 11:38:49 2013

Session Start: Thu Dec 12 11:54:23 2013
Session Ident: #tiignon
[11:54] * Now talking in #tiignon
Session Time: Fri Dec 13 00:00:00 2013
[07:51] * Disconnected
Session Close: Fri Dec 13 07:51:26 2013

Session Start: Fri Dec 13 17:40:25 2013
Session Ident: #tiignon
[17:40] * Now talking in #tiignon
[19:11] * Disconnected
Session Close: Fri Dec 13 19:11:13 2013

Session Start: Fri Dec 13 19:44:07 2013
Session Ident: #tiignon
[19:44] * Now talking in #tiignon
Session Time: Sat Dec 14 00:00:00 2013
[22:25] * Disconnected
Session Close: Sat Dec 14 22:25:03 2013

Session Start: Sat Dec 14 22:32:11 2013
Session Ident: #tiignon
[22:32] * Now talking in #tiignon
Session Time: Sun Dec 15 00:00:00 2013
Session Time: Mon Dec 16 00:00:00 2013
[06:59] * Disconnected
Session Close: Mon Dec 16 06:59:26 2013

Session Start: Mon Dec 16 07:05:25 2013
Session Ident: #tiignon
[07:05] * Now talking in #tiignon
[19:21] * Disconnected
Session Close: Mon Dec 16 19:21:51 2013

Session Start: Mon Dec 16 19:35:20 2013
Session Ident: #tiignon
[19:35] * Now talking in #tiignon
Session Time: Tue Dec 17 00:00:00 2013
Session Time: Wed Dec 18 00:00:01 2013
[18:10] * Disconnected
Session Close: Wed Dec 18 18:10:01 2013

Session Start: Wed Dec 18 18:19:17 2013
Session Ident: #tiignon
[18:19] * Now talking in #tiignon
[19:53] * Disconnected
Session Close: Wed Dec 18 19:53:52 2013

Session Start: Wed Dec 18 20:01:38 2013
Session Ident: #tiignon
[20:01] * Now talking in #tiignon
Session Time: Thu Dec 19 00:00:00 2013

Session Start: Thu Dec 19 18:07:38 2013
Session Ident: #tiignon
[18:07] * Now talking in #tiignon
Session Time: Fri Dec 20 00:00:01 2013
Session Time: Sat Dec 21 00:00:01 2013
[08:19] * Disconnected
Session Close: Sat Dec 21 08:19:12 2013
