
Session Start: Sun Nov 17 12:39:11 2013
Session Ident: #toosmart4you
[12:39] * Now talking in #toosmart4you
[12:39] <nestoyeur> hey ! j'ai mis ton stream en autojoin sur mon mirc :D.. mais t'es pas la :'(
Session Time: Mon Nov 18 00:00:00 2013
[22:56] * Disconnected
Session Close: Mon Nov 18 22:56:23 2013

Session Start: Mon Nov 18 23:01:07 2013
Session Ident: #toosmart4you
[23:01] * Now talking in #toosmart4you
Session Time: Tue Nov 19 00:00:00 2013
Session Time: Wed Nov 20 00:00:00 2013
[11:01] * Disconnected
Session Close: Wed Nov 20 11:03:19 2013

Session Start: Wed Nov 20 12:40:49 2013
Session Ident: #toosmart4you
[12:40] * Now talking in #toosmart4you
Session Time: Thu Nov 21 00:00:00 2013
[04:45] * Disconnected
Session Close: Thu Nov 21 04:45:23 2013

Session Start: Thu Nov 21 05:11:19 2013
Session Ident: #toosmart4you
[05:11] * Now talking in #toosmart4you
[15:11] * Disconnected
Session Close: Thu Nov 21 15:11:34 2013

Session Start: Thu Nov 21 15:18:14 2013
Session Ident: #toosmart4you
[15:18] * Now talking in #toosmart4you
Session Time: Fri Nov 22 00:00:00 2013
Session Time: Sat Nov 23 00:00:00 2013

Session Start: Sun Nov 24 04:25:36 2013
Session Ident: #toosmart4you
[04:25] * Now talking in #toosmart4you
[12:11] * Disconnected
Session Close: Sun Nov 24 12:11:59 2013

Session Start: Sun Nov 24 12:14:16 2013
Session Ident: #toosmart4you
[12:14] * Now talking in #toosmart4you
[14:19] * Joins: toosmart4you (toosmart4you@toosmart4you.tmi.twitch.tv)
[14:19] * jtv sets mode: +o toosmart4you
[14:21] * Parts: @toosmart4you (toosmart4you@toosmart4you.tmi.twitch.tv)
[14:21] * jtv sets mode: -o toosmart4you
Session Time: Mon Nov 25 00:00:00 2013
Session Time: Tue Nov 26 00:00:00 2013
Session Time: Wed Nov 27 00:00:00 2013
[06:51] * Disconnected
Session Close: Wed Nov 27 06:51:25 2013

Session Start: Wed Nov 27 07:06:07 2013
Session Ident: #toosmart4you
[07:06] * Now talking in #toosmart4you
Session Time: Thu Nov 28 00:00:00 2013
[09:17] * Disconnected
Session Close: Thu Nov 28 09:17:20 2013

Session Start: Thu Nov 28 09:44:12 2013
Session Ident: #toosmart4you
[09:44] * Now talking in #toosmart4you
Session Time: Fri Nov 29 00:00:00 2013
[11:59] * Disconnected
Session Close: Fri Nov 29 11:59:15 2013

Session Start: Fri Nov 29 12:04:57 2013
Session Ident: #toosmart4you
[12:04] * Now talking in #toosmart4you
[23:12] * Disconnected
Session Close: Fri Nov 29 23:12:47 2013

Session Start: Fri Nov 29 23:17:21 2013
Session Ident: #toosmart4you
[23:17] * Now talking in #toosmart4you
Session Time: Sat Nov 30 00:00:00 2013
[00:38] * Joins: diefreaks (diefreaks@diefreaks.tmi.twitch.tv)
[00:44] * Parts: diefreaks (diefreaks@diefreaks.tmi.twitch.tv)
[16:03] * Disconnected
Session Close: Sat Nov 30 16:03:21 2013

Session Start: Sun Dec 01 13:30:52 2013
Session Ident: #toosmart4you
[13:30] * Now talking in #toosmart4you

Session Start: Sun Dec 01 13:38:37 2013
Session Ident: #toosmart4you
[13:38] * Now talking in #toosmart4you
[14:06] * Disconnected
Session Close: Sun Dec 01 14:06:54 2013

Session Start: Sun Dec 01 14:13:23 2013
Session Ident: #toosmart4you
[14:13] * Now talking in #toosmart4you
[21:29] * Joins: toosmart4you (toosmart4you@toosmart4you.tmi.twitch.tv)
[21:30] * jtv sets mode: +o toosmart4you
[21:46] * Parts: @toosmart4you (toosmart4you@toosmart4you.tmi.twitch.tv)
[21:47] * jtv sets mode: -o toosmart4you
Session Time: Mon Dec 02 00:00:00 2013
[12:24] * Disconnected
Session Close: Mon Dec 02 12:24:49 2013

Session Start: Mon Dec 02 12:28:33 2013
Session Ident: #toosmart4you
[12:28] * Now talking in #toosmart4you
Session Time: Tue Dec 03 00:00:00 2013

Session Start: Tue Dec 03 00:12:12 2013
Session Ident: #toosmart4you
[00:12] * Now talking in #toosmart4you
[00:12] * Disconnected
Session Close: Tue Dec 03 00:12:23 2013

Session Start: Tue Dec 03 16:23:37 2013
Session Ident: #toosmart4you
[16:23] * Now talking in #toosmart4you
[16:23] * Disconnected
Session Close: Tue Dec 03 16:23:39 2013
Session Time: Wed Dec 04 00:00:00 2013
[13:20] * Disconnected
Session Close: Wed Dec 04 13:20:42 2013

Session Start: Wed Dec 04 13:30:22 2013
Session Ident: #toosmart4you
[13:30] * Now talking in #toosmart4you
Session Time: Thu Dec 05 00:00:00 2013
[18:25] * Disconnected
Session Close: Thu Dec 05 18:25:59 2013

Session Start: Thu Dec 05 18:28:50 2013
Session Ident: #toosmart4you
[18:28] * Now talking in #toosmart4you
Session Time: Fri Dec 06 00:00:00 2013
Session Time: Sat Dec 07 00:00:00 2013
[03:07] * Disconnected
Session Close: Sat Dec 07 03:07:17 2013

Session Start: Sat Dec 07 15:33:03 2013
Session Ident: #toosmart4you
[15:33] * Now talking in #toosmart4you
[15:39] * Joins: kadiman (kadiman@kadiman.tmi.twitch.tv)
[15:43] * Parts: kadiman (kadiman@kadiman.tmi.twitch.tv)
Session Time: Sun Dec 08 00:00:00 2013
[01:56] * Disconnected
Session Close: Sun Dec 08 01:56:10 2013

Session Start: Sun Dec 08 01:58:16 2013
Session Ident: #toosmart4you
[01:58] * Now talking in #toosmart4you
[16:26] * Disconnected
Session Close: Sun Dec 08 16:26:12 2013

Session Start: Sun Dec 08 16:39:09 2013
Session Ident: #toosmart4you
[16:39] * Now talking in #toosmart4you

Session Start: Sun Dec 08 17:01:03 2013
Session Ident: #toosmart4you
[17:01] * Now talking in #toosmart4you
[17:01] * Disconnected
Session Close: Sun Dec 08 17:01:04 2013
Session Time: Mon Dec 09 00:00:00 2013
Session Time: Tue Dec 10 00:00:01 2013
[12:26] * Disconnected
Session Close: Tue Dec 10 12:26:36 2013

Session Start: Tue Dec 10 12:45:28 2013
Session Ident: #toosmart4you
[12:45] * Now talking in #toosmart4you
[14:58] * Disconnected
Session Close: Tue Dec 10 14:58:40 2013

Session Start: Tue Dec 10 15:15:03 2013
Session Ident: #toosmart4you
[15:15] * Now talking in #toosmart4you
Session Time: Wed Dec 11 00:00:01 2013
[08:12] * Disconnected
Session Close: Wed Dec 11 08:12:18 2013

Session Start: Wed Dec 11 11:39:40 2013
Session Ident: #toosmart4you
[11:39] * Now talking in #toosmart4you
Session Time: Thu Dec 12 00:00:00 2013
[11:38] * Disconnected
Session Close: Thu Dec 12 11:38:49 2013

Session Start: Thu Dec 12 11:54:22 2013
Session Ident: #toosmart4you
[11:54] * Now talking in #toosmart4you
Session Time: Fri Dec 13 00:00:00 2013
[07:51] * Disconnected
Session Close: Fri Dec 13 07:51:26 2013

Session Start: Fri Dec 13 17:40:26 2013
Session Ident: #toosmart4you
[17:40] * Now talking in #toosmart4you
[19:11] * Disconnected
Session Close: Fri Dec 13 19:11:13 2013

Session Start: Fri Dec 13 19:44:08 2013
Session Ident: #toosmart4you
[19:44] * Now talking in #toosmart4you
Session Time: Sat Dec 14 00:00:00 2013
[22:25] * Disconnected
Session Close: Sat Dec 14 22:25:03 2013

Session Start: Sat Dec 14 22:32:11 2013
Session Ident: #toosmart4you
[22:32] * Now talking in #toosmart4you
Session Time: Sun Dec 15 00:00:00 2013
Session Time: Mon Dec 16 00:00:00 2013
[06:59] * Disconnected
Session Close: Mon Dec 16 06:59:26 2013

Session Start: Mon Dec 16 07:05:25 2013
Session Ident: #toosmart4you
[07:05] * Now talking in #toosmart4you
[19:21] * Disconnected
Session Close: Mon Dec 16 19:21:51 2013

Session Start: Mon Dec 16 19:35:20 2013
Session Ident: #toosmart4you
[19:35] * Now talking in #toosmart4you
Session Time: Tue Dec 17 00:00:00 2013
Session Time: Wed Dec 18 00:00:01 2013
[18:10] * Disconnected
Session Close: Wed Dec 18 18:10:01 2013

Session Start: Wed Dec 18 18:19:17 2013
Session Ident: #toosmart4you
[18:19] * Now talking in #toosmart4you
[19:53] * Disconnected
Session Close: Wed Dec 18 19:53:52 2013

Session Start: Wed Dec 18 20:01:38 2013
Session Ident: #toosmart4you
[20:01] * Now talking in #toosmart4you
Session Time: Thu Dec 19 00:00:00 2013

Session Start: Thu Dec 19 18:07:38 2013
Session Ident: #toosmart4you
[18:07] * Now talking in #toosmart4you
Session Time: Fri Dec 20 00:00:01 2013
Session Time: Sat Dec 21 00:00:01 2013
[08:19] * Disconnected
Session Close: Sat Dec 21 08:19:12 2013
