
Session Start: Sun Nov 17 10:55:13 2013
Session Ident: #ulquima
[10:55] * Now talking in #ulquima
[10:55] * Joins: nestbot (nestbot@nestbot.tmi.twitch.tv)
[10:56] * Parts: nestbot (nestbot@nestbot.tmi.twitch.tv)
[10:59] * Disconnected
[10:59] * Attempting to rejoin channel #ulquima
[10:59] * Rejoined channel #ulquima
[10:59] * Disconnected
[10:59] * Attempting to rejoin channel #ulquima
[10:59] * Rejoined channel #ulquima
Session Time: Mon Nov 18 00:00:00 2013
[22:56] * Disconnected
Session Close: Mon Nov 18 22:56:23 2013

Session Start: Mon Nov 18 23:01:07 2013
Session Ident: #ulquima
[23:01] * Now talking in #ulquima
Session Time: Tue Nov 19 00:00:00 2013
Session Time: Wed Nov 20 00:00:00 2013
[11:01] * Disconnected
Session Close: Wed Nov 20 11:03:19 2013

Session Start: Wed Nov 20 12:40:49 2013
Session Ident: #ulquima
[12:40] * Now talking in #ulquima
Session Time: Thu Nov 21 00:00:00 2013
[04:45] * Disconnected
Session Close: Thu Nov 21 04:45:23 2013

Session Start: Thu Nov 21 05:11:19 2013
Session Ident: #ulquima
[05:11] * Now talking in #ulquima
[15:11] * Disconnected
Session Close: Thu Nov 21 15:11:34 2013

Session Start: Thu Nov 21 15:18:15 2013
Session Ident: #ulquima
[15:18] * Now talking in #ulquima
Session Time: Fri Nov 22 00:00:00 2013
Session Time: Sat Nov 23 00:00:00 2013

Session Start: Sun Nov 24 04:25:36 2013
Session Ident: #ulquima
[04:25] * Now talking in #ulquima
[12:11] * Disconnected
Session Close: Sun Nov 24 12:11:59 2013

Session Start: Sun Nov 24 12:14:16 2013
Session Ident: #ulquima
[12:14] * Now talking in #ulquima
Session Time: Mon Nov 25 00:00:00 2013
Session Time: Tue Nov 26 00:00:00 2013
Session Time: Wed Nov 27 00:00:00 2013
[06:51] * Disconnected
Session Close: Wed Nov 27 06:51:25 2013

Session Start: Wed Nov 27 07:06:07 2013
Session Ident: #ulquima
[07:06] * Now talking in #ulquima
Session Time: Thu Nov 28 00:00:00 2013
[09:17] * Disconnected
Session Close: Thu Nov 28 09:17:20 2013

Session Start: Thu Nov 28 09:44:12 2013
Session Ident: #ulquima
[09:44] * Now talking in #ulquima
Session Time: Fri Nov 29 00:00:00 2013
[11:59] * Disconnected
Session Close: Fri Nov 29 11:59:15 2013

Session Start: Fri Nov 29 12:04:57 2013
Session Ident: #ulquima
[12:04] * Now talking in #ulquima
[23:12] * Disconnected
Session Close: Fri Nov 29 23:12:47 2013

Session Start: Fri Nov 29 23:17:21 2013
Session Ident: #ulquima
[23:17] * Now talking in #ulquima
Session Time: Sat Nov 30 00:00:00 2013
[16:03] * Disconnected
Session Close: Sat Nov 30 16:03:21 2013

Session Start: Sun Dec 01 13:30:52 2013
Session Ident: #ulquima
[13:30] * Now talking in #ulquima

Session Start: Sun Dec 01 13:38:37 2013
Session Ident: #ulquima
[13:38] * Now talking in #ulquima
[14:06] * Disconnected
Session Close: Sun Dec 01 14:06:54 2013

Session Start: Sun Dec 01 14:13:21 2013
Session Ident: #ulquima
[14:13] * Now talking in #ulquima
Session Time: Mon Dec 02 00:00:00 2013
[12:24] * Disconnected
Session Close: Mon Dec 02 12:24:49 2013

Session Start: Mon Dec 02 12:28:34 2013
Session Ident: #ulquima
[12:28] * Now talking in #ulquima
Session Time: Tue Dec 03 00:00:00 2013

Session Start: Tue Dec 03 00:12:11 2013
Session Ident: #ulquima
[00:12] * Now talking in #ulquima
[00:12] * Disconnected
Session Close: Tue Dec 03 00:12:23 2013

Session Start: Tue Dec 03 16:23:37 2013
Session Ident: #ulquima
[16:23] * Now talking in #ulquima
[16:23] * Disconnected
Session Close: Tue Dec 03 16:23:39 2013
Session Time: Wed Dec 04 00:00:00 2013
[13:20] * Disconnected
Session Close: Wed Dec 04 13:20:42 2013

Session Start: Wed Dec 04 13:30:22 2013
Session Ident: #ulquima
[13:30] * Now talking in #ulquima
Session Time: Thu Dec 05 00:00:00 2013
[18:25] * Disconnected
Session Close: Thu Dec 05 18:25:59 2013

Session Start: Thu Dec 05 18:28:50 2013
Session Ident: #ulquima
[18:28] * Now talking in #ulquima
Session Time: Fri Dec 06 00:00:00 2013
Session Time: Sat Dec 07 00:00:00 2013
[03:07] * Disconnected
Session Close: Sat Dec 07 03:07:17 2013

Session Start: Sat Dec 07 15:33:04 2013
Session Ident: #ulquima
[15:33] * Now talking in #ulquima
[20:58] <nestoyeur> test
Session Time: Sun Dec 08 00:00:00 2013
[01:56] * Disconnected
Session Close: Sun Dec 08 01:56:10 2013

Session Start: Sun Dec 08 01:58:16 2013
Session Ident: #ulquima
[01:58] * Now talking in #ulquima
[16:26] * Disconnected
Session Close: Sun Dec 08 16:26:12 2013

Session Start: Sun Dec 08 16:39:09 2013
Session Ident: #ulquima
[16:39] * Now talking in #ulquima

Session Start: Sun Dec 08 17:01:03 2013
Session Ident: #ulquima
[17:01] * Now talking in #ulquima
[17:01] * Disconnected
Session Close: Sun Dec 08 17:01:04 2013
Session Close: Sun Dec 08 19:41:25 2013
