
Session Start: Tue Nov 05 06:44:44 2013
Session Ident: jtv
[06:44] Session Ident: jtv (tmi.twitch.tv, nestbot) (jtv@jtv.tmi.twitch.tv)
[06:44] <jtv> HISTORYEND nestoyeur
Session Close: Tue Nov 05 07:25:34 2013

Session Start: Tue Nov 05 07:27:41 2013
Session Ident: jtv
[07:27] Session Ident: jtv (tmi.twitch.tv, nestbot) (jtv@jtv.tmi.twitch.tv)
[07:27] <jtv> HISTORYEND nestoyeur
Session Close: Tue Nov 05 15:22:42 2013

Session Start: Tue Nov 05 17:46:14 2013
Session Ident: jtv
[17:46] Session Ident: jtv (tmi.twitch.tv, nestbot) (jtv@jtv.tmi.twitch.tv)
[17:46] <jtv> HISTORYEND nestoyeur
Session Time: Wed Nov 06 00:00:00 2013
[00:37] <jtv> HISTORYEND nestoyeur
[00:37] <jtv> HISTORYEND nestoyeur
Session Time: Thu Nov 07 00:00:00 2013
Session Time: Fri Nov 08 00:00:00 2013
Session Close: Fri Nov 08 06:18:51 2013

Session Start: Fri Nov 08 13:43:31 2013
Session Ident: jtv
[13:43] Session Ident: jtv (tmi.twitch.tv, nestbot) (jtv@jtv.tmi.twitch.tv)
[13:43] <jtv> HISTORYEND nestoyeur
Session Time: Sat Nov 09 00:00:00 2013
Session Time: Sun Nov 10 00:00:00 2013
Session Close: Sun Nov 10 08:30:53 2013

Session Start: Sun Nov 10 08:31:04 2013
Session Ident: jtv
[08:31] Session Ident: jtv (tmi.twitch.tv, nestbot) (jtv@jtv.tmi.twitch.tv)
[08:31] <jtv> HISTORYEND nestoyeur
[08:53] <jtv> Your message was not sent because you are sending messages too quickly.
[08:53] <jtv> Your message was not sent because you are sending messages too quickly.
[08:54] <jtv> Your message was not sent because you are sending messages too quickly.
[08:54] <jtv> Your message was not sent because you are sending messages too quickly.
[08:56] <jtv> Your message was not sent because you are sending messages too quickly.
[08:56] <jtv> Your message was not sent because you are sending messages too quickly.
[08:58] <jtv> Your message was not sent because you are sending messages too quickly.
[17:38] <jtv> Your message was not sent because it is identical to the previous one you sent, less than 30 seconds ago.
[23:33] <jtv> Your message was not sent because you are sending messages too quickly.
Session Close: Sun Nov 10 23:34:02 2013

Session Start: Sun Nov 10 23:39:51 2013
Session Ident: jtv
[23:39] Session Ident: jtv (tmi.twitch.tv, nestbot) (jtv@jtv.tmi.twitch.tv)
[23:39] <jtv> HISTORYEND nestoyeur
Session Time: Mon Nov 11 00:00:00 2013
[00:27] * nestbot test
Session Close: Mon Nov 11 00:28:34 2013

Session Start: Mon Nov 11 00:30:10 2013
Session Ident: jtv
[00:30] Session Ident: jtv (tmi.twitch.tv, nestbot) (jtv@jtv.tmi.twitch.tv)
[00:30] <jtv> HISTORYEND nestoyeur
[00:30] <jtv> HISTORYEND nestoyeur
[00:31] <jtv> HISTORYEND nestoyeur
[00:31] <jtv> HISTORYEND nestoyeur
Session Time: Tue Nov 12 00:00:00 2013
Session Close: Tue Nov 12 02:42:45 2013

Session Start: Tue Nov 12 02:48:07 2013
Session Ident: jtv
[02:48] Session Ident: jtv (tmi.twitch.tv, nestbot) (jtv@jtv.tmi.twitch.tv)
[02:48] <jtv> HISTORYEND nestoyeur
Session Close: Tue Nov 12 02:48:10 2013

Session Start: Tue Nov 12 02:49:56 2013
Session Ident: jtv
[02:49] Session Ident: jtv (tmi.twitch.tv, nestbot) (jtv@jtv.tmi.twitch.tv)
[02:49] <jtv> HISTORYEND nestoyeur

Session Start: Tue Nov 12 05:52:07 2013
Session Ident: jtv
[05:52] Session Ident: jtv (tmi.twitch.tv, nestbot) (jtv@jtv.tmi.twitch.tv)
[05:52] <jtv> HISTORYEND nestoyeur
Session Close: Tue Nov 12 05:54:34 2013

Session Start: Sun Nov 17 10:54:32 2013
Session Ident: jtv
[10:54] Session Ident: jtv (tmi.twitch.tv, nestoyeur) (jtv@jtv.tmi.twitch.tv)
[10:54] <jtv> USERCOLOR nestoyeur #8A2BE2
[10:54] <jtv> HISTORYEND nestoyeur
[10:55] <jtv> USERCOLOR nestoyeur #8A2BE2
[10:55] <jtv> HISTORYEND yuukii_san
[10:55] <jtv> USERCOLOR nestoyeur #8A2BE2
[10:55] <jtv> HISTORYEND tiignon
[10:55] <jtv> USERCOLOR nestoyeur #8A2BE2
[10:55] <jtv> HISTORYEND nightside_clan
[10:55] <jtv> USERCOLOR nestoyeur #8A2BE2
[10:55] <jtv> HISTORYEND nestoyeur
[10:55] <jtv> USERCOLOR nestoyeur #8A2BE2
[10:55] <jtv> HISTORYEND nestoyeur
[10:55] <jtv> USERCOLOR nestoyeur #8A2BE2
[10:55] <jtv> HISTORYEND ulquima
[10:59] <jtv> USERCOLOR nestoyeur #8A2BE2
[10:59] <jtv> HISTORYEND ulquima
[10:59] <jtv> USERCOLOR nestoyeur #8A2BE2
[10:59] <jtv> HISTORYEND nestoyeur
[10:59] <jtv> USERCOLOR nestoyeur #8A2BE2
[10:59] <jtv> HISTORYEND ulquima
[10:59] <jtv> USERCOLOR nestoyeur #8A2BE2
[10:59] <jtv> HISTORYEND nightside_clan
[10:59] <jtv> USERCOLOR nestoyeur #8A2BE2
[10:59] <jtv> HISTORYEND nestoyeur
[10:59] <jtv> USERCOLOR nestoyeur #8A2BE2
[10:59] <jtv> HISTORYEND yuukii_san
[10:59] <jtv> USERCOLOR nestoyeur #8A2BE2
[10:59] <jtv> HISTORYEND nightside_clan
[10:59] <jtv> USERCOLOR nestoyeur #8A2BE2
[10:59] <jtv> HISTORYEND tiignon
[10:59] <jtv> USERCOLOR nestoyeur #8A2BE2
[10:59] <jtv> HISTORYEND tiignon
[10:59] <jtv> USERCOLOR nestoyeur #8A2BE2
[10:59] <jtv> HISTORYEND yuukii_san
[10:59] <jtv> USERCOLOR nestoyeur #8A2BE2
[10:59] <jtv> HISTORYEND nestoyeur
[10:59] <jtv> USERCOLOR nestoyeur #8A2BE2
[10:59] <jtv> HISTORYEND yuukii_san
[10:59] <jtv> USERCOLOR nestoyeur #8A2BE2
[10:59] <jtv> HISTORYEND ulquima
[10:59] <jtv> USERCOLOR nestoyeur #8A2BE2
[10:59] <jtv> HISTORYEND tiignon
[10:59] <jtv> USERCOLOR nestoyeur #8A2BE2
[10:59] <jtv> HISTORYEND yuukii_san
[10:59] <jtv> USERCOLOR nestoyeur #8A2BE2
[10:59] <jtv> HISTORYEND nightside_clan
[10:59] <jtv> USERCOLOR nestoyeur #8A2BE2
[10:59] <jtv> HISTORYEND tiignon
[10:59] <jtv> USERCOLOR nestoyeur #8A2BE2
[10:59] <jtv> HISTORYEND ulquima
[10:59] <jtv> USERCOLOR nestoyeur #8A2BE2
[10:59] <jtv> HISTORYEND nightside_clan
[12:39] <jtv> USERCOLOR nestoyeur #8A2BE2
[12:39] <jtv> HISTORYEND toosmart4you
[13:28] <jtv> Your message was not sent because you are sending messages too quickly.
[14:47] <jtv> Your message was not sent because you are sending messages too quickly.
Session Time: Mon Nov 18 00:00:00 2013
[13:08] <jtv> USERCOLOR nestoyeur #8A2BE2
[13:08] <jtv> HISTORYEND preludetv3
Session Close: Mon Nov 18 22:56:23 2013

Session Start: Mon Nov 18 23:01:07 2013
Session Ident: jtv
[23:01] Session Ident: jtv (tmi.twitch.tv, nestoyeur) (jtv@jtv.tmi.twitch.tv)
[23:01] <jtv> USERCOLOR nestoyeur #8A2BE2
[23:01] <jtv> HISTORYEND toosmart4you
[23:01] <jtv> USERCOLOR nestoyeur #8A2BE2
[23:01] <jtv> HISTORYEND nestoyeur
[23:01] <jtv> USERCOLOR nestoyeur #8A2BE2
[23:01] <jtv> HISTORYEND yuukii_san
[23:01] <jtv> USERCOLOR nestoyeur #8A2BE2
[23:01] <jtv> HISTORYEND tiignon
[23:01] <jtv> USERCOLOR nestoyeur #8A2BE2
[23:01] <jtv> HISTORYEND ulquima
[23:01] <jtv> USERCOLOR nestoyeur #8A2BE2
[23:01] <jtv> HISTORYEND nightside_clan
Session Time: Tue Nov 19 00:00:00 2013
Session Time: Wed Nov 20 00:00:00 2013
Session Close: Wed Nov 20 11:03:19 2013

Session Start: Wed Nov 20 12:40:49 2013
Session Ident: jtv
[12:40] Session Ident: jtv (tmi.twitch.tv, nestoyeur) (jtv@jtv.tmi.twitch.tv)
[12:40] <jtv> USERCOLOR nestoyeur #8A2BE2
[12:40] <jtv> HISTORYEND nestoyeur
[12:40] <jtv> USERCOLOR nestoyeur #8A2BE2
[12:40] <jtv> HISTORYEND ulquima
[12:40] <jtv> USERCOLOR nestoyeur #8A2BE2
[12:40] <jtv> HISTORYEND toosmart4you
[12:40] <jtv> USERCOLOR nestoyeur #8A2BE2
[12:40] <jtv> HISTORYEND tiignon
[12:40] <jtv> USERCOLOR nestoyeur #8A2BE2
[12:40] <jtv> HISTORYEND yuukii_san
[12:40] <jtv> USERCOLOR nestoyeur #8A2BE2
[12:40] <jtv> HISTORYEND nightside_clan
[16:15] <jtv> USERCOLOR nestoyeur #8A2BE2
[16:15] <jtv> HISTORYEND al3roth
[17:58] <jtv> USERCOLOR nestoyeur #8A2BE2
[17:58] <jtv> HISTORYEND sky7o
Session Time: Thu Nov 21 00:00:00 2013
Session Close: Thu Nov 21 04:45:23 2013

Session Start: Thu Nov 21 05:11:19 2013
Session Ident: jtv
[05:11] Session Ident: jtv (tmi.twitch.tv, nestoyeur) (jtv@jtv.tmi.twitch.tv)
[05:11] <jtv> USERCOLOR nestoyeur #8A2BE2
[05:11] <jtv> HISTORYEND nestoyeur
[05:11] <jtv> USERCOLOR nestoyeur #8A2BE2
[05:11] <jtv> HISTORYEND toosmart4you
[05:11] <jtv> USERCOLOR nestoyeur #8A2BE2
[05:11] <jtv> HISTORYEND ulquima
[05:11] <jtv> USERCOLOR nestoyeur #8A2BE2
[05:11] <jtv> HISTORYEND yuukii_san
[05:11] <jtv> USERCOLOR nestoyeur #8A2BE2
[05:11] <jtv> HISTORYEND sky7o
[05:11] <jtv> USERCOLOR nestoyeur #8A2BE2
[05:11] <jtv> HISTORYEND tiignon
[05:11] <jtv> USERCOLOR nestoyeur #8A2BE2
[05:11] <jtv> HISTORYEND nightside_clan
Session Close: Thu Nov 21 15:11:34 2013

Session Start: Thu Nov 21 15:18:14 2013
Session Ident: jtv
[15:18] Session Ident: jtv (tmi.twitch.tv, nestoyeur) (jtv@jtv.tmi.twitch.tv)
[15:18] <jtv> USERCOLOR nestoyeur #8A2BE2
[15:18] <jtv> HISTORYEND nestoyeur
[15:18] <jtv> USERCOLOR nestoyeur #8A2BE2
[15:18] <jtv> HISTORYEND tiignon
[15:18] <jtv> USERCOLOR nestoyeur #8A2BE2
[15:18] <jtv> HISTORYEND toosmart4you
[15:18] <jtv> USERCOLOR nestoyeur #8A2BE2
[15:18] <jtv> HISTORYEND yuukii_san
[15:18] <jtv> USERCOLOR nestoyeur #8A2BE2
[15:18] <jtv> HISTORYEND nightside_clan
[15:18] <jtv> USERCOLOR nestoyeur #8A2BE2
[15:18] <jtv> HISTORYEND sky7o
[15:18] <jtv> USERCOLOR nestoyeur #8A2BE2
[15:18] <jtv> HISTORYEND ulquima
Session Time: Fri Nov 22 00:00:00 2013
Session Time: Sat Nov 23 00:00:00 2013

Session Start: Sun Nov 24 04:25:36 2013
Session Ident: jtv
[04:25] Session Ident: jtv (tmi.twitch.tv, nestoyeur) (jtv@jtv.tmi.twitch.tv)
[04:25] <jtv> USERCOLOR nestoyeur #8A2BE2
[04:25] <jtv> HISTORYEND toosmart4you
[04:25] <jtv> USERCOLOR nestoyeur #8A2BE2
[04:25] <jtv> HISTORYEND yuukii_san
[04:25] <jtv> USERCOLOR nestoyeur #8A2BE2
[04:25] <jtv> HISTORYEND sky7o
[04:25] <jtv> USERCOLOR nestoyeur #8A2BE2
[04:25] <jtv> HISTORYEND nestoyeur
[04:25] <jtv> USERCOLOR nestoyeur #8A2BE2
[04:25] <jtv> HISTORYEND nightside_clan
[04:25] <jtv> USERCOLOR nestoyeur #8A2BE2
[04:25] <jtv> HISTORYEND ulquima
[04:25] <jtv> USERCOLOR nestoyeur #8A2BE2
[04:25] <jtv> HISTORYEND tiignon
Session Close: Sun Nov 24 12:11:59 2013

Session Start: Sun Nov 24 12:14:15 2013
Session Ident: jtv
[12:14] Session Ident: jtv (tmi.twitch.tv, nestoyeur) (jtv@jtv.tmi.twitch.tv)
[12:14] <jtv> USERCOLOR nestoyeur #8A2BE2
[12:14] <jtv> HISTORYEND nestoyeur
[12:14] <jtv> USERCOLOR nestoyeur #8A2BE2
[12:14] <jtv> HISTORYEND sky7o
[12:14] <jtv> USERCOLOR nestoyeur #8A2BE2
[12:14] <jtv> HISTORYEND ulquima
[12:14] <jtv> USERCOLOR nestoyeur #8A2BE2
[12:14] <jtv> HISTORYEND yuukii_san
[12:14] <jtv> USERCOLOR nestoyeur #8A2BE2
[12:14] <jtv> HISTORYEND tiignon
[12:14] <jtv> USERCOLOR nestoyeur #8A2BE2
[12:14] <jtv> HISTORYEND toosmart4you
[12:14] <jtv> USERCOLOR nestoyeur #8A2BE2
[12:14] <jtv> HISTORYEND nightside_clan
[20:53] <jtv> USERCOLOR nestoyeur #8A2BE2
[20:53] <jtv> HISTORYEND cubized
[23:09] <jtv> USERCOLOR nestoyeur #8A2BE2
[23:09] <jtv> HISTORYEND al3roth
Session Time: Mon Nov 25 00:00:00 2013
Session Time: Tue Nov 26 00:00:00 2013
Session Time: Wed Nov 27 00:00:00 2013
Session Close: Wed Nov 27 06:51:25 2013

Session Start: Wed Nov 27 07:06:07 2013
Session Ident: jtv
[07:06] Session Ident: jtv (tmi.twitch.tv, nestoyeur) (jtv@jtv.tmi.twitch.tv)
[07:06] <jtv> USERCOLOR nestoyeur #8A2BE2
[07:06] <jtv> HISTORYEND al3roth
[07:06] <jtv> USERCOLOR nestoyeur #8A2BE2
[07:06] <jtv> HISTORYEND nightside_clan
[07:06] <jtv> USERCOLOR nestoyeur #8A2BE2
[07:06] <jtv> HISTORYEND cubized
[07:06] <jtv> USERCOLOR nestoyeur #8A2BE2
[07:06] <jtv> HISTORYEND toosmart4you
[07:06] <jtv> USERCOLOR nestoyeur #8A2BE2
[07:06] <jtv> HISTORYEND yuukii_san
[07:06] <jtv> USERCOLOR nestoyeur #8A2BE2
[07:06] <jtv> HISTORYEND nestoyeur
[07:06] <jtv> USERCOLOR nestoyeur #8A2BE2
[07:06] <jtv> HISTORYEND sky7o
[07:06] <jtv> USERCOLOR nestoyeur #8A2BE2
[07:06] <jtv> HISTORYEND tiignon
[07:06] <jtv> USERCOLOR nestoyeur #8A2BE2
[07:06] <jtv> HISTORYEND ulquima
Session Time: Thu Nov 28 00:00:00 2013
Session Close: Thu Nov 28 09:17:20 2013

Session Start: Thu Nov 28 09:44:12 2013
Session Ident: jtv
[09:44] Session Ident: jtv (tmi.twitch.tv, nestoyeur) (jtv@jtv.tmi.twitch.tv)
[09:44] <jtv> USERCOLOR nestoyeur #8A2BE2
[09:44] <jtv> HISTORYEND yuukii_san
[09:44] <jtv> USERCOLOR nestoyeur #8A2BE2
[09:44] <jtv> HISTORYEND toosmart4you
[09:44] <jtv> USERCOLOR nestoyeur #8A2BE2
[09:44] <jtv> HISTORYEND tiignon
[09:44] <jtv> USERCOLOR nestoyeur #8A2BE2
[09:44] <jtv> HISTORYEND sky7o
[09:44] <jtv> USERCOLOR nestoyeur #8A2BE2
[09:44] <jtv> HISTORYEND ulquima
[09:44] <jtv> USERCOLOR nestoyeur #8A2BE2
[09:44] <jtv> HISTORYEND nestoyeur
[09:44] <jtv> USERCOLOR nestoyeur #8A2BE2
[09:44] <jtv> HISTORYEND al3roth
[09:44] <jtv> USERCOLOR nestoyeur #8A2BE2
[09:44] <jtv> HISTORYEND nightside_clan
[09:44] <jtv> USERCOLOR nestoyeur #8A2BE2
[09:44] <jtv> HISTORYEND cubized
Session Time: Fri Nov 29 00:00:00 2013
Session Close: Fri Nov 29 11:59:15 2013

Session Start: Fri Nov 29 12:04:56 2013
Session Ident: jtv
[12:04] Session Ident: jtv (tmi.twitch.tv, nestoyeur) (jtv@jtv.tmi.twitch.tv)
[12:04] <jtv> USERCOLOR nestoyeur #8A2BE2
[12:04] <jtv> HISTORYEND tiignon
[12:04] <jtv> USERCOLOR nestoyeur #8A2BE2
[12:04] <jtv> HISTORYEND nestoyeur
[12:04] <jtv> USERCOLOR nestoyeur #8A2BE2
[12:04] <jtv> HISTORYEND toosmart4you
[12:04] <jtv> USERCOLOR nestoyeur #8A2BE2
[12:04] <jtv> HISTORYEND sky7o
[12:04] <jtv> USERCOLOR nestoyeur #8A2BE2
[12:04] <jtv> HISTORYEND nightside_clan
[12:04] <jtv> USERCOLOR nestoyeur #8A2BE2
[12:04] <jtv> HISTORYEND cubized
[12:04] <jtv> USERCOLOR nestoyeur #8A2BE2
[12:04] <jtv> HISTORYEND al3roth
[12:04] <jtv> USERCOLOR nestoyeur #8A2BE2
[12:04] <jtv> HISTORYEND ulquima
[12:04] <jtv> USERCOLOR nestoyeur #8A2BE2
[12:04] <jtv> HISTORYEND yuukii_san
Session Close: Fri Nov 29 23:12:47 2013

Session Start: Fri Nov 29 23:17:21 2013
Session Ident: jtv
[23:17] Session Ident: jtv (tmi.twitch.tv, nestoyeur) (jtv@jtv.tmi.twitch.tv)
[23:17] <jtv> USERCOLOR nestoyeur #8A2BE2
[23:17] <jtv> HISTORYEND nestoyeur
[23:17] <jtv> USERCOLOR nestoyeur #8A2BE2
[23:17] <jtv> HISTORYEND toosmart4you
[23:17] <jtv> USERCOLOR nestoyeur #8A2BE2
[23:17] <jtv> HISTORYEND ulquima
[23:17] <jtv> USERCOLOR nestoyeur #8A2BE2
[23:17] <jtv> HISTORYEND al3roth
[23:17] <jtv> USERCOLOR nestoyeur #8A2BE2
[23:17] <jtv> HISTORYEND tiignon
[23:17] <jtv> USERCOLOR nestoyeur #8A2BE2
[23:17] <jtv> HISTORYEND sky7o
[23:17] <jtv> USERCOLOR nestoyeur #8A2BE2
[23:17] <jtv> HISTORYEND cubized
[23:17] <jtv> USERCOLOR nestoyeur #8A2BE2
[23:17] <jtv> HISTORYEND yuukii_san
[23:17] <jtv> USERCOLOR nestoyeur #8A2BE2
[23:17] <jtv> HISTORYEND nightside_clan
Session Time: Sat Nov 30 00:00:00 2013
Session Close: Sat Nov 30 16:03:21 2013

Session Start: Sun Dec 01 13:30:52 2013
Session Ident: jtv
[13:30] Session Ident: jtv (tmi.twitch.tv, nestoyeur) (jtv@jtv.tmi.twitch.tv)
[13:30] <jtv> USERCOLOR nestoyeur #8A2BE2
[13:30] <jtv> HISTORYEND toosmart4you
[13:30] <jtv> USERCOLOR nestoyeur #8A2BE2
[13:30] <jtv> HISTORYEND nestoyeur
[13:30] <jtv> USERCOLOR nestoyeur #8A2BE2
[13:30] <jtv> HISTORYEND yuukii_san
[13:30] <jtv> USERCOLOR nestoyeur #8A2BE2
[13:30] <jtv> HISTORYEND ulquima
[13:30] <jtv> USERCOLOR nestoyeur #8A2BE2
[13:30] <jtv> HISTORYEND nightside_clan
[13:30] <jtv> USERCOLOR nestoyeur #8A2BE2
[13:30] <jtv> HISTORYEND cubized
[13:30] <jtv> USERCOLOR nestoyeur #8A2BE2
[13:30] <jtv> HISTORYEND tiignon
[13:30] <jtv> USERCOLOR nestoyeur #8A2BE2
[13:30] <jtv> HISTORYEND sky7o
[13:30] <jtv> USERCOLOR nestoyeur #8A2BE2
[13:30] <jtv> HISTORYEND al3roth

Session Start: Sun Dec 01 13:38:37 2013
Session Ident: jtv
[13:38] Session Ident: jtv (tmi.twitch.tv, nestoyeur) (jtv@jtv.tmi.twitch.tv)
[13:38] <jtv> USERCOLOR nestoyeur #8A2BE2
[13:38] <jtv> HISTORYEND nestoyeur
[13:38] <jtv> USERCOLOR nestoyeur #8A2BE2
[13:38] <jtv> HISTORYEND toosmart4you
[13:38] <jtv> USERCOLOR nestoyeur #8A2BE2
[13:38] <jtv> HISTORYEND ulquima
[13:38] <jtv> USERCOLOR nestoyeur #8A2BE2
[13:38] <jtv> HISTORYEND tiignon
[13:38] <jtv> USERCOLOR nestoyeur #8A2BE2
[13:38] <jtv> HISTORYEND yuukii_san
[13:38] <jtv> USERCOLOR nestoyeur #8A2BE2
[13:38] <jtv> HISTORYEND sky7o
[13:38] <jtv> USERCOLOR nestoyeur #8A2BE2
[13:38] <jtv> HISTORYEND cubized
[13:38] <jtv> USERCOLOR nestoyeur #8A2BE2
[13:38] <jtv> HISTORYEND al3roth
[13:38] <jtv> USERCOLOR nestoyeur #8A2BE2
[13:38] <jtv> HISTORYEND nightside_clan
Session Close: Sun Dec 01 14:06:54 2013

Session Start: Sun Dec 01 14:13:21 2013
Session Ident: jtv
[14:13] Session Ident: jtv (tmi.twitch.tv, nestoyeur) (jtv@jtv.tmi.twitch.tv)
[14:13] <jtv> USERCOLOR nestoyeur #8A2BE2
[14:13] <jtv> HISTORYEND nestoyeur
[14:13] <jtv> USERCOLOR nestoyeur #8A2BE2
[14:13] <jtv> HISTORYEND al3roth
[14:13] <jtv> USERCOLOR nestoyeur #8A2BE2
[14:13] <jtv> HISTORYEND tiignon
[14:13] <jtv> USERCOLOR nestoyeur #8A2BE2
[14:13] <jtv> HISTORYEND ulquima
[14:13] <jtv> USERCOLOR nestoyeur #8A2BE2
[14:13] <jtv> HISTORYEND nightside_clan
[14:13] <jtv> USERCOLOR nestoyeur #8A2BE2
[14:13] <jtv> HISTORYEND cubized
[14:13] <jtv> USERCOLOR nestoyeur #8A2BE2
[14:13] <jtv> HISTORYEND yuukii_san
[14:13] <jtv> USERCOLOR nestoyeur #8A2BE2
[14:13] <jtv> HISTORYEND sky7o
[14:13] <jtv> USERCOLOR nestoyeur #8A2BE2
[14:13] <jtv> HISTORYEND toosmart4you
Session Time: Mon Dec 02 00:00:00 2013
Session Close: Mon Dec 02 12:24:49 2013

Session Start: Mon Dec 02 12:28:33 2013
Session Ident: jtv
[12:28] Session Ident: jtv (tmi.twitch.tv, nestoyeur) (jtv@jtv.tmi.twitch.tv)
[12:28] <jtv> USERCOLOR nestoyeur #8A2BE2
[12:28] <jtv> HISTORYEND cubized
[12:28] <jtv> USERCOLOR nestoyeur #8A2BE2
[12:28] <jtv> HISTORYEND toosmart4you
[12:28] <jtv> USERCOLOR nestoyeur #8A2BE2
[12:28] <jtv> HISTORYEND tiignon
[12:28] <jtv> USERCOLOR nestoyeur #8A2BE2
[12:28] <jtv> HISTORYEND nestoyeur
[12:28] <jtv> USERCOLOR nestoyeur #8A2BE2
[12:28] <jtv> HISTORYEND sky7o
[12:28] <jtv> USERCOLOR nestoyeur #8A2BE2
[12:28] <jtv> HISTORYEND ulquima
[12:28] <jtv> USERCOLOR nestoyeur #8A2BE2
[12:28] <jtv> HISTORYEND nightside_clan
[12:28] <jtv> USERCOLOR nestoyeur #8A2BE2
[12:28] <jtv> HISTORYEND al3roth
[12:28] <jtv> USERCOLOR nestoyeur #8A2BE2
[12:28] <jtv> HISTORYEND yuukii_san
Session Time: Tue Dec 03 00:00:00 2013

Session Start: Tue Dec 03 00:12:11 2013
Session Ident: jtv
[00:12] Session Ident: jtv (tmi.twitch.tv, nestoyeur) (jtv@jtv.tmi.twitch.tv)
[00:12] <jtv> USERCOLOR nestoyeur #8A2BE2
[00:12] <jtv> HISTORYEND ulquima
[00:12] <jtv> USERCOLOR nestoyeur #8A2BE2
[00:12] <jtv> HISTORYEND nestoyeur
[00:12] <jtv> USERCOLOR nestoyeur #8A2BE2
[00:12] <jtv> HISTORYEND yuukii_san
[00:12] <jtv> USERCOLOR nestoyeur #8A2BE2
[00:12] <jtv> HISTORYEND cubized
[00:12] <jtv> USERCOLOR nestoyeur #8A2BE2
[00:12] <jtv> HISTORYEND al3roth
[00:12] <jtv> USERCOLOR nestoyeur #8A2BE2
[00:12] <jtv> HISTORYEND tiignon
[00:12] <jtv> USERCOLOR nestoyeur #8A2BE2
[00:12] <jtv> HISTORYEND sky7o
[00:12] <jtv> USERCOLOR nestoyeur #8A2BE2
[00:12] <jtv> HISTORYEND toosmart4you
[00:12] <jtv> USERCOLOR nestoyeur #8A2BE2
[00:12] <jtv> HISTORYEND nightside_clan
Session Close: Tue Dec 03 00:12:23 2013

Session Start: Tue Dec 03 16:23:37 2013
Session Ident: jtv
[16:23] Session Ident: jtv (tmi.twitch.tv, nestoyeur) (jtv@jtv.tmi.twitch.tv)
[16:23] <jtv> USERCOLOR nestoyeur #8A2BE2
[16:23] <jtv> HISTORYEND toosmart4you
[16:23] <jtv> USERCOLOR nestoyeur #8A2BE2
[16:23] <jtv> HISTORYEND tiignon
[16:23] <jtv> USERCOLOR nestoyeur #8A2BE2
[16:23] <jtv> HISTORYEND nestoyeur
[16:23] <jtv> USERCOLOR nestoyeur #8A2BE2
[16:23] <jtv> HISTORYEND yuukii_san
[16:23] <jtv> USERCOLOR nestoyeur #8A2BE2
[16:23] <jtv> HISTORYEND cubized
[16:23] <jtv> USERCOLOR nestoyeur #8A2BE2
[16:23] <jtv> HISTORYEND nightside_clan
[16:23] <jtv> USERCOLOR nestoyeur #8A2BE2
[16:23] <jtv> HISTORYEND al3roth
[16:23] <jtv> USERCOLOR nestoyeur #8A2BE2
[16:23] <jtv> HISTORYEND sky7o
[16:23] <jtv> USERCOLOR nestoyeur #8A2BE2
[16:23] <jtv> HISTORYEND ulquima
Session Close: Tue Dec 03 16:23:39 2013
Session Time: Wed Dec 04 00:00:00 2013
Session Close: Wed Dec 04 13:20:42 2013

Session Start: Wed Dec 04 13:30:22 2013
Session Ident: jtv
[13:30] Session Ident: jtv (tmi.twitch.tv, nestoyeur) (jtv@jtv.tmi.twitch.tv)
[13:30] <jtv> USERCOLOR nestoyeur #8A2BE2
[13:30] <jtv> HISTORYEND nestoyeur
[13:30] <jtv> USERCOLOR nestoyeur #8A2BE2
[13:30] <jtv> HISTORYEND nightside_clan
[13:30] <jtv> USERCOLOR nestoyeur #8A2BE2
[13:30] <jtv> HISTORYEND al3roth
[13:30] <jtv> USERCOLOR nestoyeur #8A2BE2
[13:30] <jtv> HISTORYEND toosmart4you
[13:30] <jtv> USERCOLOR nestoyeur #8A2BE2
[13:30] <jtv> HISTORYEND tiignon
[13:30] <jtv> USERCOLOR nestoyeur #8A2BE2
[13:30] <jtv> HISTORYEND yuukii_san
[13:30] <jtv> USERCOLOR nestoyeur #8A2BE2
[13:30] <jtv> HISTORYEND sky7o
[13:30] <jtv> USERCOLOR nestoyeur #8A2BE2
[13:30] <jtv> HISTORYEND cubized
[13:30] <jtv> USERCOLOR nestoyeur #8A2BE2
[13:30] <jtv> HISTORYEND ulquima
Session Time: Thu Dec 05 00:00:00 2013
[16:30] <jtv> Your message was not sent because you are sending messages too quickly.
Session Close: Thu Dec 05 18:25:59 2013

Session Start: Thu Dec 05 18:28:50 2013
Session Ident: jtv
[18:28] Session Ident: jtv (tmi.twitch.tv, nestoyeur) (jtv@jtv.tmi.twitch.tv)
[18:28] <jtv> USERCOLOR nestoyeur #8A2BE2
[18:28] <jtv> HISTORYEND nightside_clan
[18:28] <jtv> USERCOLOR nestoyeur #8A2BE2
[18:28] <jtv> HISTORYEND sky7o
[18:28] <jtv> USERCOLOR nestoyeur #8A2BE2
[18:28] <jtv> HISTORYEND ulquima
[18:28] <jtv> USERCOLOR nestoyeur #8A2BE2
[18:28] <jtv> HISTORYEND tiignon
[18:28] <jtv> USERCOLOR nestoyeur #8A2BE2
[18:28] <jtv> HISTORYEND toosmart4you
[18:28] <jtv> USERCOLOR nestoyeur #8A2BE2
[18:28] <jtv> HISTORYEND yuukii_san
[18:28] <jtv> USERCOLOR nestoyeur #8A2BE2
[18:28] <jtv> HISTORYEND al3roth
[18:28] <jtv> USERCOLOR nestoyeur #8A2BE2
[18:28] <jtv> HISTORYEND nestoyeur
[18:28] <jtv> USERCOLOR nestoyeur #8A2BE2
[18:28] <jtv> HISTORYEND cubized
Session Time: Fri Dec 06 00:00:00 2013
Session Time: Sat Dec 07 00:00:00 2013
Session Close: Sat Dec 07 03:07:17 2013

Session Start: Sat Dec 07 15:33:03 2013
Session Ident: jtv
[15:33] Session Ident: jtv (tmi.twitch.tv, nestoyeur) (jtv@jtv.tmi.twitch.tv)
[15:33] <jtv> USERCOLOR nestoyeur #8A2BE2
[15:33] <jtv> HISTORYEND sky7o
[15:33] <jtv> USERCOLOR nestoyeur #8A2BE2
[15:33] <jtv> HISTORYEND toosmart4you
[15:33] <jtv> USERCOLOR nestoyeur #8A2BE2
[15:33] <jtv> HISTORYEND tiignon
[15:33] <jtv> USERCOLOR nestoyeur #8A2BE2
[15:33] <jtv> HISTORYEND nestoyeur
[15:33] <jtv> USERCOLOR nestoyeur #8A2BE2
[15:33] <jtv> HISTORYEND cubized
[15:33] <jtv> USERCOLOR nestoyeur #8A2BE2
[15:33] <jtv> HISTORYEND nightside_clan
[15:33] <jtv> USERCOLOR nestoyeur #8A2BE2
[15:33] <jtv> HISTORYEND ulquima
[15:33] <jtv> USERCOLOR nestoyeur #8A2BE2
[15:33] <jtv> HISTORYEND yuukii_san
[15:33] <jtv> USERCOLOR nestoyeur #8A2BE2
[15:33] <jtv> HISTORYEND al3roth
Session Time: Sun Dec 08 00:00:00 2013
[01:15] <jtv> Your message was not sent because you are sending messages too quickly.
Session Close: Sun Dec 08 01:56:10 2013

Session Start: Sun Dec 08 01:58:15 2013
Session Ident: jtv
[01:58] Session Ident: jtv (tmi.twitch.tv, nestoyeur) (jtv@jtv.tmi.twitch.tv)
[01:58] <jtv> USERCOLOR nestoyeur #8A2BE2
[01:58] <jtv> HISTORYEND al3roth
[01:58] <jtv> USERCOLOR nestoyeur #8A2BE2
[01:58] <jtv> HISTORYEND sky7o
[01:58] <jtv> USERCOLOR nestoyeur #8A2BE2
[01:58] <jtv> HISTORYEND tiignon
[01:58] <jtv> USERCOLOR nestoyeur #8A2BE2
[01:58] <jtv> HISTORYEND nightside_clan
[01:58] <jtv> USERCOLOR nestoyeur #8A2BE2
[01:58] <jtv> HISTORYEND cubized
[01:58] <jtv> USERCOLOR nestoyeur #8A2BE2
[01:58] <jtv> HISTORYEND toosmart4you
[01:58] <jtv> USERCOLOR nestoyeur #8A2BE2
[01:58] <jtv> HISTORYEND nestoyeur
[01:58] <jtv> USERCOLOR nestoyeur #8A2BE2
[01:58] <jtv> HISTORYEND ulquima
[01:58] <jtv> USERCOLOR nestoyeur #8A2BE2
[01:58] <jtv> HISTORYEND yuukii_san
Session Close: Sun Dec 08 16:26:12 2013

Session Start: Sun Dec 08 16:39:09 2013
Session Ident: jtv
[16:39] Session Ident: jtv (tmi.twitch.tv, nestoyeur) (jtv@jtv.tmi.twitch.tv)
[16:39] <jtv> USERCOLOR nestoyeur #8A2BE2
[16:39] <jtv> HISTORYEND ulquima
[16:39] <jtv> USERCOLOR nestoyeur #8A2BE2
[16:39] <jtv> HISTORYEND nightside_clan
[16:39] <jtv> USERCOLOR nestoyeur #8A2BE2
[16:39] <jtv> HISTORYEND toosmart4you
[16:39] <jtv> USERCOLOR nestoyeur #8A2BE2
[16:39] <jtv> HISTORYEND cubized
[16:39] <jtv> USERCOLOR nestoyeur #8A2BE2
[16:39] <jtv> HISTORYEND tiignon
[16:39] <jtv> USERCOLOR nestoyeur #8A2BE2
[16:39] <jtv> HISTORYEND al3roth
[16:39] <jtv> USERCOLOR nestoyeur #8A2BE2
[16:39] <jtv> HISTORYEND sky7o
[16:39] <jtv> USERCOLOR nestoyeur #8A2BE2
[16:39] <jtv> HISTORYEND yuukii_san
[16:39] <jtv> USERCOLOR nestoyeur #8A2BE2
[16:39] <jtv> HISTORYEND nestoyeur

Session Start: Sun Dec 08 17:01:03 2013
Session Ident: jtv
[17:01] Session Ident: jtv (tmi.twitch.tv, nestoyeur) (jtv@jtv.tmi.twitch.tv)
[17:01] <jtv> USERCOLOR nestoyeur #8A2BE2
[17:01] <jtv> HISTORYEND al3roth
[17:01] <jtv> USERCOLOR nestoyeur #8A2BE2
[17:01] <jtv> HISTORYEND cubized
[17:01] <jtv> USERCOLOR nestoyeur #8A2BE2
[17:01] <jtv> HISTORYEND toosmart4you
[17:01] <jtv> USERCOLOR nestoyeur #8A2BE2
[17:01] <jtv> HISTORYEND tiignon
[17:01] <jtv> USERCOLOR nestoyeur #8A2BE2
[17:01] <jtv> HISTORYEND yuukii_san
[17:01] <jtv> USERCOLOR nestoyeur #8A2BE2
[17:01] <jtv> HISTORYEND ulquima
[17:01] <jtv> USERCOLOR nestoyeur #8A2BE2
[17:01] <jtv> HISTORYEND nightside_clan
[17:01] <jtv> USERCOLOR nestoyeur #8A2BE2
[17:01] <jtv> HISTORYEND sky7o
[17:01] <jtv> USERCOLOR nestoyeur #8A2BE2
[17:01] <jtv> HISTORYEND nestoyeur
Session Close: Sun Dec 08 17:01:04 2013
Session Time: Mon Dec 09 00:00:00 2013
Session Time: Tue Dec 10 00:00:01 2013
Session Close: Tue Dec 10 12:26:36 2013

Session Start: Tue Dec 10 12:45:28 2013
Session Ident: jtv
[12:45] Session Ident: jtv (tmi.twitch.tv, nestoyeur) (jtv@jtv.tmi.twitch.tv)
[12:45] <jtv> USERCOLOR nestoyeur #8A2BE2
[12:45] <jtv> HISTORYEND nestoyeur
[12:45] <jtv> USERCOLOR nestoyeur #8A2BE2
[12:45] <jtv> HISTORYEND nightside_clan
[12:45] <jtv> USERCOLOR nestoyeur #8A2BE2
[12:45] <jtv> HISTORYEND sky7o
[12:45] <jtv> USERCOLOR nestoyeur #8A2BE2
[12:45] <jtv> HISTORYEND toosmart4you
[12:45] <jtv> USERCOLOR nestoyeur #8A2BE2
[12:45] <jtv> HISTORYEND yuukii_san
[12:45] <jtv> USERCOLOR nestoyeur #8A2BE2
[12:45] <jtv> HISTORYEND cubized
[12:45] <jtv> USERCOLOR nestoyeur #8A2BE2
[12:45] <jtv> HISTORYEND tiignon
Session Close: Tue Dec 10 14:58:40 2013

Session Start: Tue Dec 10 15:15:03 2013
Session Ident: jtv
[15:15] Session Ident: jtv (tmi.twitch.tv, nestoyeur) (jtv@jtv.tmi.twitch.tv)
[15:15] <jtv> USERCOLOR nestoyeur #8A2BE2
[15:15] <jtv> HISTORYEND nestoyeur
[15:15] <jtv> USERCOLOR nestoyeur #8A2BE2
[15:15] <jtv> HISTORYEND sky7o
[15:15] <jtv> USERCOLOR nestoyeur #8A2BE2
[15:15] <jtv> HISTORYEND toosmart4you
[15:15] <jtv> USERCOLOR nestoyeur #8A2BE2
[15:15] <jtv> HISTORYEND cubized
[15:15] <jtv> USERCOLOR nestoyeur #8A2BE2
[15:15] <jtv> HISTORYEND nightside_clan
[15:15] <jtv> USERCOLOR nestoyeur #8A2BE2
[15:15] <jtv> HISTORYEND tiignon
[15:15] <jtv> USERCOLOR nestoyeur #8A2BE2
[15:15] <jtv> HISTORYEND yuukii_san
Session Time: Wed Dec 11 00:00:01 2013
Session Close: Wed Dec 11 08:12:19 2013

Session Start: Wed Dec 11 11:39:40 2013
Session Ident: jtv
[11:39] Session Ident: jtv (tmi.twitch.tv, nestoyeur) (jtv@jtv.tmi.twitch.tv)
[11:39] <jtv> USERCOLOR nestoyeur #8A2BE2
[11:39] <jtv> HISTORYEND sky7o
[11:39] <jtv> USERCOLOR nestoyeur #8A2BE2
[11:39] <jtv> HISTORYEND cubized
[11:39] <jtv> USERCOLOR nestoyeur #8A2BE2
[11:39] <jtv> HISTORYEND toosmart4you
[11:39] <jtv> USERCOLOR nestoyeur #8A2BE2
[11:39] <jtv> HISTORYEND nightside_clan
[11:39] <jtv> USERCOLOR nestoyeur #8A2BE2
[11:39] <jtv> HISTORYEND nestoyeur
[11:39] <jtv> USERCOLOR nestoyeur #8A2BE2
[11:39] <jtv> HISTORYEND tiignon
[11:39] <jtv> USERCOLOR nestoyeur #8A2BE2
[11:39] <jtv> HISTORYEND yuukii_san
Session Time: Thu Dec 12 00:00:00 2013
Session Close: Thu Dec 12 11:38:49 2013

Session Start: Thu Dec 12 11:54:22 2013
Session Ident: jtv
[11:54] Session Ident: jtv (tmi.twitch.tv, nestoyeur) (jtv@jtv.tmi.twitch.tv)
[11:54] <jtv> USERCOLOR nestoyeur #8A2BE2
[11:54] <jtv> HISTORYEND toosmart4you
[11:54] <jtv> USERCOLOR nestoyeur #8A2BE2
[11:54] <jtv> HISTORYEND nightside_clan
[11:54] <jtv> USERCOLOR nestoyeur #8A2BE2
[11:54] <jtv> HISTORYEND nestoyeur
[11:54] <jtv> USERCOLOR nestoyeur #8A2BE2
[11:54] <jtv> HISTORYEND cubized
[11:54] <jtv> USERCOLOR nestoyeur #8A2BE2
[11:54] <jtv> HISTORYEND yuukii_san
[11:54] <jtv> USERCOLOR nestoyeur #8A2BE2
[11:54] <jtv> HISTORYEND tiignon
[11:54] <jtv> USERCOLOR nestoyeur #8A2BE2
[11:54] <jtv> HISTORYEND sky7o
Session Time: Fri Dec 13 00:00:00 2013
Session Close: Fri Dec 13 07:51:26 2013

Session Start: Fri Dec 13 17:40:25 2013
Session Ident: jtv
[17:40] Session Ident: jtv (tmi.twitch.tv, nestoyeur) (jtv@jtv.tmi.twitch.tv)
[17:40] <jtv> USERCOLOR nestoyeur #8A2BE2
[17:40] <jtv> HISTORYEND yuukii_san
[17:40] <jtv> USERCOLOR nestoyeur #8A2BE2
[17:40] <jtv> HISTORYEND cubized
[17:40] <jtv> USERCOLOR nestoyeur #8A2BE2
[17:40] <jtv> HISTORYEND nestoyeur
[17:40] <jtv> USERCOLOR nestoyeur #8A2BE2
[17:40] <jtv> HISTORYEND tiignon
[17:40] <jtv> USERCOLOR nestoyeur #8A2BE2
[17:40] <jtv> HISTORYEND sky7o
[17:40] <jtv> USERCOLOR nestoyeur #8A2BE2
[17:40] <jtv> HISTORYEND nightside_clan
[17:40] <jtv> USERCOLOR nestoyeur #8A2BE2
[17:40] <jtv> HISTORYEND toosmart4you
Session Close: Fri Dec 13 19:11:13 2013

Session Start: Fri Dec 13 19:44:07 2013
Session Ident: jtv
[19:44] Session Ident: jtv (tmi.twitch.tv, nestoyeur) (jtv@jtv.tmi.twitch.tv)
[19:44] <jtv> USERCOLOR nestoyeur #8A2BE2
[19:44] <jtv> HISTORYEND nestoyeur
[19:44] <jtv> USERCOLOR nestoyeur #8A2BE2
[19:44] <jtv> HISTORYEND tiignon
[19:44] <jtv> USERCOLOR nestoyeur #8A2BE2
[19:44] <jtv> HISTORYEND cubized
[19:44] <jtv> USERCOLOR nestoyeur #8A2BE2
[19:44] <jtv> HISTORYEND sky7o
[19:44] <jtv> USERCOLOR nestoyeur #8A2BE2
[19:44] <jtv> HISTORYEND nightside_clan
[19:44] <jtv> USERCOLOR nestoyeur #8A2BE2
[19:44] <jtv> HISTORYEND yuukii_san
[19:44] <jtv> USERCOLOR nestoyeur #8A2BE2
[19:44] <jtv> HISTORYEND toosmart4you
Session Time: Sat Dec 14 00:00:00 2013
Session Close: Sat Dec 14 22:25:03 2013

Session Start: Sat Dec 14 22:32:11 2013
Session Ident: jtv
[22:32] Session Ident: jtv (tmi.twitch.tv, nestoyeur) (jtv@jtv.tmi.twitch.tv)
[22:32] <jtv> USERCOLOR nestoyeur #8A2BE2
[22:32] <jtv> HISTORYEND toosmart4you
[22:32] <jtv> USERCOLOR nestoyeur #8A2BE2
[22:32] <jtv> HISTORYEND tiignon
[22:32] <jtv> USERCOLOR nestoyeur #8A2BE2
[22:32] <jtv> HISTORYEND cubized
[22:32] <jtv> USERCOLOR nestoyeur #8A2BE2
[22:32] <jtv> HISTORYEND sky7o
[22:32] <jtv> USERCOLOR nestoyeur #8A2BE2
[22:32] <jtv> HISTORYEND yuukii_san
[22:32] <jtv> USERCOLOR nestoyeur #8A2BE2
[22:32] <jtv> HISTORYEND nestoyeur
[22:32] <jtv> USERCOLOR nestoyeur #8A2BE2
[22:32] <jtv> HISTORYEND nightside_clan
Session Time: Sun Dec 15 00:00:00 2013
Session Time: Mon Dec 16 00:00:00 2013
Session Close: Mon Dec 16 06:59:26 2013

Session Start: Mon Dec 16 07:05:25 2013
Session Ident: jtv
[07:05] Session Ident: jtv (tmi.twitch.tv, nestoyeur) (jtv@jtv.tmi.twitch.tv)
[07:05] <jtv> USERCOLOR nestoyeur #8A2BE2
[07:05] <jtv> HISTORYEND cubized
[07:05] <jtv> USERCOLOR nestoyeur #8A2BE2
[07:05] <jtv> HISTORYEND toosmart4you
[07:05] <jtv> USERCOLOR nestoyeur #8A2BE2
[07:05] <jtv> HISTORYEND sky7o
[07:05] <jtv> USERCOLOR nestoyeur #8A2BE2
[07:05] <jtv> HISTORYEND tiignon
[07:05] <jtv> USERCOLOR nestoyeur #8A2BE2
[07:05] <jtv> HISTORYEND yuukii_san
[07:05] <jtv> USERCOLOR nestoyeur #8A2BE2
[07:05] <jtv> HISTORYEND nestoyeur
[07:05] <jtv> USERCOLOR nestoyeur #8A2BE2
[07:05] <jtv> HISTORYEND nightside_clan
Session Close: Mon Dec 16 19:21:51 2013

Session Start: Mon Dec 16 19:35:19 2013
Session Ident: jtv
[19:35] Session Ident: jtv (tmi.twitch.tv, nestoyeur) (jtv@jtv.tmi.twitch.tv)
[19:35] <jtv> USERCOLOR nestoyeur #8A2BE2
[19:35] <jtv> HISTORYEND nestoyeur
[19:35] <jtv> USERCOLOR nestoyeur #8A2BE2
[19:35] <jtv> HISTORYEND cubized
[19:35] <jtv> USERCOLOR nestoyeur #8A2BE2
[19:35] <jtv> HISTORYEND sky7o
[19:35] <jtv> USERCOLOR nestoyeur #8A2BE2
[19:35] <jtv> HISTORYEND yuukii_san
[19:35] <jtv> USERCOLOR nestoyeur #8A2BE2
[19:35] <jtv> HISTORYEND tiignon
[19:35] <jtv> USERCOLOR nestoyeur #8A2BE2
[19:35] <jtv> HISTORYEND toosmart4you
[19:35] <jtv> USERCOLOR nestoyeur #8A2BE2
[19:35] <jtv> HISTORYEND nightside_clan
Session Time: Tue Dec 17 00:00:00 2013
Session Time: Wed Dec 18 00:00:01 2013
Session Close: Wed Dec 18 18:10:01 2013

Session Start: Wed Dec 18 18:19:16 2013
Session Ident: jtv
[18:19] Session Ident: jtv (tmi.twitch.tv, nestoyeur) (jtv@jtv.tmi.twitch.tv)
[18:19] <jtv> USERCOLOR nestoyeur #8A2BE2
[18:19] <jtv> HISTORYEND cubized
[18:19] <jtv> USERCOLOR nestoyeur #8A2BE2
[18:19] <jtv> HISTORYEND sky7o
[18:19] <jtv> USERCOLOR nestoyeur #8A2BE2
[18:19] <jtv> HISTORYEND nestoyeur
[18:19] <jtv> USERCOLOR nestoyeur #8A2BE2
[18:19] <jtv> HISTORYEND toosmart4you
[18:19] <jtv> USERCOLOR nestoyeur #8A2BE2
[18:19] <jtv> HISTORYEND tiignon
[18:19] <jtv> USERCOLOR nestoyeur #8A2BE2
[18:19] <jtv> HISTORYEND yuukii_san
[18:19] <jtv> USERCOLOR nestoyeur #8A2BE2
[18:19] <jtv> HISTORYEND nightside_clan
Session Close: Wed Dec 18 19:53:52 2013

Session Start: Wed Dec 18 20:01:38 2013
Session Ident: jtv
[20:01] Session Ident: jtv (tmi.twitch.tv, nestoyeur) (jtv@jtv.tmi.twitch.tv)
[20:01] <jtv> USERCOLOR nestoyeur #8A2BE2
[20:01] <jtv> HISTORYEND cubized
[20:01] <jtv> USERCOLOR nestoyeur #8A2BE2
[20:01] <jtv> HISTORYEND yuukii_san
[20:01] <jtv> USERCOLOR nestoyeur #8A2BE2
[20:01] <jtv> HISTORYEND nestoyeur
[20:01] <jtv> USERCOLOR nestoyeur #8A2BE2
[20:01] <jtv> HISTORYEND tiignon
[20:01] <jtv> USERCOLOR nestoyeur #8A2BE2
[20:01] <jtv> HISTORYEND sky7o
[20:01] <jtv> USERCOLOR nestoyeur #8A2BE2
[20:01] <jtv> HISTORYEND toosmart4you
[20:01] <jtv> USERCOLOR nestoyeur #8A2BE2
[20:01] <jtv> HISTORYEND nightside_clan
Session Time: Thu Dec 19 00:00:00 2013

Session Start: Thu Dec 19 18:07:38 2013
Session Ident: jtv
[18:07] Session Ident: jtv (tmi.twitch.tv, nestoyeur) (jtv@jtv.tmi.twitch.tv)
[18:07] <jtv> USERCOLOR nestoyeur #8A2BE2
[18:07] <jtv> HISTORYEND yuukii_san
[18:07] <jtv> USERCOLOR nestoyeur #8A2BE2
[18:07] <jtv> HISTORYEND nestoyeur
[18:07] <jtv> USERCOLOR nestoyeur #8A2BE2
[18:07] <jtv> HISTORYEND nightside_clan
[18:07] <jtv> USERCOLOR nestoyeur #8A2BE2
[18:07] <jtv> HISTORYEND tiignon
[18:07] <jtv> USERCOLOR nestoyeur #8A2BE2
[18:07] <jtv> HISTORYEND toosmart4you
[18:07] <jtv> USERCOLOR nestoyeur #8A2BE2
[18:07] <jtv> HISTORYEND cubized
[18:07] <jtv> USERCOLOR nestoyeur #8A2BE2
[18:07] <jtv> HISTORYEND sky7o
Session Time: Fri Dec 20 00:00:01 2013
Session Time: Sat Dec 21 00:00:01 2013
Session Close: Sat Dec 21 08:19:12 2013
