
Session Start: Sun May 25 01:33:33 2014
Session Ident: #cptnohard
[01:33] * Now talking in #cptnohard
[01:33] *** *** [01:33] *** *** Bonjour à tous, je m'éveille. A présent vous gagnez de l'xp et des gils à chaque minutes qui passe.
[01:33] * jtv sets mode: +o basementballer
[01:33] * jtv sets mode: +o icurli
[01:33] * jtv sets mode: +o blazeweed420
[01:33] * jtv sets mode: +o iwalkinpubs
[01:33] * jtv sets mode: +o cptnohard
[01:33] * jtv sets mode: +o nightbot
[01:33] * jtv sets mode: +o vedread
[01:33] * jtv sets mode: +o cptb0t
[01:33] * scheooo (scheooo@scheooo.tmi.twitch.tv) has joined #cptnohard
[01:33] * imabloke2412 (imabloke2412@imabloke2412.tmi.twitch.tv) has joined #cptnohard
[01:33] * exsoo (exsoo@exsoo.tmi.twitch.tv) has joined #cptnohard
[01:33] * xgrisen (xgrisen@xgrisen.tmi.twitch.tv) has joined #cptnohard
[01:33] * macstonehill (macstonehill@macstonehill.tmi.twitch.tv) has joined #cptnohard
[01:33] * applespacer (applespacer@applespacer.tmi.twitch.tv) has joined #cptnohard
[01:33] * bustanuts (bustanuts@bustanuts.tmi.twitch.tv) has left #cptnohard
[01:33] * sponge_bot (sponge_bot@sponge_bot.tmi.twitch.tv) has left #cptnohard
[01:33] * igaxapollo (igaxapollo@igaxapollo.tmi.twitch.tv) has left #cptnohard
[01:33] * 123killmachine (123killmachine@123killmachine.tmi.twitch.tv) has left #cptnohard
[01:33] * mindseyexp (mindseyexp@mindseyexp.tmi.twitch.tv) has left #cptnohard
[01:33] * kalarth (kalarth@kalarth.tmi.twitch.tv) has left #cptnohard
[01:33] <markethe> what r u farming for?
[01:33] *** *** [01:33] *** *** [JOIN] nestbot , scheooo , imabloke2412 , exsoo , xgrisen , macstonehill , applespacer
[01:33] *** *** [01:33] *** *** [LEAVE] bustanuts, sponge_bot, igaxapollo, 123killmachine, mindseyexp, kalarth
[01:33] * vegash (vegash@vegash.tmi.twitch.tv) has joined #cptnohard
[01:33] * tortureyoutv (tortureyoutv@tortureyoutv.tmi.twitch.tv) has joined #cptnohard
[01:33] * blinkkkk (blinkkkk@blinkkkk.tmi.twitch.tv) has joined #cptnohard
[01:33] * doneczek (doneczek@doneczek.tmi.twitch.tv) has joined #cptnohard
[01:33] * applespacer (applespacer@applespacer.tmi.twitch.tv) has left #cptnohard
[01:33] * homam1234 (homam1234@homam1234.tmi.twitch.tv) has left #cptnohard
[01:33] * h0lyfield (h0lyfield@h0lyfield.tmi.twitch.tv) has left #cptnohard
[01:33] * aadept (aadept@aadept.tmi.twitch.tv) has left #cptnohard
[01:33] *** *** [01:33] *** *** XP Par minutes: 3385
[01:34] <donatehooker> your streaming fuck yeahhhh
[01:34] *** *** [01:34] *** *** [JOIN] vegash , tortureyoutv , blinkkkk , doneczek
[01:34] *** *** [01:34] *** *** [LEAVE] applespacer, homam1234, h0lyfield, aadept
[01:34] <nuckingfigger12xd> You even lift?
[01:34] * hellbus (hellbus@hellbus.tmi.twitch.tv) has joined #cptnohard
[01:34] * markethe (markethe@markethe.tmi.twitch.tv) has joined #cptnohard
[01:34] * logal98 (logal98@logal98.tmi.twitch.tv) has joined #cptnohard
[01:34] * cobhc_wildchild (cobhc_wildchild@cobhc_wildchild.tmi.twitch.tv) has joined #cptnohard
[01:34] * insaneuniverse (insaneuniverse@insaneuniverse.tmi.twitch.tv) has joined #cptnohard
[01:34] * fatnerd8 (fatnerd8@fatnerd8.tmi.twitch.tv) has left #cptnohard
[01:34] * hoopharts_ (hoopharts_@hoopharts_.tmi.twitch.tv) has left #cptnohard
[01:34] * pohos (pohos@pohos.tmi.twitch.tv) has left #cptnohard
[01:34] * zclyde (zclyde@zclyde.tmi.twitch.tv) has left #cptnohard
[01:34] *** *** [01:34] *** *** XP Par minutes: 3385
[01:34] <@nightbot> http://www.diablofans.com/news/48053-maximizing-efficiency-guide-squalls-personal
[01:34] *** *** [01:34] *** *** [JOIN] hellbus , markethe , logal98 , cobhc_wildchild , insaneuniverse
[01:34] *** *** [01:34] *** *** [LEAVE] fatnerd8, hoopharts_, pohos, zclyde
[01:34] *** *** [01:34] *** *** XP Par minutes: 3390
[01:34] * krudtugle (krudtugle@krudtugle.tmi.twitch.tv) has joined #cptnohard
[01:34] * donatehooker (donatehooker@donatehooker.tmi.twitch.tv) has joined #cptnohard
[01:34] * craugy (craugy@craugy.tmi.twitch.tv) has joined #cptnohard
[01:34] * sithex15 (sithex15@sithex15.tmi.twitch.tv) has joined #cptnohard
[01:34] * georgeblumey (georgeblumey@georgeblumey.tmi.twitch.tv) has joined #cptnohard
[01:34] * klyons4545 (klyons4545@klyons4545.tmi.twitch.tv) has joined #cptnohard
[01:34] * xgrisen (xgrisen@xgrisen.tmi.twitch.tv) has left #cptnohard
[01:34] * exsoo (exsoo@exsoo.tmi.twitch.tv) has left #cptnohard
[01:34] * strikkeper (strikkeper@strikkeper.tmi.twitch.tv) has left #cptnohard
[01:34] * vegash (vegash@vegash.tmi.twitch.tv) has left #cptnohard
[01:34] * macstonehill (macstonehill@macstonehill.tmi.twitch.tv) has left #cptnohard
[01:34] * deathdefier (deathdefier@deathdefier.tmi.twitch.tv) has left #cptnohard
[01:34] * insaneuniverse (insaneuniverse@insaneuniverse.tmi.twitch.tv) has left #cptnohard
[01:34] *** *** [01:34] *** *** [STATS] MAJ des stats de discussion: http://nestoyeur.tv/log
[01:34] *** *** [01:34] *** ***
[01:34] *** *** [01:34] *** *** [JOIN] krudtugle , donatehooker , craugy , sithex15 , georgeblumey , klyons4545
[01:34] * nuckingfigger12xd (nuckingfigger12xd@nuckingfigger12xd.tmi.twitch.tv) has joined #cptnohard
[01:34] * ansible27 (ansible27@ansible27.tmi.twitch.tv) has joined #cptnohard
[01:34] * knowledgedk (knowledgedk@knowledgedk.tmi.twitch.tv) has left #cptnohard
[01:34] * craugy (craugy@craugy.tmi.twitch.tv) has left #cptnohard
[01:34] * logal98 (logal98@logal98.tmi.twitch.tv) has left #cptnohard
[01:34] * ragethenquitx (ragethenquitx@ragethenquitx.tmi.twitch.tv) has left #cptnohard
[01:34] *** *** [01:34] *** *** [LEAVE] xgrisen, exsoo, strikkeper, vegash, macstonehill, deathdefier, insaneuniverse
[01:34] *** *** [01:34] *** *** XP Par minutes: 3385
[01:34] <amanofdanger> Bye cpt have a good day man. 
[01:35] *** *** [01:35] *** *** [JOIN] nuckingfigger12xd , ansible27
[01:35] *** *** [01:35] *** *** [LEAVE] knowledgedk, craugy, logal98, ragethenquitx
[01:35] * jiajunl (jiajunl@jiajunl.tmi.twitch.tv) has joined #cptnohard
[01:35] * viryon (viryon@viryon.tmi.twitch.tv) has joined #cptnohard
[01:35] * copper007head (copper007head@copper007head.tmi.twitch.tv) has joined #cptnohard
[01:35] *** *** [01:35] *** *** XP Par minutes: 3375
[01:35] <godofpwnu> how is 2 day treating you
[01:35] <juzgentho> hows everyone doing
[01:35] <@nightbot> CPT NO HARD latest build! http://us.battle.net/d3/en/profile/CptNoHard-1949/hero/6354743
[01:35] *** *** [01:35] *** *** [JOIN] jiajunl , viryon , copper007head
[01:35] *** *** [01:35] *** *** XP Par minutes: 3385
[01:35] * tofoxx (tofoxx@tofoxx.tmi.twitch.tv) has joined #cptnohard
[01:35] * amanofdanger (amanofdanger@amanofdanger.tmi.twitch.tv) has joined #cptnohard
[01:35] * pandamemnon (pandamemnon@pandamemnon.tmi.twitch.tv) has joined #cptnohard
[01:35] * cobhc_wildchild (cobhc_wildchild@cobhc_wildchild.tmi.twitch.tv) has left #cptnohard
[01:35] * seanshiny (seanshiny@seanshiny.tmi.twitch.tv) has left #cptnohard
[01:35] * viryon (viryon@viryon.tmi.twitch.tv) has left #cptnohard
[01:35] <torskpatallin> Can u play fallout boy young volcanoes?!
[01:35] *** *** [01:35] *** ***
[01:35] *** *** [01:35] *** *** [JOIN] tofoxx , amanofdanger , pandamemnon
[01:35] *** *** [01:35] *** *** [LEAVE] cobhc_wildchild, seanshiny, viryon
[01:35] *** *** [01:35] *** *** XP Par minutes: 3390
[01:35] * maqler (maqler@maqler.tmi.twitch.tv) has joined #cptnohard
[01:35] * ukkoz (ukkoz@ukkoz.tmi.twitch.tv) has joined #cptnohard
[01:35] * domepiece1103 (domepiece1103@domepiece1103.tmi.twitch.tv) has joined #cptnohard
[01:35] * juzgentho (juzgentho@juzgentho.tmi.twitch.tv) has joined #cptnohard
[01:35] * torskpatallin (torskpatallin@torskpatallin.tmi.twitch.tv) has joined #cptnohard
[01:35] * aasuyam (aasuyam@aasuyam.tmi.twitch.tv) has joined #cptnohard
[01:35] * qskstz (qskstz@qskstz.tmi.twitch.tv) has joined #cptnohard
[01:35] * godofpwnu (godofpwnu@godofpwnu.tmi.twitch.tv) has joined #cptnohard
[01:35] * fishy_hdtv (fishy_hdtv@fishy_hdtv.tmi.twitch.tv) has joined #cptnohard
[01:35] * jiajunl (jiajunl@jiajunl.tmi.twitch.tv) has left #cptnohard
[01:35] * injecturmom (injecturmom@injecturmom.tmi.twitch.tv) has left #cptnohard
[01:35] * little2cowsxd (little2cowsxd@little2cowsxd.tmi.twitch.tv) has left #cptnohard
[01:35] * littleorsven (littleorsven@littleorsven.tmi.twitch.tv) has left #cptnohard
[01:35] * x_nomercy_ (x_nomercy_@x_nomercy_.tmi.twitch.tv) has left #cptnohard
[01:36] *** *** [01:36] *** *** [JOIN] maqler , ukkoz , domepiece1103 , juzgentho , torskpatallin , aasuyam , qskstz , godofpwnu , fishy_hdtv
[01:36] * thestukito (thestukito@thestukito.tmi.twitch.tv) has joined #cptnohard
[01:36] * darkice997 (darkice997@darkice997.tmi.twitch.tv) has joined #cptnohard
[01:36] * eskazed (eskazed@eskazed.tmi.twitch.tv) has joined #cptnohard
[01:36] * philz0ne (philz0ne@philz0ne.tmi.twitch.tv) has joined #cptnohard
[01:36] * tofoxx (tofoxx@tofoxx.tmi.twitch.tv) has left #cptnohard
[01:36] * xinck7 (xinck7@xinck7.tmi.twitch.tv) has left #cptnohard
[01:36] * schoolworkxp (schoolworkxp@schoolworkxp.tmi.twitch.tv) has left #cptnohard
[01:36] * pandamemnon (pandamemnon@pandamemnon.tmi.twitch.tv) has left #cptnohard
[01:36] *** *** [01:36] *** *** [LEAVE] jiajunl, injecturmom, little2cowsxd, littleorsven, x_nomercy_
[01:36] *** *** [01:36] *** *** XP Par minutes: 3410
[01:36] *** *** [01:36] *** *** [JOIN] thestukito , darkice997 , eskazed , philz0ne
[01:36] <ooooolalambiax> !cptgold
[01:36] *** *** [01:36] *** *** [LEAVE] tofoxx, xinck7, schoolworkxp, pandamemnon
[01:36] * lqc640913 (lqc640913@lqc640913.tmi.twitch.tv) has joined #cptnohard
[01:36] * blindhydra (blindhydra@blindhydra.tmi.twitch.tv) has joined #cptnohard
[01:36] * wavedemon (wavedemon@wavedemon.tmi.twitch.tv) has joined #cptnohard
[01:36] * daraku666 (daraku666@daraku666.tmi.twitch.tv) has joined #cptnohard
[01:36] * qskstz (qskstz@qskstz.tmi.twitch.tv) has left #cptnohard
[01:36] <@nightbot> !songrequest "YouTube Video ID or Soundcloud URL" Example: !songrequest k6lVhGeyXuw
[01:36] *** *** [01:36] *** *** XP Par minutes: 3410
[01:36] <@cptb0t> cptgold: Ooooolalambiax - 113000
[01:36] * Disconnected
[01:37] * Attempting to rejoin channel #cptnohard
[01:37] * Rejoined channel #cptnohard
[01:37] *** *** [01:37] *** *** Bonjour à tous, je m'éveille. A présent vous gagnez de l'xp et des gils à chaque minutes qui passe.
[01:37] * jtv sets mode: +o blazeweed420
[01:37] * jtv sets mode: +o iwalkinpubs
[01:37] * jtv sets mode: +o cptnohard
[01:37] * jtv sets mode: +o vedread
[01:37] * jtv sets mode: +o basementballer
[01:37] * jtv sets mode: +o cptb0t
[01:37] * jtv sets mode: +o icurli
[01:37] * jtv sets mode: +o nightbot
[01:37] * jtv sets mode: +o blazeweed420
[01:37] * jtv sets mode: +o iwalkinpubs
[01:37] * jtv sets mode: +o cptnohard
[01:37] * jtv sets mode: +o vedread
[01:37] * jtv sets mode: +o basementballer
[01:37] * jtv sets mode: +o cptb0t
[01:37] * jtv sets mode: +o icurli
[01:37] * jtv sets mode: +o nightbot
[01:38] * guitarherosuperstar (guitarherosuperstar@guitarherosuperstar.tmi.twitch.tv) has joined #cptnohard
[01:38] * igaxapollo (igaxapollo@igaxapollo.tmi.twitch.tv) has joined #cptnohard
[01:38] * shatterbox (shatterbox@shatterbox.tmi.twitch.tv) has left #cptnohard
[01:38] <@cptnohard> http://www.diabloprogress.com/hero/cptnohard-1949/FireCrotch/6354743
[01:38] <@nightbot> cptgold is used for giveaways, joining the clan and more! Gambling will be available sometimes to earn a lot of cptgold. Raffles will happen for awesome giveaways. Cptnohard is always doing giveaways!
[01:38] *** *** [01:38] *** *** [JOIN] nestbot , guitarherosuperstar , igaxapollo
[01:38] *** *** [01:38] *** *** [LEAVE] shatterbox
[01:38] * rwardinosaur (rwardinosaur@rwardinosaur.tmi.twitch.tv) has joined #cptnohard
[01:38] * oliverz045 (oliverz045@oliverz045.tmi.twitch.tv) has left #cptnohard
[01:38] * fareranom (fareranom@fareranom.tmi.twitch.tv) has left #cptnohard
[01:38] * blinkkkk (blinkkkk@blinkkkk.tmi.twitch.tv) has left #cptnohard
[01:38] <diskostik> !piratetalk
[01:38] *** *** [01:38] *** *** XP Par minutes: 3430
[01:38] <@nightbot> Want to talk like a pirate? Go here ---> http://postlikeapirate.com/
[01:38] <goldherald> do u like boats
[01:38] <unholytrol1> is that 90%? o;;
[01:38] *** *** [01:38] *** *** [JOIN] rwardinosaur
[01:38] *** *** [01:38] *** *** [LEAVE] oliverz045, fareranom, blinkkkk
[01:38] <chantoo> MAX CDR %?
[01:38] * dyetim1 (dyetim1@dyetim1.tmi.twitch.tv) has joined #cptnohard
[01:38] * ae_eternity (ae_eternity@ae_eternity.tmi.twitch.tv) has joined #cptnohard
[01:38] * thathorst (thathorst@thathorst.tmi.twitch.tv) has joined #cptnohard
[01:38] * ekami (ekami@ekami.tmi.twitch.tv) has joined #cptnohard
[01:38] * moejizzle (moejizzle@moejizzle.tmi.twitch.tv) has joined #cptnohard
[01:38] * pwneedyolo (pwneedyolo@pwneedyolo.tmi.twitch.tv) has joined #cptnohard
[01:38] * og_tankosaurus (og_tankosaurus@og_tankosaurus.tmi.twitch.tv) has joined #cptnohard
[01:38] * v4lleym4n (v4lleym4n@v4lleym4n.tmi.twitch.tv) has joined #cptnohard
[01:38] * gaurdianwolf (gaurdianwolf@gaurdianwolf.tmi.twitch.tv) has left #cptnohard
[01:38] * battle_trap (battle_trap@battle_trap.tmi.twitch.tv) has left #cptnohard
[01:38] * runeyoday (runeyoday@runeyoday.tmi.twitch.tv) has left #cptnohard
[01:38] * gekooooo (gekooooo@gekooooo.tmi.twitch.tv) has left #cptnohard
[01:38] * igaxapollo (igaxapollo@igaxapollo.tmi.twitch.tv) has left #cptnohard
[01:38] * hellbus (hellbus@hellbus.tmi.twitch.tv) has left #cptnohard
[01:38] * magazinelovely (magazinelovely@magazinelovely.tmi.twitch.tv) has left #cptnohard
[01:38] * rwardinosaur (rwardinosaur@rwardinosaur.tmi.twitch.tv) has left #cptnohard
[01:38] <unholytrol1> Not sure what is the max cdr
[01:38] *** *** [01:38] *** *** XP Par minutes: 3420
[01:38] <ak47assault> hello
[01:38] *** *** [01:38] *** *** [STATS] MAJ des stats de discussion: http://nestoyeur.tv/log
[01:39] * zuerto (zuerto@zuerto.tmi.twitch.tv) has joined #cptnohard
[01:39] * jadas12345 (jadas12345@jadas12345.tmi.twitch.tv) has joined #cptnohard
[01:39] * duaber (duaber@duaber.tmi.twitch.tv) has joined #cptnohard
[01:39] * goldherald (goldherald@goldherald.tmi.twitch.tv) has joined #cptnohard
[01:39] *** *** [01:39] *** *** [LEAVE] gaurdianwolf, battle_trap, runeyoday, gekooooo, igaxapollo, hellbus, magazinelovely, rwardinosaur
[01:39] <placeblog> lol
[01:39] <tandrelice> !armory
[01:39] <@nightbot> CPT NO HARD armory! http://us.battle.net/d3/en/profile/CptNoHard-1949/
[01:39] *** *** [01:39] *** ***
[01:39] <@cptnohard> http://www.diabloprogress.com/hero/cptnohard-1949/FireCrotch/6354743
[01:39] <@cptnohard> http://www.diabloprogress.com/hero/cptnohard-1949/FireCrotch/6354743
[01:39] <dgwethbrgej> cpt you need more moderatorzzzzz
[01:39] <@cptnohard> http://www.diabloprogress.com/hero/cptnohard-1949/FireCrotch/6354743
[01:39] *** *** [01:39] *** *** [JOIN] dyetim1 , ae_eternity , thathorst , ekami , moejizzle , pwneedyolo , og_tankosaurus , v4lleym4n , zuerto , jadas12345 , duaber , goldherald
[01:39] *** *** [01:39] *** *** XP Par minutes: 3435
[01:39] * dsecration (dsecration@dsecration.tmi.twitch.tv) has joined #cptnohard
[01:39] * brokenreflex (brokenreflex@brokenreflex.tmi.twitch.tv) has joined #cptnohard
[01:39] * einmanarmy (einmanarmy@einmanarmy.tmi.twitch.tv) has joined #cptnohard
[01:39] * seacow2001 (seacow2001@seacow2001.tmi.twitch.tv) has joined #cptnohard
[01:39] * ak47assault (ak47assault@ak47assault.tmi.twitch.tv) has joined #cptnohard
[01:39] * lolagodzilla (lolagodzilla@lolagodzilla.tmi.twitch.tv) has left #cptnohard
[01:39] * lewisxcab (lewisxcab@lewisxcab.tmi.twitch.tv) has left #cptnohard
[01:39] * ukkoz (ukkoz@ukkoz.tmi.twitch.tv) has left #cptnohard
[01:39] * ekami (ekami@ekami.tmi.twitch.tv) has left #cptnohard
[01:39] <@nightbot> #1 Cool Down Reduction (CDR) in the world! http://www.diabloprogress.com/hero/cptnohard-1949/FireCrotch/6354743
[01:39] <@cptnohard> Look at cdr
[01:39] <unholytrol1> u have 61% CDR ,that isn't max cdr ^^ 
[01:39] <@cptnohard> Let me check
[01:39] <@cptnohard> Its not?
[01:39] *** *** [01:39] *** *** [JOIN] dsecration , brokenreflex , einmanarmy , seacow2001 , ak47assault
[01:39] <@cptnohard> Hmmm
[01:39] *** *** [01:39] *** *** [LEAVE] lolagodzilla, lewisxcab, ukkoz, ekami
[01:39] <@cptnohard> Thats interesting
[01:39] *** *** [01:39] *** *** XP Par minutes: 3445
[01:39] * dgwethbrgej (dgwethbrgej@dgwethbrgej.tmi.twitch.tv) has joined #cptnohard
[01:39] * lagovsky (lagovsky@lagovsky.tmi.twitch.tv) has joined #cptnohard
[01:39] * placeblog (placeblog@placeblog.tmi.twitch.tv) has joined #cptnohard
[01:39] * necrosadist12 (necrosadist12@necrosadist12.tmi.twitch.tv) has joined #cptnohard
[01:39] * dagig (dagig@dagig.tmi.twitch.tv) has joined #cptnohard
[01:39] * dekimpebart (dekimpebart@dekimpebart.tmi.twitch.tv) has joined #cptnohard
[01:39] * devonizer (devonizer@devonizer.tmi.twitch.tv) has joined #cptnohard
[01:39] * og_tankosaurus (og_tankosaurus@og_tankosaurus.tmi.twitch.tv) has left #cptnohard
[01:39] * krazzay (krazzay@krazzay.tmi.twitch.tv) has left #cptnohard
[01:39] * v4lleym4n (v4lleym4n@v4lleym4n.tmi.twitch.tv) has left #cptnohard
[01:39] * optryhard (optryhard@optryhard.tmi.twitch.tv) has left #cptnohard
[01:39] <@cptnohard> http://www.reddit.com/r/Diablo/comments/21noko/8_second_cooldown_all_runes_archon_full_tals_build/
[01:39] <unholytrol1> I'm a trolltho <3
[01:39] <fiin3st> How much DPS does he have?
[01:39] *** *** [01:39] *** *** [JOIN] dgwethbrgej , lagovsky , placeblog , necrosadist12 , dagig , dekimpebart , devonizer
[01:39] * jsoderberg (jsoderberg@jsoderberg.tmi.twitch.tv) has joined #cptnohard
[01:39] * chewy__ (chewy__@chewy__.tmi.twitch.tv) has joined #cptnohard
[01:39] * houdyho (houdyho@houdyho.tmi.twitch.tv) has joined #cptnohard
[01:39] * devonizer (devonizer@devonizer.tmi.twitch.tv) has left #cptnohard
[01:39] * tlshevagoal (tlshevagoal@tlshevagoal.tmi.twitch.tv) has left #cptnohard
[01:39] * wtfheatherxd (wtfheatherxd@wtfheatherxd.tmi.twitch.tv) has left #cptnohard
[01:39] * lqc640913 (lqc640913@lqc640913.tmi.twitch.tv) has left #cptnohard
[01:39] * doneczek (doneczek@doneczek.tmi.twitch.tv) has left #cptnohard
[01:39] * aasuyam (aasuyam@aasuyam.tmi.twitch.tv) has left #cptnohard
[01:39] *** *** [01:39] *** *** [LEAVE] og_tankosaurus, krazzay, v4lleym4n, optryhard
[01:40] *** *** [01:40] *** *** XP Par minutes: 3460
[01:40] <@cptnohard> ^ Max CDR for wiz
[01:40] *** *** [01:40] *** ***
[01:40] <devilsfavoritechild> lets go i want to gg this day
[01:40] <@cptnohard> :-)
[01:40] <nightiter> Oh yeah do you think she is a nasty girl.. sorry got the song in my head
[01:40] *** *** [01:40] *** *** [JOIN] jsoderberg , chewy__ , houdyho
[01:40] * maqler (maqler@maqler.tmi.twitch.tv) has joined #cptnohard
[01:40] * domepiece1103 (domepiece1103@domepiece1103.tmi.twitch.tv) has left #cptnohard
[01:40] * krudtugle (krudtugle@krudtugle.tmi.twitch.tv) has left #cptnohard
[01:40] * necrosadist12 (necrosadist12@necrosadist12.tmi.twitch.tv) has left #cptnohard
[01:40] * cobhc_wildchild (cobhc_wildchild@cobhc_wildchild.tmi.twitch.tv) has left #cptnohard
[01:40] * nicksen251 (nicksen251@nicksen251.tmi.twitch.tv) has left #cptnohard
[01:40] * pwneedyolo (pwneedyolo@pwneedyolo.tmi.twitch.tv) has left #cptnohard
[01:40] * lehtiz (lehtiz@lehtiz.tmi.twitch.tv) has left #cptnohard
[01:40] *** *** [01:40] *** *** [LEAVE] devonizer, tlshevagoal, wtfheatherxd, lqc640913, doneczek, aasuyam
[01:40] *** *** [01:40] *** *** XP Par minutes: 3445
[01:40] <unholytrol1> Is he gonna kick me or smthing ?
[01:40] * Disconnected
[01:42] * Attempting to rejoin channel #cptnohard
[01:42] * Rejoined channel #cptnohard
[01:42] *** *** [01:42] *** *** Bonjour à tous, je m'éveille. A présent vous gagnez de l'xp et des gils à chaque minutes qui passe.
[01:42] * jtv sets mode: +o basementballer
[01:42] * jtv sets mode: +o blazeweed420
[01:42] * jtv sets mode: +o cptb0t
[01:42] * jtv sets mode: +o cptnohard
[01:42] * jtv sets mode: +o icurli
[01:42] * jtv sets mode: +o iwalkinpubs
[01:42] * jtv sets mode: +o nightbot
[01:42] * jtv sets mode: +o vedread
[01:42] * jtv sets mode: +o basementballer
[01:42] * jtv sets mode: +o blazeweed420
[01:42] * jtv sets mode: +o cptb0t
[01:42] * jtv sets mode: +o cptnohard
[01:42] * jtv sets mode: +o icurli
[01:42] * jtv sets mode: +o iwalkinpubs
[01:42] * jtv sets mode: +o nightbot
[01:42] * jtv sets mode: +o vedread
[01:42] <jadas12345> thats max u cant get
[01:42] *** *** [01:42] *** *** [JOIN] nestbot
[01:42] <@blazeweed420> the cdr is real
[01:42] <@nightbot> Hello viewers! For every 5 minutes you are the stream you earn 30 cptgold just for hanging out! Want more? Follow and earn 100 cpt gold for every 5 minutes in the stream. cptgold is used for giveaways, joining the Pirate Clan and more. Argh!
[01:42] <@nightbot> Follow CptNoHard! YouTube: https://www.youtube.com/CptNoHardTV - Twitter: https://twitter.com/cptnohard - Facebook: https://www.facebook.com/CptNoHard - Snapchat: CptNoHardTV
[01:42] *** *** [01:42] *** *** XP Par minutes: 5
[01:42] * chilledit (chilledit@chilledit.tmi.twitch.tv) has joined #cptnohard
[01:42] * tazzy1992 (tazzy1992@tazzy1992.tmi.twitch.tv) has joined #cptnohard
[01:42] * matteleu (matteleu@matteleu.tmi.twitch.tv) has left #cptnohard
[01:42] * yerka95 (yerka95@yerka95.tmi.twitch.tv) has left #cptnohard
[01:42] * kingsawr (kingsawr@kingsawr.tmi.twitch.tv) has left #cptnohard
[01:42] <@blazeweed420> make sure to follow cptnohard
[01:42] <@blazeweed420> !cptgold
[01:42] <nvdiagpugamer> it's a poopy day
[01:42] <@cptb0t> cptgold: Blazeweed420 - 104301
[01:42] *** *** [01:42] *** *** [JOIN] chilledit , tazzy1992
[01:42] *** *** [01:42] *** *** [LEAVE] matteleu, yerka95, kingsawr
[01:42] * arza87 (arza87@arza87.tmi.twitch.tv) has joined #cptnohard
[01:42] * reyess18x (reyess18x@reyess18x.tmi.twitch.tv) has joined #cptnohard
[01:42] * munaltico (munaltico@munaltico.tmi.twitch.tv) has joined #cptnohard
[01:42] * xeetta (xeetta@xeetta.tmi.twitch.tv) has joined #cptnohard
[01:42] * eazyontv (eazyontv@eazyontv.tmi.twitch.tv) has left #cptnohard
[01:42] * boyromantic (boyromantic@boyromantic.tmi.twitch.tv) has left #cptnohard
[01:42] *** *** [01:42] *** *** XP Par minutes: 3435
[01:42] <xviimerk> He isnt
[01:42] <fillatip> finally online
[01:42] *** *** [01:42] *** *** [JOIN] arza87 , reyess18x , munaltico , xeetta
[01:42] *** *** [01:42] *** *** [LEAVE] eazyontv, boyromantic
[01:42] * ventrax69 (ventrax69@ventrax69.tmi.twitch.tv) has joined #cptnohard
[01:43] * smoosmoosmoo (smoosmoosmoo@smoosmoosmoo.tmi.twitch.tv) has joined #cptnohard
[01:43] * xwasuuu (xwasuuu@xwasuuu.tmi.twitch.tv) has joined #cptnohard
[01:43] * brunslev86 (brunslev86@brunslev86.tmi.twitch.tv) has joined #cptnohard
[01:43] * r00fies (r00fies@r00fies.tmi.twitch.tv) has joined #cptnohard
[01:43] * nvdiagpugamer (nvdiagpugamer@nvdiagpugamer.tmi.twitch.tv) has joined #cptnohard
[01:43] * nathanthesamoan (nathanthesamoan@nathanthesamoan.tmi.twitch.tv) has joined #cptnohard
[01:43] * darkice997 (darkice997@darkice997.tmi.twitch.tv) has left #cptnohard
[01:43] <klyons4545> !profile
[01:43] *** *** [01:43] *** *** XP Par minutes: 3445
[01:43] *** *** [01:43] *** *** [STATS] MAJ des stats de discussion: http://nestoyeur.tv/log
[01:43] *** *** [01:43] *** ***
[01:43] *** *** [01:43] *** *** [JOIN] ventrax69 , smoosmoosmoo , xwasuuu , brunslev86 , r00fies , nvdiagpugamer , nathanthesamoan
[01:43] *** *** [01:43] *** *** [LEAVE] darkice997
[01:43] * themikkel (themikkel@themikkel.tmi.twitch.tv) has joined #cptnohard
[01:43] * boardie9 (boardie9@boardie9.tmi.twitch.tv) has joined #cptnohard
[01:43] * fillatip (fillatip@fillatip.tmi.twitch.tv) has joined #cptnohard
[01:43] * xviimerk (xviimerk@xviimerk.tmi.twitch.tv) has joined #cptnohard
[01:43] * yunoanswer (yunoanswer@yunoanswer.tmi.twitch.tv) has joined #cptnohard
[01:43] * backlasshx (backlasshx@backlasshx.tmi.twitch.tv) has joined #cptnohard
[01:43] * sellme (sellme@sellme.tmi.twitch.tv) has left #cptnohard
[01:43] * rapparatter (rapparatter@rapparatter.tmi.twitch.tv) has left #cptnohard
[01:43] * imaeasygirlgaming (imaeasygirlgaming@imaeasygirlgaming.tmi.twitch.tv) has left #cptnohard
[01:43] *** *** [01:43] *** *** XP Par minutes: 3475
[01:43] <besttman> could you show how to spend paragon points for a wizard ?
[01:43] <@nightbot> [Guide] Legendary Crafting Materials - Drop locations & uses. http://goo.gl/50s5ac
[01:43] <@cptnohard> http://www.reddit.com/r/Diablo/comments/21noko/8_second_cooldown_all_runes_archon_full_tals_build/
[01:43] <@cptnohard> http://www.reddit.com/r/Diablo/comments/21noko/8_second_cooldown_all_runes_archon_full_tals_build/
[01:43] <@cptnohard> http://www.reddit.com/r/Diablo/comments/21noko/8_second_cooldown_all_runes_archon_full_tals_build/
[01:43] <blindfuchsxp> GingerPower
[01:43] *** *** [01:43] *** *** [JOIN] themikkel , boardie9 , fillatip , xviimerk , yunoanswer , backlasshx
[01:43] * cyberknax (cyberknax@cyberknax.tmi.twitch.tv) has joined #cptnohard
[01:43] * chrissrofl (chrissrofl@chrissrofl.tmi.twitch.tv) has joined #cptnohard
[01:43] * onelove1984 (onelove1984@onelove1984.tmi.twitch.tv) has joined #cptnohard
[01:43] * r00fies (r00fies@r00fies.tmi.twitch.tv) has left #cptnohard
[01:43] * themikkel (themikkel@themikkel.tmi.twitch.tv) has left #cptnohard
[01:43] *** *** [01:43] *** *** [LEAVE] sellme, rapparatter, imaeasygirlgaming
[01:43] *** *** [01:43] *** *** XP Par minutes: 3490
[01:43] <aknifekill> your streaming! Sweet
[01:43] <xinck7> you can have 10% on 2 weapons
[01:43] <unholytrol1> is it Na?
[01:43] *** *** [01:43] *** *** [JOIN] cyberknax , chrissrofl , onelove1984
[01:43] <xinck7> thats why they can have higher
[01:43] *** *** [01:43] *** *** [LEAVE] r00fies, themikkel
[01:43] <poetvamp> I'm in the wrong chat, i'll just chill here till my main streamer comes online so I'll just watch
[01:43] *** *** [01:43] *** *** XP Par minutes: 3495
[01:43] * chromkeks (chromkeks@chromkeks.tmi.twitch.tv) has joined #cptnohard
[01:43] * besttman (besttman@besttman.tmi.twitch.tv) has joined #cptnohard
[01:43] * kardija (kardija@kardija.tmi.twitch.tv) has joined #cptnohard
[01:43] * squallikz (squallikz@squallikz.tmi.twitch.tv) has joined #cptnohard
[01:43] * blindfuchsxp (blindfuchsxp@blindfuchsxp.tmi.twitch.tv) has joined #cptnohard
[01:43] * amiikarr (amiikarr@amiikarr.tmi.twitch.tv) has joined #cptnohard
[01:43] * azubaz (azubaz@azubaz.tmi.twitch.tv) has joined #cptnohard
[01:43] * aknifekill (aknifekill@aknifekill.tmi.twitch.tv) has joined #cptnohard
[01:43] * elit3subj3ct (elit3subj3ct@elit3subj3ct.tmi.twitch.tv) has left #cptnohard
[01:43] * crossedring (crossedring@crossedring.tmi.twitch.tv) has left #cptnohard
[01:43] <xinck7> its higher by 2%
[01:43] <josh1080> monk helm also rolls 8% before soxket
[01:44] *** *** [01:44] *** *** [JOIN] chromkeks , besttman , kardija , squallikz , blindfuchsxp , amiikarr , azubaz , aknifekill
[01:44] <dekimpebart> With worship gloves and empowered shrine is like 88%
[01:44] *** *** [01:44] *** *** [LEAVE] elit3subj3ct, crossedring
[01:44] <dazisalegend> can you help me level if I join you group
[01:44] * poetvamp (poetvamp@poetvamp.tmi.twitch.tv) has joined #cptnohard
[01:44] * methodicbr (methodicbr@methodicbr.tmi.twitch.tv) has joined #cptnohard
[01:44] * warri12345 (warri12345@warri12345.tmi.twitch.tv) has joined #cptnohard
[01:44] * p01234 (p01234@p01234.tmi.twitch.tv) has joined #cptnohard
[01:44] * evilmazinger (evilmazinger@evilmazinger.tmi.twitch.tv) has joined #cptnohard
[01:44] * pcblazer (pcblazer@pcblazer.tmi.twitch.tv) has left #cptnohard
[01:44] * thathorst (thathorst@thathorst.tmi.twitch.tv) has left #cptnohard
[01:44] * chromkeks (chromkeks@chromkeks.tmi.twitch.tv) has left #cptnohard
[01:44] * amarossmite (amarossmite@amarossmite.tmi.twitch.tv) has left #cptnohard
[01:44] * squallikz (squallikz@squallikz.tmi.twitch.tv) has left #cptnohard
[01:44] * backlasshx (backlasshx@backlasshx.tmi.twitch.tv) has left #cptnohard
[01:44] * arza87 (arza87@arza87.tmi.twitch.tv) has left #cptnohard
[01:44] *** *** [01:44] *** *** XP Par minutes: 3525
[01:44] *** *** [01:44] *** ***
[01:44] <xinck7> yeah it is max for a wizard in general
[01:44] *** *** [01:44] *** *** [JOIN] poetvamp , methodicbr , warri12345 , p01234 , evilmazinger
[01:44] *** *** [01:44] *** *** [LEAVE] pcblazer, thathorst, chromkeks, amarossmite, squallikz, backlasshx, arza87
[01:44] * dontfeedthebrownguy (dontfeedthebrownguy@dontfeedthebrownguy.tmi.twitch.tv) has joined #cptnohard
[01:44] * dazisalegend (dazisalegend@dazisalegend.tmi.twitch.tv) has joined #cptnohard
[01:44] * ssgambl0r (ssgambl0r@ssgambl0r.tmi.twitch.tv) has joined #cptnohard
[01:44] * ventrax69 (ventrax69@ventrax69.tmi.twitch.tv) has left #cptnohard
[01:44] * xeetta (xeetta@xeetta.tmi.twitch.tv) has left #cptnohard
[01:44] * evilmazinger (evilmazinger@evilmazinger.tmi.twitch.tv) has left #cptnohard
[01:44] * onelove1984 (onelove1984@onelove1984.tmi.twitch.tv) has left #cptnohard
[01:44] * seacow2001 (seacow2001@seacow2001.tmi.twitch.tv) has left #cptnohard
[01:44] *** *** [01:44] *** *** XP Par minutes: 3515
[01:44] *** *** [01:44] *** *** [JOIN] dontfeedthebrownguy , dazisalegend , ssgambl0r
[01:44] * raziael (raziael@raziael.tmi.twitch.tv) has joined #cptnohard
[01:44] * yunoanswer (yunoanswer@yunoanswer.tmi.twitch.tv) has left #cptnohard
[01:44] * ifreezed (ifreezed@ifreezed.tmi.twitch.tv) has left #cptnohard
[01:44] *** *** [01:44] *** *** [LEAVE] ventrax69, xeetta, evilmazinger, onelove1984, seacow2001
[01:44] <jadas12345> u cant get more then 72% on wizard w/o empowered shrine
[01:44] *** *** [01:44] *** *** XP Par minutes: 3505
[01:44] <soapyuser> whatdu
[01:44] <puffee> !piratetalk
[01:44] <@nightbot> Want to talk like a pirate? Go here ---> http://postlikeapirate.com/
[01:44] <josh1080> monks get high cdr due to certasin monk help that rol;ls cdr as stat
[01:45] <moejizzle> that cooldown conversation is annyoing, with that bragging p o s
[01:45] *** *** [01:45] *** *** [JOIN] raziael
[01:45] *** *** [01:45] *** *** [LEAVE] yunoanswer, ifreezed
[01:45] * puffee (puffee@puffee.tmi.twitch.tv) has joined #cptnohard
[01:45] * malzter (malzter@malzter.tmi.twitch.tv) has joined #cptnohard
[01:45] * soapyuser (soapyuser@soapyuser.tmi.twitch.tv) has joined #cptnohard
[01:45] * will86859 (will86859@will86859.tmi.twitch.tv) has joined #cptnohard
[01:45] * markethe (markethe@markethe.tmi.twitch.tv) has left #cptnohard
[01:45] * smoosmoosmoo (smoosmoosmoo@smoosmoosmoo.tmi.twitch.tv) has left #cptnohard
[01:45] * tortureyoutv (tortureyoutv@tortureyoutv.tmi.twitch.tv) has left #cptnohard
[01:45] * methodicbr (methodicbr@methodicbr.tmi.twitch.tv) has left #cptnohard
[01:45] * tandrelice (tandrelice@tandrelice.tmi.twitch.tv) has left #cptnohard
[01:45] *** *** [01:45] *** *** XP Par minutes: 3500
[01:45] *** *** [01:45] *** ***
[01:45] * Disconnected
[01:46] * Attempting to rejoin channel #cptnohard
[01:46] * Rejoined channel #cptnohard
[01:46] *** *** [01:46] *** *** Bonjour à tous, je m'éveille. A présent vous gagnez de l'xp et des gils à chaque minutes qui passe.
[01:46] * jtv sets mode: +o blazeweed420
[01:46] * jtv sets mode: +o iwalkinpubs
[01:46] * jtv sets mode: +o basementballer
[01:46] * jtv sets mode: +o cptb0t
[01:46] * jtv sets mode: +o cptnohard
[01:46] * jtv sets mode: +o icurli
[01:46] * jtv sets mode: +o nightbot
[01:46] * jtv sets mode: +o vedread
[01:46] * jtv sets mode: +o blazeweed420
[01:46] * jtv sets mode: +o iwalkinpubs
[01:46] * jtv sets mode: +o basementballer
[01:46] * jtv sets mode: +o cptb0t
[01:46] * jtv sets mode: +o cptnohard
[01:46] * jtv sets mode: +o icurli
[01:46] * jtv sets mode: +o nightbot
[01:46] * jtv sets mode: +o vedread
[01:46] <ax1hitwonder> !build
[01:46] <@nightbot> CPT NO HARD latest build! http://us.battle.net/d3/en/profile/CptNoHard-1949/hero/6354743
[01:46] <@cptb0t> cptgold: Bloodierframe - 100
[01:46] * hanc0ck79 (hanc0ck79@hanc0ck79.tmi.twitch.tv) has joined #cptnohard
[01:46] * dism3mb3erd (dism3mb3erd@dism3mb3erd.tmi.twitch.tv) has joined #cptnohard
[01:46] * k4lium7 (k4lium7@k4lium7.tmi.twitch.tv) has joined #cptnohard
[01:46] * a632412852 (a632412852@a632412852.tmi.twitch.tv) has left #cptnohard
[01:46] * juzgentho (juzgentho@juzgentho.tmi.twitch.tv) has left #cptnohard
[01:46] * godofpwnu (godofpwnu@godofpwnu.tmi.twitch.tv) has left #cptnohard
[01:46] * dyetim1 (dyetim1@dyetim1.tmi.twitch.tv) has left #cptnohard
[01:46] <kardija> what is ctp gold?
[01:46] *** *** [01:46] *** *** [JOIN] nestbot , hanc0ck79 , dism3mb3erd , k4lium7
[01:46] *** *** [01:46] *** *** [LEAVE] a632412852, juzgentho, godofpwnu, dyetim1
[01:47] * ldbg (ldbg@ldbg.tmi.twitch.tv) has joined #cptnohard
[01:47] * zygod (zygod@zygod.tmi.twitch.tv) has joined #cptnohard
[01:47] * ax1hitwonder (ax1hitwonder@ax1hitwonder.tmi.twitch.tv) has joined #cptnohard
[01:47] * zznizz (zznizz@zznizz.tmi.twitch.tv) has joined #cptnohard
[01:47] * zyndro1995 (zyndro1995@zyndro1995.tmi.twitch.tv) has joined #cptnohard
[01:47] * barsilien (barsilien@barsilien.tmi.twitch.tv) has joined #cptnohard
[01:47] * warri12345 (warri12345@warri12345.tmi.twitch.tv) has left #cptnohard
[01:47] * pyrdee (pyrdee@pyrdee.tmi.twitch.tv) has left #cptnohard
[01:47] * wahh5 (wahh5@wahh5.tmi.twitch.tv) has left #cptnohard
[01:47] * torskpatallin (torskpatallin@torskpatallin.tmi.twitch.tv) has left #cptnohard
[01:47] *** *** [01:47] *** *** XP Par minutes: 3475
[01:47] <iixc0nxmanxii> if you don't have RoS where is a good place to farm? 
[01:47] <hotmachetex> !cptgold
[01:47] <@cptb0t> cptgold: Hotmachetex - 6200
[01:47] *** *** [01:47] *** *** [JOIN] ldbg , zygod , ax1hitwonder , zznizz , zyndro1995 , barsilien
[01:47] <hashtagheadshot> hello how r u doing 2day
[01:47] *** *** [01:47] *** *** [LEAVE] warri12345, pyrdee, wahh5, torskpatallin
[01:47] <abluetiger> cpt you in here filling people with your nonsense again?
[01:47] *** *** [01:47] *** *** XP Par minutes: 3485
[01:47] * mccormickzone (mccormickzone@mccormickzone.tmi.twitch.tv) has joined #cptnohard
[01:47] * iixc0nxmanxii (iixc0nxmanxii@iixc0nxmanxii.tmi.twitch.tv) has joined #cptnohard
[01:47] * hotmachetex (hotmachetex@hotmachetex.tmi.twitch.tv) has joined #cptnohard
[01:47] * xinck7 (xinck7@xinck7.tmi.twitch.tv) has left #cptnohard
[01:47] * philgohr (philgohr@philgohr.tmi.twitch.tv) has left #cptnohard
[01:47] *** *** [01:47] *** *** [STATS] MAJ des stats de discussion: http://nestoyeur.tv/log
[01:47] <abluetiger> I hear you talking so chit is coming out LOL
[01:47] <c4rbr1nik1d> Kappa yoyo
[01:47] *** *** [01:47] *** *** [JOIN] mccormickzone , iixc0nxmanxii , hotmachetex
[01:47] * hashtagheadshot (hashtagheadshot@hashtagheadshot.tmi.twitch.tv) has joined #cptnohard
[01:47] * shuboh (shuboh@shuboh.tmi.twitch.tv) has joined #cptnohard
[01:47] * abrakzas (abrakzas@abrakzas.tmi.twitch.tv) has joined #cptnohard
[01:47] * maickel32 (maickel32@maickel32.tmi.twitch.tv) has left #cptnohard
[01:47] * mccormickzone (mccormickzone@mccormickzone.tmi.twitch.tv) has left #cptnohard
[01:47] * dontfeedthebrownguy (dontfeedthebrownguy@dontfeedthebrownguy.tmi.twitch.tv) has left #cptnohard
[01:47] * ooooolalambiax (ooooolalambiax@ooooolalambiax.tmi.twitch.tv) has left #cptnohard
[01:47] * klyons4545 (klyons4545@klyons4545.tmi.twitch.tv) has left #cptnohard
[01:47] * nathanthesamoan (nathanthesamoan@nathanthesamoan.tmi.twitch.tv) has left #cptnohard
[01:47] *** *** [01:47] *** *** [LEAVE] xinck7, philgohr
[01:47] <jadas12345> i just dont see any point trying to farm if u dont have ros
[01:47] *** *** [01:47] *** *** XP Par minutes: 3490
[01:47] *** *** [01:47] *** ***
[01:47] <negromurderrxd> Yo-ho-ho and a bottle of rum th' message like a scurvy pirate site be so hardyharhar
[01:47] *** *** [01:47] *** *** [JOIN] hashtagheadshot , shuboh , abrakzas
[01:47] *** *** [01:47] *** *** [LEAVE] maickel32, mccormickzone, dontfeedthebrownguy, ooooolalambiax, klyons4545, nathanthesamoan
[01:47] <jadas12345> diablo 3 w/o ros is like fuking free version of diablo
[01:47] * senzmonk (senzmonk@senzmonk.tmi.twitch.tv) has joined #cptnohard
[01:47] * debufflol (debufflol@debufflol.tmi.twitch.tv) has joined #cptnohard
[01:47] * passi1107 (passi1107@passi1107.tmi.twitch.tv) has joined #cptnohard
[01:47] * fheno (fheno@fheno.tmi.twitch.tv) has joined #cptnohard
[01:47] * xawr (xawr@xawr.tmi.twitch.tv) has joined #cptnohard
[01:47] * qbusz (qbusz@qbusz.tmi.twitch.tv) has joined #cptnohard
[01:47] * velikepochane (velikepochane@velikepochane.tmi.twitch.tv) has joined #cptnohard
[01:47] * c4rbr1nik1d (c4rbr1nik1d@c4rbr1nik1d.tmi.twitch.tv) has joined #cptnohard
[01:47] * ibycus (ibycus@ibycus.tmi.twitch.tv) has joined #cptnohard
[01:47] * zyndro1995 (zyndro1995@zyndro1995.tmi.twitch.tv) has left #cptnohard
[01:47] * momlovesit (momlovesit@momlovesit.tmi.twitch.tv) has left #cptnohard
[01:47] * biho22 (biho22@biho22.tmi.twitch.tv) has left #cptnohard
[01:47] * runescale (runescale@runescale.tmi.twitch.tv) has left #cptnohard
[01:47] *** *** [01:47] *** *** XP Par minutes: 3475
[01:48] <@blazeweed420> follower hype
[01:48] <@blazeweed420> !chit
[01:48] <@nightbot> YERR PIZ O CHIT! SwiftRage/
[01:48] <jadas12345> better save few bucks and get ros
[01:48] <abluetiger> !butthurt
[01:48] <@nightbot> This is me, (_|_) this is you (_x_) any questions?
[01:48] *** *** [01:48] *** *** [JOIN] senzmonk , debufflol , passi1107 , fheno , xawr , qbusz , velikepochane , c4rbr1nik1d , ibycus
[01:48] <@blazeweed420> the cdr 
[01:48] *** *** [01:48] *** *** [LEAVE] zyndro1995, momlovesit, biho22, runescale
[01:48] * negromurderrxd (negromurderrxd@negromurderrxd.tmi.twitch.tv) has joined #cptnohard
[01:48] * pallol (pallol@pallol.tmi.twitch.tv) has joined #cptnohard
[01:48] * skorpiondk (skorpiondk@skorpiondk.tmi.twitch.tv) has joined #cptnohard
[01:48] * oex_ryuji (oex_ryuji@oex_ryuji.tmi.twitch.tv) has joined #cptnohard
[01:48] * blazhe (blazhe@blazhe.tmi.twitch.tv) has joined #cptnohard
[01:48] * dukito500 (dukito500@dukito500.tmi.twitch.tv) has joined #cptnohard
[01:48] * sacabiere (sacabiere@sacabiere.tmi.twitch.tv) has joined #cptnohard
[01:48] * vampz84 (vampz84@vampz84.tmi.twitch.tv) has joined #cptnohard
[01:48] * rofrof2 (rofrof2@rofrof2.tmi.twitch.tv) has joined #cptnohard
[01:48] * zygod (zygod@zygod.tmi.twitch.tv) has left #cptnohard
[01:48] * insanonaut (insanonaut@insanonaut.tmi.twitch.tv) has left #cptnohard
[01:48] * zznizz (zznizz@zznizz.tmi.twitch.tv) has left #cptnohard
[01:48] <@blazeweed420> cpt butt hurt hard
[01:48] *** *** [01:48] *** *** XP Par minutes: 3500
[01:48] <fillmycup> 2day I will watch you
[01:48] <mrbulldog_> join the !community
[01:48] *** *** [01:48] *** *** [JOIN] negromurderrxd , pallol , skorpiondk , oex_ryuji , blazhe , dukito500 , sacabiere , vampz84 , rofrof2
[01:48] * notmypompyro (notmypompyro@notmypompyro.tmi.twitch.tv) has joined #cptnohard
[01:48] * vodh (vodh@vodh.tmi.twitch.tv) has joined #cptnohard
[01:48] * xxrammixx (xxrammixx@xxrammixx.tmi.twitch.tv) has joined #cptnohard
[01:48] * skorpiondk (skorpiondk@skorpiondk.tmi.twitch.tv) has left #cptnohard
[01:48] * abrakzas (abrakzas@abrakzas.tmi.twitch.tv) has left #cptnohard
[01:48] * blazhe (blazhe@blazhe.tmi.twitch.tv) has left #cptnohard
[01:48] * barsilien (barsilien@barsilien.tmi.twitch.tv) has left #cptnohard
[01:48] * k4lium7 (k4lium7@k4lium7.tmi.twitch.tv) has left #cptnohard
[01:48] * billybunter1690xp (billybunter1690xp@billybunter1690xp.tmi.twitch.tv) has left #cptnohard
[01:48] * azombiewolfie (azombiewolfie@azombiewolfie.tmi.twitch.tv) has left #cptnohard
[01:48] * pallol (pallol@pallol.tmi.twitch.tv) has left #cptnohard
[01:48] * inhab (inhab@inhab.tmi.twitch.tv) has left #cptnohard
[01:48] <snapadoodle> Diablo 3 was just awful
[01:48] *** *** [01:48] *** *** [LEAVE] zygod, insanonaut, zznizz
[01:48] *** *** [01:48] *** *** XP Par minutes: 3530
[01:48] *** *** [01:48] *** ***
[01:48] <areplicareborn> Q. Cpt no hard, what's transmog do exactly?
[01:48] <snapadoodle> ROS made that game
[01:48] <@blazeweed420> !cptgold
[01:48] *** *** [01:48] *** *** [JOIN] notmypompyro , vodh , xxrammixx
[01:48] <@cptb0t> cptgold: Blazeweed420 - 109301
[01:48] * wiredcreature (wiredcreature@wiredcreature.tmi.twitch.tv) has joined #cptnohard
[01:48] * espyyd3 (espyyd3@espyyd3.tmi.twitch.tv) has joined #cptnohard
[01:48] * mrbulldog_ (mrbulldog_@mrbulldog_.tmi.twitch.tv) has joined #cptnohard
[01:48] * diana11213 (diana11213@diana11213.tmi.twitch.tv) has joined #cptnohard
[01:48] * fillmycup (fillmycup@fillmycup.tmi.twitch.tv) has joined #cptnohard
[01:48] * erlabroc (erlabroc@erlabroc.tmi.twitch.tv) has left #cptnohard
[01:48] * xawr (xawr@xawr.tmi.twitch.tv) has left #cptnohard
[01:48] * oex_ryuji (oex_ryuji@oex_ryuji.tmi.twitch.tv) has left #cptnohard
[01:48] * dukito500 (dukito500@dukito500.tmi.twitch.tv) has left #cptnohard
[01:48] * ar45h (ar45h@ar45h.tmi.twitch.tv) has left #cptnohard
[01:48] * fheno (fheno@fheno.tmi.twitch.tv) has left #cptnohard
[01:48] * kardija (kardija@kardija.tmi.twitch.tv) has left #cptnohard
[01:48] * shuboh (shuboh@shuboh.tmi.twitch.tv) has left #cptnohard
[01:48] * josh1080 (josh1080@josh1080.tmi.twitch.tv) has left #cptnohard
[01:48] *** *** [01:48] *** *** [LEAVE] skorpiondk, abrakzas, blazhe, barsilien, k4lium7, billybunter1690xp, azombiewolfie, pallol, inhab
[01:48] *** *** [01:48] *** *** XP Par minutes: 3500
[01:49] <duaber> Have you messed with oculus at all for teleport cdr?
[01:49] *** *** [01:49] *** *** [JOIN] wiredcreature , espyyd3 , mrbulldog_ , diana11213 , fillmycup
[01:49] *** *** [01:49] *** *** [LEAVE] erlabroc, xawr, oex_ryuji, dukito500, ar45h, fheno, kardija, shuboh, josh1080
[01:49] * padcontrol (padcontrol@padcontrol.tmi.twitch.tv) has joined #cptnohard
[01:49] * lafpeace (lafpeace@lafpeace.tmi.twitch.tv) has joined #cptnohard
[01:49] * w3rzus (w3rzus@w3rzus.tmi.twitch.tv) has joined #cptnohard
[01:49] * areplicareborn (areplicareborn@areplicareborn.tmi.twitch.tv) has joined #cptnohard
[01:49] * guitarherosuperstar (guitarherosuperstar@guitarherosuperstar.tmi.twitch.tv) has left #cptnohard
[01:49] * sacabiere (sacabiere@sacabiere.tmi.twitch.tv) has left #cptnohard
[01:49] * sithex15 (sithex15@sithex15.tmi.twitch.tv) has left #cptnohard
[01:49] * @blazeweed420 (blazeweed420@blazeweed420.tmi.twitch.tv) has left #cptnohard
[01:49] * boardie9 (boardie9@boardie9.tmi.twitch.tv) has left #cptnohard
[01:49] * azubaz (azubaz@azubaz.tmi.twitch.tv) has left #cptnohard
[01:49] *** *** [01:49] *** *** XP Par minutes: 3480
[01:49] <cheesycheerstv> cpt has got it
[01:49] <@nightbot> #1 Cool Down Reduction (CDR) in the world! http://www.diabloprogress.com/hero/cptnohard-1949/FireCrotch/6354743
[01:49] *** *** [01:49] *** *** [JOIN] padcontrol , lafpeace , w3rzus , areplicareborn
[01:49] * afterscho0l (afterscho0l@afterscho0l.tmi.twitch.tv) has left #cptnohard
[01:49] * ibycus (ibycus@ibycus.tmi.twitch.tv) has left #cptnohard
[01:49] * brokenreflex (brokenreflex@brokenreflex.tmi.twitch.tv) has left #cptnohard
[01:49] *** *** [01:49] *** *** [LEAVE] guitarherosuperstar, sacabiere, sithex15, blazeweed420, boardie9, azubaz
[01:49] *** *** [01:49] *** *** XP Par minutes: 3470
[01:49] <jadas12345> cpt why u dont make fire archon?
[01:49] *** *** [01:49] *** ***
[01:49] <dustedko> yo <3
[01:49] *** *** [01:49] *** *** [LEAVE] afterscho0l, ibycus, brokenreflex
[01:49] *** *** [01:49] *** *** XP Par minutes: 3455
[01:49] * aeon556 (aeon556@aeon556.tmi.twitch.tv) has joined #cptnohard
[01:49] * cptwhatever (cptwhatever@cptwhatever.tmi.twitch.tv) has joined #cptnohard
[01:49] * vend3tas (vend3tas@vend3tas.tmi.twitch.tv) has joined #cptnohard
[01:49] * winnebagojockey (winnebagojockey@winnebagojockey.tmi.twitch.tv) has joined #cptnohard
[01:49] * manth (manth@manth.tmi.twitch.tv) has joined #cptnohard
[01:49] * balachita (balachita@balachita.tmi.twitch.tv) has joined #cptnohard
[01:49] * udyed (udyed@udyed.tmi.twitch.tv) has joined #cptnohard
[01:49] * dgwethbrgej (dgwethbrgej@dgwethbrgej.tmi.twitch.tv) has left #cptnohard
[01:49] * vodh (vodh@vodh.tmi.twitch.tv) has left #cptnohard
[01:49] * fiin3st (fiin3st@fiin3st.tmi.twitch.tv) has left #cptnohard
[01:49] * puffee (puffee@puffee.tmi.twitch.tv) has left #cptnohard
[01:49] * iixc0nxmanxii (iixc0nxmanxii@iixc0nxmanxii.tmi.twitch.tv) has left #cptnohard
[01:49] * lagovsky (lagovsky@lagovsky.tmi.twitch.tv) has left #cptnohard
[01:49] * bloodierframe (bloodierframe@bloodierframe.tmi.twitch.tv) has left #cptnohard
[01:49] * dism3mb3erd (dism3mb3erd@dism3mb3erd.tmi.twitch.tv) has left #cptnohard
[01:49] * diana11213 (diana11213@diana11213.tmi.twitch.tv) has left #cptnohard
[01:49] * xviimerk (xviimerk@xviimerk.tmi.twitch.tv) has left #cptnohard
[01:49] * blindfuchsxp (blindfuchsxp@blindfuchsxp.tmi.twitch.tv) has left #cptnohard
[01:49] * notmypompyro (notmypompyro@notmypompyro.tmi.twitch.tv) has left #cptnohard
[01:49] * reyess18x (reyess18x@reyess18x.tmi.twitch.tv) has left #cptnohard
[01:49] * zilentwolfxp (zilentwolfxp@zilentwolfxp.tmi.twitch.tv) has left #cptnohard
[01:49] * guapegaming (guapegaming@guapegaming.tmi.twitch.tv) has left #cptnohard
[01:49] * negromurderrxd (negromurderrxd@negromurderrxd.tmi.twitch.tv) has left #cptnohard
[01:49] * passi1107 (passi1107@passi1107.tmi.twitch.tv) has left #cptnohard
[01:49] * mrbulldog_ (mrbulldog_@mrbulldog_.tmi.twitch.tv) has left #cptnohard
[01:49] * dazisalegend (dazisalegend@dazisalegend.tmi.twitch.tv) has left #cptnohard
[01:49] * ineptnproudtv (ineptnproudtv@ineptnproudtv.tmi.twitch.tv) has left #cptnohard
[01:49] <gunnersof2009> why are people so stupid? I mean seriously....
[01:49] <snapadoodle> I haven't either
[01:49] *** *** [01:49] *** *** [JOIN] aeon556 , cptwhatever , vend3tas , winnebagojockey , manth , balachita , udyed
[01:49] * crazytrain334 (crazytrain334@crazytrain334.tmi.twitch.tv) has joined #cptnohard
[01:49] * dustedko (dustedko@dustedko.tmi.twitch.tv) has joined #cptnohard
[01:49] * abendrake (abendrake@abendrake.tmi.twitch.tv) has joined #cptnohard
[01:49] * unbreakeg (unbreakeg@unbreakeg.tmi.twitch.tv) has joined #cptnohard
[01:49] * gunnersof2009 (gunnersof2009@gunnersof2009.tmi.twitch.tv) has joined #cptnohard
[01:50] * goldherald (goldherald@goldherald.tmi.twitch.tv) has left #cptnohard
[01:50] * balachita (balachita@balachita.tmi.twitch.tv) has left #cptnohard
[01:50] * dekimpebart (dekimpebart@dekimpebart.tmi.twitch.tv) has left #cptnohard
[01:50] *** *** [01:50] *** *** [JOIN] crazytrain334 , dustedko , abendrake , unbreakeg , gunnersof2009
[01:50] * khorne1 (khorne1@khorne1.tmi.twitch.tv) has joined #cptnohard
[01:50] * ak47assault (ak47assault@ak47assault.tmi.twitch.tv) has left #cptnohard
[01:50] * placeblog (placeblog@placeblog.tmi.twitch.tv) has left #cptnohard
[01:50] * jtv sets mode: -o blazeweed420
[01:50] *** *** [01:50] *** *** [LEAVE] dgwethbrgej, vodh, fiin3st, puffee, iixc0nxmanxii, lagovsky, bloodierframe, dism3mb3erd, diana11213, xviimerk, blindfuchsxp, notmypompyro, reyess18x, zilentwolfxp, guapegaming, negromurderrxd, passi1107, mrbulldog_, dazisalegend, ineptnproudtv, goldherald, balachita, dekimpebart
[01:50] <breastehunter> Hello Cpt and chat! Any legs yet?
[01:50] *** *** [01:50] *** *** XP Par minutes: 3400
[01:50] *** *** [01:50] *** *** [JOIN] khorne1
[01:50] *** *** [01:50] *** *** [LEAVE] ak47assault, placeblog
[01:50] *** *** [01:50] *** *** XP Par minutes: 3395
[01:50] * aurror (aurror@aurror.tmi.twitch.tv) has joined #cptnohard
[01:50] * krychastrimer (krychastrimer@krychastrimer.tmi.twitch.tv) has joined #cptnohard
[01:50] * drjonk (drjonk@drjonk.tmi.twitch.tv) has joined #cptnohard
[01:50] * vulkym (vulkym@vulkym.tmi.twitch.tv) has joined #cptnohard
[01:50] * masterkush18 (masterkush18@masterkush18.tmi.twitch.tv) has joined #cptnohard
[01:50] * breastehunter (breastehunter@breastehunter.tmi.twitch.tv) has joined #cptnohard
[01:50] * azombiewolfie (azombiewolfie@azombiewolfie.tmi.twitch.tv) has joined #cptnohard
[01:50] * nguyen0604 (nguyen0604@nguyen0604.tmi.twitch.tv) has joined #cptnohard
[01:50] * makruraf (makruraf@makruraf.tmi.twitch.tv) has joined #cptnohard
[01:50] * davichitw (davichitw@davichitw.tmi.twitch.tv) has left #cptnohard
[01:50] * missjuy (missjuy@missjuy.tmi.twitch.tv) has left #cptnohard
[01:50] * espyyd3 (espyyd3@espyyd3.tmi.twitch.tv) has left #cptnohard
[01:50] * p01234 (p01234@p01234.tmi.twitch.tv) has left #cptnohard
[01:50] *** *** [01:50] *** ***
[01:50] <philmccr4ken> show us some plays
[01:50] * frogurten (frogurten@frogurten.tmi.twitch.tv) has joined #cptnohard
[01:50] * hebeejeebies (hebeejeebies@hebeejeebies.tmi.twitch.tv) has left #cptnohard
[01:50] <leakouseum3> yesssss u streaming
[01:50] <sirsickshot> we get legs by the dozen LOL
[01:51] *** *** [01:51] *** *** [JOIN] aurror , krychastrimer , drjonk , vulkym , masterkush18 , breastehunter , azombiewolfie , nguyen0604 , makruraf , frogurten
[01:51] <jadas12345> get more power from initial explosion
[01:51] * philmccr4ken (philmccr4ken@philmccr4ken.tmi.twitch.tv) has joined #cptnohard
[01:51] * kipps444 (kipps444@kipps444.tmi.twitch.tv) has joined #cptnohard
[01:51] * keliiny (keliiny@keliiny.tmi.twitch.tv) has joined #cptnohard
[01:51] * klyons4545 (klyons4545@klyons4545.tmi.twitch.tv) has joined #cptnohard
[01:51] * shiban21 (shiban21@shiban21.tmi.twitch.tv) has joined #cptnohard
[01:51] * aurror (aurror@aurror.tmi.twitch.tv) has left #cptnohard
[01:51] * debufflol (debufflol@debufflol.tmi.twitch.tv) has left #cptnohard
[01:51] * ssgambl0r (ssgambl0r@ssgambl0r.tmi.twitch.tv) has left #cptnohard
[01:51] *** *** [01:51] *** *** [LEAVE] davichitw, missjuy, espyyd3, p01234, hebeejeebies
[01:51] *** *** [01:51] *** *** XP Par minutes: 3420
[01:51] <jadas12345> 1shoting elites in high torments
[01:51] <aitzriotshield> just came in :)
[01:51] *** *** [01:51] *** *** [JOIN] philmccr4ken , kipps444 , keliiny , klyons4545 , shiban21
[01:51] *** *** [01:51] *** *** [LEAVE] aurror, debufflol, ssgambl0r
[01:51] *** *** [01:51] *** *** XP Par minutes: 3430
[01:51] * bardiin (bardiin@bardiin.tmi.twitch.tv) has joined #cptnohard
[01:51] * arrethero (arrethero@arrethero.tmi.twitch.tv) has joined #cptnohard
[01:51] * pinguinoxxl (pinguinoxxl@pinguinoxxl.tmi.twitch.tv) has joined #cptnohard
[01:51] * zenobianx (zenobianx@zenobianx.tmi.twitch.tv) has joined #cptnohard
[01:51] * kast420 (kast420@kast420.tmi.twitch.tv) has joined #cptnohard
[01:51] * nightiter (nightiter@nightiter.tmi.twitch.tv) has left #cptnohard
[01:51] * devilsfavoritechild (devilsfavoritechild@devilsfavoritechild.tmi.twitch.tv) has left #cptnohard
[01:51] * drjonk (drjonk@drjonk.tmi.twitch.tv) has left #cptnohard
[01:51] <frogurten> https://www.youtube.com/watch?v=XbpUARX2gQs
[01:51] *** *** [01:51] *** ***
[01:51] *** *** [01:51] *** *** [JOIN] bardiin , arrethero , pinguinoxxl , zenobianx , kast420
[01:51] *** *** [01:51] *** *** [LEAVE] nightiter, devilsfavoritechild, drjonk
[01:51] *** *** [01:51] *** *** XP Par minutes: 3440
[01:51] * bny07 (bny07@bny07.tmi.twitch.tv) has joined #cptnohard
[01:51] * aitzriotshield (aitzriotshield@aitzriotshield.tmi.twitch.tv) has joined #cptnohard
[01:51] * macstonehill (macstonehill@macstonehill.tmi.twitch.tv) has joined #cptnohard
[01:51] * anuriell (anuriell@anuriell.tmi.twitch.tv) has joined #cptnohard
[01:51] * peaceimyasuo (peaceimyasuo@peaceimyasuo.tmi.twitch.tv) has joined #cptnohard
[01:51] * uselessheroes (uselessheroes@uselessheroes.tmi.twitch.tv) has joined #cptnohard
[01:51] * cmancheo (cmancheo@cmancheo.tmi.twitch.tv) has joined #cptnohard
[01:51] * supa_la_pl1c (supa_la_pl1c@supa_la_pl1c.tmi.twitch.tv) has joined #cptnohard
[01:51] * abendrake (abendrake@abendrake.tmi.twitch.tv) has left #cptnohard
[01:51] * cptwhatever (cptwhatever@cptwhatever.tmi.twitch.tv) has left #cptnohard
[01:51] <furyfalcon> I'm new to twitch I love checking out new streamer. Cool to be here watching you! I'm going to just chill out and watch the stream. But please do you thing! I'll keep on watching!
[01:51] <chantoo> GIG
[01:52] *** *** [01:52] *** *** [JOIN] bny07 , aitzriotshield , macstonehill , anuriell , peaceimyasuo , uselessheroes , cmancheo , supa_la_pl1c
[01:52] <sereneter93> now i get to watch you more
[01:52] *** *** [01:52] *** *** [LEAVE] abendrake, cptwhatever
[01:52] * furyfalcon (furyfalcon@furyfalcon.tmi.twitch.tv) has joined #cptnohard
[01:52] * asapav (asapav@asapav.tmi.twitch.tv) has joined #cptnohard
[01:52] * sygma555 (sygma555@sygma555.tmi.twitch.tv) has joined #cptnohard
[01:52] * mmogamer (mmogamer@mmogamer.tmi.twitch.tv) has joined #cptnohard
[01:52] * qurco (qurco@qurco.tmi.twitch.tv) has joined #cptnohard
[01:52] * ufvfhybrf (ufvfhybrf@ufvfhybrf.tmi.twitch.tv) has joined #cptnohard
[01:52] * radeface (radeface@radeface.tmi.twitch.tv) has joined #cptnohard
[01:52] * macstonehill (macstonehill@macstonehill.tmi.twitch.tv) has left #cptnohard
[01:52] * uselessheroes (uselessheroes@uselessheroes.tmi.twitch.tv) has left #cptnohard
[01:52] * frogurten (frogurten@frogurten.tmi.twitch.tv) has left #cptnohard
[01:52] * bradelleum (bradelleum@bradelleum.tmi.twitch.tv) has left #cptnohard
[01:52] * bny07 (bny07@bny07.tmi.twitch.tv) has left #cptnohard
[01:52] *** *** [01:52] *** *** XP Par minutes: 3470
[01:52] *** *** [01:52] *** *** [JOIN] furyfalcon , asapav , sygma555 , mmogamer , qurco , ufvfhybrf , radeface
[01:52] *** *** [01:52] *** *** [LEAVE] macstonehill, uselessheroes, frogurten, bradelleum, bny07
[01:52] <anadesomenubes> XDDD
[01:52] *** *** [01:52] *** *** XP Par minutes: 3480
[01:52] <ballaint44> I think he just got in trouble LOL
[01:52] * Disconnected
[01:53] * Attempting to rejoin channel #cptnohard
[01:53] * Rejoined channel #cptnohard
[01:53] * jtv sets mode: +o basementballer
[01:53] * jtv sets mode: +o cptb0t
[01:53] * jtv sets mode: +o cptnohard
[01:53] * jtv sets mode: +o icurli
[01:53] * jtv sets mode: +o iwalkinpubs
[01:53] * jtv sets mode: +o nightbot
[01:53] * jtv sets mode: +o vedread
[01:53] * Disconnected
Session Close: Sun May 25 01:53:44 2014
