
Session Start: Mon Jun 02 22:53:50 2014
Session Ident: #teams4e
[22:53] * Now talking in #teams4e
[22:53] *** [22:53] *** Bonjour à tous, je m'éveille. A présent vous gagnez de l'xp et des gils à chaque minutes qui passe.
[22:53] [DEBUG] routine
[22:53] [DEBUG] totalFollower
[22:53] [DEBUG] routine
[22:53] [DEBUG] totalFollower
[22:54] [DEBUG] routine
[22:54] *** [22:54] *** XP Par minutes: 5
[22:54] [DEBUG] routine
[22:54] [DEBUG] totalFollower
[22:54] * gorneon (gorneon@gorneon.tmi.twitch.tv) has joined #teams4e
[22:54] * blackstar6930 (blackstar6930@blackstar6930.tmi.twitch.tv) has joined #teams4e
[22:54] * teams4e (teams4e@teams4e.tmi.twitch.tv) has joined #teams4e
[22:54] * jahnin (jahnin@jahnin.tmi.twitch.tv) has joined #teams4e
[22:54] * bg34lover (bg34lover@bg34lover.tmi.twitch.tv) has joined #teams4e
[22:54] * tjfast (tjfast@tjfast.tmi.twitch.tv) has joined #teams4e
[22:54] * kanji89 (kanji89@kanji89.tmi.twitch.tv) has joined #teams4e
[22:54] * terarn (terarn@terarn.tmi.twitch.tv) has joined #teams4e
[22:54] * nestoyeur (nestoyeur@nestoyeur.tmi.twitch.tv) has joined #teams4e
[22:54] * xipoug (xipoug@xipoug.tmi.twitch.tv) has joined #teams4e
[22:54] * morphelin90 (morphelin90@morphelin90.tmi.twitch.tv) has joined #teams4e
[22:54] * altaveran (altaveran@altaveran.tmi.twitch.tv) has joined #teams4e
[22:54] * nightbot (nightbot@nightbot.tmi.twitch.tv) has joined #teams4e
[22:54] * defkan (defkan@defkan.tmi.twitch.tv) has joined #teams4e
[22:54] * mithious (mithious@mithious.tmi.twitch.tv) has joined #teams4e
[22:54] * azmaria_76 (azmaria_76@azmaria_76.tmi.twitch.tv) has joined #teams4e
[22:54] * kheldplfr (kheldplfr@kheldplfr.tmi.twitch.tv) has joined #teams4e
[22:54] * alis3a (alis3a@alis3a.tmi.twitch.tv) has joined #teams4e
[22:54] * rampartts (rampartts@rampartts.tmi.twitch.tv) has joined #teams4e
[22:54] * c_bi (c_bi@c_bi.tmi.twitch.tv) has joined #teams4e
[22:54] * seyo97 (seyo97@seyo97.tmi.twitch.tv) has joined #teams4e
[22:54] * kee1992 (kee1992@kee1992.tmi.twitch.tv) has joined #teams4e
[22:54] * fredasmix (fredasmix@fredasmix.tmi.twitch.tv) has joined #teams4e
[22:54] * jtv sets mode: +o jahnin
[22:54] * jtv sets mode: +o kheldplfr
[22:54] * jtv sets mode: +o nightbot
[22:54] * jtv sets mode: +o teams4e
[22:54] [DEBUG] routine
[22:54] [DEBUG] totalFollower
[22:54] [DEBUG] routine
[22:54] [DEBUG] totalFollower
[22:54] [DEBUG] routine
[22:54] [DEBUG] totalFollower
[22:54] [DEBUG] routine
[22:54] [DEBUG] routine
[22:54] [DEBUG] totalFollower
[22:54] [DEBUG] routine
[22:54] *** [22:54] *** [STATS] MAJ des stats de discussion: http://nestoyeur.tv/log
[22:54] [DEBUG] totalFollower
[22:54] *** [22:54] *** [PVE] Un monstre est apparu sur le stream!
[22:54] [DEBUG] routine
[22:54] *** [22:54] *** MobName: Gobelin
[22:54] [DEBUG] routine
[22:54] * Removed 'C:\Nestbot\scripts\php\reqFollow.txt'
[22:55] [DEBUG] totalFollower
[22:55] [DEBUG] routine
[22:55] *** [22:55] *** XP Par minutes: 120
[22:55] [DEBUG] totalFollower
[22:55] [DEBUG] routine
[22:55] [DEBUG] totalFollower
[22:55] [DEBUG] routine
[22:55] * riverwoods (riverwoods@riverwoods.tmi.twitch.tv) has joined #teams4e
[22:55] * morphelin90 (morphelin90@morphelin90.tmi.twitch.tv) has left #teams4e
[22:55] [DEBUG] routine
[22:55] [DEBUG] totalFollower
[22:55] [DEBUG] routine
[22:55] [DEBUG] totalFollower
[22:55] [DEBUG] routine
[22:55] [DEBUG] totalFollower
[22:55] * Removed 'C:\Nestbot\scripts\php\reqFollow2.txt'
[22:55] [DEBUG] routine
[22:55] [DEBUG] totalFollower
[22:55] [DEBUG] routine
[22:55] [DEBUG] totalFollower
[22:55] [DEBUG] routine
[22:56] <seyo97> Ça change quoi serpent ou grenouille ?
[22:56] [DEBUG] routine
[22:56] [DEBUG] totalFollower
[22:56] *** [22:56] *** XP Par minutes: 120
[22:56] [DEBUG] routine
[22:56] [DEBUG] totalFollower
[22:56] [DEBUG] routine
[22:56] [DEBUG] totalFollower
[22:56] [DEBUG] routine
[22:56] * marlors7 (marlors7@marlors7.tmi.twitch.tv) has joined #teams4e
[22:56] * riverwoods (riverwoods@riverwoods.tmi.twitch.tv) has left #teams4e
[22:56] [DEBUG] totalFollower
[22:56] [DEBUG] routine
[22:56] [DEBUG] totalFollower
[22:56] [DEBUG] routine
[22:56] [DEBUG] totalFollower
[22:56] * Removed 'C:\Nestbot\scripts\php\reqFollow2.txt'
[22:56] [DEBUG] routine
[22:56] [DEBUG] totalFollower
[22:56] [DEBUG] routine
[22:56] [DEBUG] routine
[22:56] [DEBUG] totalFollower
[22:57] [DEBUG] routine
[22:57] [DEBUG] totalFollower
[22:57] *** [22:57] *** XP Par minutes: 120
[22:57] [DEBUG] routine
[22:57] [DEBUG] totalFollower
[22:57] [DEBUG] routine
[22:57] [DEBUG] totalFollower
[22:57] [DEBUG] routine
[22:57] [DEBUG] totalFollower
[22:57] * marlors7 (marlors7@marlors7.tmi.twitch.tv) has left #teams4e
[22:57] [DEBUG] routine
[22:57] [DEBUG] totalFollower
[22:57] [DEBUG] routine
[22:57] [DEBUG] totalFollower
[22:57] * Removed 'C:\Nestbot\scripts\php\reqFollow2.txt'
[22:57] [DEBUG] routine
[22:57] [DEBUG] totalFollower
[22:57] [DEBUG] routine
[22:57] [DEBUG] totalFollower
[22:57] [DEBUG] routine
[22:57] * Removed 'C:\Nestbot\scripts\php\reqDelete.txt'
[22:57] [DEBUG] totalFollower
[22:57] [DEBUG] routine
[22:58] [DEBUG] routine
[22:58] [DEBUG] totalFollower
[22:58] *** [22:58] *** XP Par minutes: 115
[22:58] <seyo97> Ok
[22:58] [DEBUG] routine
[22:58] [DEBUG] totalFollower
[22:58] [DEBUG] routine
[22:58] [DEBUG] totalFollower
[22:58] [DEBUG] totalFollower
[22:58] [DEBUG] routine
[22:58] [DEBUG] routine
[22:58] [DEBUG] totalFollower
[22:58] [DEBUG] routine
[22:58] [DEBUG] totalFollower
[22:58] [DEBUG] routine
[22:58] [DEBUG] totalFollower
[22:58] [DEBUG] routine
[22:58] [DEBUG] totalFollower
[22:58] [DEBUG] routine
[22:59] [DEBUG] routine
[22:59] [DEBUG] totalFollower
[22:59] *** [22:59] *** XP Par minutes: 115
[22:59] [DEBUG] routine
[22:59] [DEBUG] totalFollower
[22:59] [DEBUG] routine
[22:59] <nestoyeur> LOL !
[22:59] [DEBUG] totalFollower
[22:59] [DEBUG] routine
[22:59] [DEBUG] totalFollower
[22:59] <nestoyeur> epic :')
[22:59] [DEBUG] routine
[22:59] [DEBUG] totalFollower
[22:59] <nestoyeur> NAN
[22:59] <nestoyeur> pas ton TP
[22:59] [DEBUG] routine
[22:59] [DEBUG] totalFollower
[22:59] [DEBUG] routine
[22:59] [DEBUG] totalFollower
[22:59] [DEBUG] routine
[22:59] [DEBUG] routine
[22:59] <nestoyeur> j'en peux plus :')
[23:00] [DEBUG] routine
[23:00] [DEBUG] totalFollower
[23:00] *** [23:00] *** XP Par minutes: 115
[23:00] [DEBUG] routine
[23:00] <bg34lover> mort de rire
[23:00] [DEBUG] totalFollower
[23:00] [DEBUG] routine
[23:00] [DEBUG] totalFollower
[23:00] [DEBUG] routine
[23:00] [DEBUG] totalFollower
[23:00] [DEBUG] routine
[23:00] [DEBUG] totalFollower
[23:00] [DEBUG] routine
[23:00] [DEBUG] totalFollower
[23:00] * dysfoundation (dysfoundation@dysfoundation.tmi.twitch.tv) has joined #teams4e
[23:00] [DEBUG] routine
[23:00] [DEBUG] totalFollower
[23:00] [DEBUG] routine
[23:00] [DEBUG] totalFollower
[23:00] [DEBUG] routine
[23:00] [DEBUG] totalFollower
[23:00] [DEBUG] routine
[23:01] [DEBUG] routine
[23:01] [DEBUG] totalFollower
[23:01] *** [23:01] *** XP Par minutes: 120
[23:01] [DEBUG] routine
[23:01] [DEBUG] totalFollower
[23:01] [DEBUG] routine
[23:01] [DEBUG] totalFollower
[23:01] [DEBUG] routine
[23:01] [DEBUG] totalFollower
[23:01] [DEBUG] routine
[23:01] [DEBUG] totalFollower
[23:01] * dysfoundation (dysfoundation@dysfoundation.tmi.twitch.tv) has left #teams4e
[23:01] [DEBUG] routine
[23:01] [DEBUG] routine
[23:01] [DEBUG] totalFollower
[23:01] [DEBUG] routine
[23:01] [DEBUG] totalFollower
[23:01] [DEBUG] routine
[23:02] [DEBUG] totalFollower
[23:02] [DEBUG] routine
[23:02] *** [23:02] *** XP Par minutes: 115
[23:02] [DEBUG] totalFollower
[23:02] [DEBUG] routine
[23:02] [DEBUG] routine
[23:02] [DEBUG] totalFollower
[23:02] [DEBUG] routine
[23:02] [DEBUG] totalFollower
[23:02] [DEBUG] routine
[23:02] [DEBUG] totalFollower
[23:02] * sylpheriis (sylpheriis@sylpheriis.tmi.twitch.tv) has joined #teams4e
[23:02] [DEBUG] routine
[23:02] [DEBUG] totalFollower
[23:02] [DEBUG] routine
[23:02] [DEBUG] totalFollower
[23:02] [DEBUG] routine
[23:02] [DEBUG] routine
[23:02] * Removed 'C:\Nestbot\scripts\php\reqDelete.txt'
[23:02] [DEBUG] totalFollower
[23:02] [DEBUG] routine
[23:03] [DEBUG] totalFollower
[23:03] [DEBUG] routine
[23:03] *** [23:03] *** XP Par minutes: 120
[23:03] [DEBUG] totalFollower
[23:03] [DEBUG] routine
[23:03] [DEBUG] totalFollower
[23:03] [DEBUG] routine
[23:03] [DEBUG] routine
[23:03] [DEBUG] totalFollower
[23:03] [DEBUG] routine
[23:03] [DEBUG] totalFollower
[23:03] * oldorius (oldorius@oldorius.tmi.twitch.tv) has joined #teams4e
[23:03] * sylpheriis (sylpheriis@sylpheriis.tmi.twitch.tv) has left #teams4e
[23:03] [DEBUG] routine
[23:03] [DEBUG] totalFollower
[23:03] [DEBUG] routine
[23:03] [DEBUG] totalFollower
[23:03] [DEBUG] routine
[23:03] [DEBUG] totalFollower
[23:03] [DEBUG] routine
[23:04] [DEBUG] routine
[23:04] [DEBUG] totalFollower
[23:04] *** [23:04] *** XP Par minutes: 120
[23:04] [DEBUG] routine
[23:04] [DEBUG] totalFollower
[23:04] [DEBUG] routine
[23:04] [DEBUG] totalFollower
[23:04] [DEBUG] routine
[23:04] [DEBUG] totalFollower
[23:04] [DEBUG] routine
[23:04] [DEBUG] routine
[23:04] [DEBUG] totalFollower
[23:04] * lolktowa (lolktowa@lolktowa.tmi.twitch.tv) has joined #teams4e
[23:04] * blackstar6930 (blackstar6930@blackstar6930.tmi.twitch.tv) has left #teams4e
[23:04] [DEBUG] routine
[23:04] [DEBUG] totalFollower
[23:04] * Removed 'C:\Nestbot\scripts\php\reqFollow2.txt'
[23:04] [DEBUG] routine
[23:04] * Removed 'C:\Nestbot\scripts\php\reqDelete.txt'
[23:04] [DEBUG] totalFollower
[23:04] [DEBUG] routine
[23:04] [DEBUG] totalFollower
[23:05] [DEBUG] routine
[23:05] [DEBUG] totalFollower
[23:05] *** [23:05] *** XP Par minutes: 120
[23:05] [DEBUG] routine
[23:05] [DEBUG] totalFollower
[23:05] [DEBUG] routine
[23:05] [DEBUG] totalFollower
[23:05] [DEBUG] routine
[23:05] [DEBUG] totalFollower
[23:05] [DEBUG] routine
[23:05] [DEBUG] totalFollower
[23:05] [DEBUG] routine
[23:05] * lolktowa (lolktowa@lolktowa.tmi.twitch.tv) has left #teams4e
[23:05] [DEBUG] totalFollower
[23:05] [DEBUG] routine
[23:05] [DEBUG] routine
[23:05] [DEBUG] totalFollower
[23:05] [DEBUG] routine
[23:05] [DEBUG] totalFollower
[23:05] [DEBUG] routine
[23:06] [DEBUG] totalFollower
[23:06] *** [23:06] *** XP Par minutes: 115
[23:06] [DEBUG] routine
[23:06] [DEBUG] totalFollower
[23:06] [DEBUG] routine
[23:06] [DEBUG] routine
[23:06] [DEBUG] totalFollower
[23:06] [DEBUG] routine
[23:06] [DEBUG] totalFollower
[23:06] [DEBUG] routine
[23:06] [DEBUG] totalFollower
[23:06] [DEBUG] routine
[23:06] * blackstar6930 (blackstar6930@blackstar6930.tmi.twitch.tv) has joined #teams4e
[23:06] * tchopo (tchopo@tchopo.tmi.twitch.tv) has joined #teams4e
[23:06] * meryllk (meryllk@meryllk.tmi.twitch.tv) has joined #teams4e
[23:06] [DEBUG] totalFollower
[23:06] [DEBUG] routine
[23:06] [DEBUG] routine
[23:06] * Removed 'C:\Nestbot\scripts\php\reqDelete.txt'
[23:06] [DEBUG] totalFollower
[23:06] [DEBUG] routine
[23:06] [DEBUG] totalFollower
[23:07] <max59790> salut a tous
[23:07] [DEBUG] routine
[23:07] [DEBUG] totalFollower
[23:07] *** [23:07] *** XP Par minutes: 130
[23:07] [DEBUG] routine
[23:07] [DEBUG] totalFollower
[23:07] [DEBUG] routine
[23:07] [DEBUG] totalFollower
[23:07] [DEBUG] routine
[23:07] [DEBUG] totalFollower
[23:07] [DEBUG] routine
[23:07] [DEBUG] totalFollower
[23:07] <max59790> sava bien merci
[23:07] [DEBUG] routine
[23:07] [DEBUG] totalFollower
[23:07] * max59790 (max59790@max59790.tmi.twitch.tv) has joined #teams4e
[23:07] * tchopo (tchopo@tchopo.tmi.twitch.tv) has left #teams4e
[23:07] [DEBUG] routine
[23:07] [DEBUG] totalFollower
[23:07] [DEBUG] routine
[23:07] [DEBUG] routine
[23:07] [DEBUG] totalFollower
[23:07] <bg34lover> hey t'aime bien Blatty de millenium ?
[23:08] [DEBUG] routine
[23:08] [DEBUG] totalFollower
[23:08] *** [23:08] *** XP Par minutes: 130
[23:08] [DEBUG] routine
[23:08] [DEBUG] totalFollower
[23:08] [DEBUG] routine
[23:08] [DEBUG] totalFollower
[23:08] [DEBUG] routine
[23:08] [DEBUG] totalFollower
[23:08] [DEBUG] routine
[23:08] [DEBUG] totalFollower
[23:08] [DEBUG] routine
[23:08] [DEBUG] totalFollower
[23:08] * Removed 'C:\Nestbot\scripts\php\reqFollow2.txt'
[23:08] [DEBUG] routine
[23:08] [DEBUG] totalFollower
[23:08] [DEBUG] routine
[23:08] [DEBUG] totalFollower
[23:08] [DEBUG] routine
[23:08] [DEBUG] totalFollower
[23:08] [DEBUG] routine
[23:08] * Removed 'C:\Nestbot\scripts\php\reqDelete.txt'
[23:09] [DEBUG] routine
[23:09] [DEBUG] totalFollower
[23:09] *** [23:09] *** XP Par minutes: 130
[23:09] [DEBUG] routine
[23:09] [DEBUG] totalFollower
[23:09] [DEBUG] routine
[23:09] [DEBUG] totalFollower
[23:09] [DEBUG] routine
[23:09] <seyo97> L'anneau de grandeur royal il est niveau 12 et il a des stars de niveau 70 ?
[23:09] [DEBUG] totalFollower
[23:09] [DEBUG] routine
[23:09] [DEBUG] totalFollower
[23:09] [DEBUG] routine
[23:09] <seyo97> Stats*
[23:09] [DEBUG] totalFollower
[23:09] [DEBUG] routine
[23:09] [DEBUG] routine
[23:09] [DEBUG] totalFollower
[23:09] * meryllk (meryllk@meryllk.tmi.twitch.tv) has left #teams4e
[23:09] [DEBUG] routine
[23:09] [DEBUG] totalFollower
[23:09] <nestoyeur> tu regarde sur le site de blizzard ?
[23:10] [DEBUG] routine
[23:10] <max59790> vous éte classé cb dans le top 50 euro
[23:10] [DEBUG] totalFollower
[23:10] *** [23:10] *** XP Par minutes: 125
[23:10] [DEBUG] routine
[23:10] [DEBUG] totalFollower
[23:10] [DEBUG] routine
[23:10] [DEBUG] totalFollower
[23:10] [DEBUG] routine
[23:10] [DEBUG] totalFollower
[23:10] [DEBUG] routine
[23:10] [DEBUG] totalFollower
[23:10] [DEBUG] routine
[23:10] [DEBUG] totalFollower
[23:10] [DEBUG] routine
[23:10] [DEBUG] totalFollower
[23:10] [DEBUG] routine
[23:10] <max59790> a oe pas mal
[23:10] <max59790> gg
[23:10] [DEBUG] routine
[23:10] * Removed 'C:\Nestbot\scripts\php\reqDelete.txt'
[23:10] [DEBUG] totalFollower
[23:10] * heresio (heresio@heresio.tmi.twitch.tv) has joined #teams4e
[23:10] [DEBUG] routine
[23:11] [DEBUG] totalFollower
[23:11] [DEBUG] routine
[23:11] *** [23:11] *** XP Par minutes: 125
[23:11] [DEBUG] totalFollower
[23:11] [DEBUG] routine
[23:11] [DEBUG] totalFollower
[23:11] [DEBUG] routine
[23:11] [DEBUG] totalFollower
[23:11] [DEBUG] routine
[23:11] [DEBUG] totalFollower
[23:11] [DEBUG] routine
[23:11] [DEBUG] totalFollower
[23:11] [DEBUG] routine
[23:11] [DEBUG] totalFollower
[23:11] [DEBUG] routine
[23:11] [DEBUG] totalFollower
[23:11] [DEBUG] routine
[23:11] * nashorr (nashorr@nashorr.tmi.twitch.tv) has joined #teams4e
[23:11] [DEBUG] totalFollower
[23:11] [DEBUG] routine
[23:12] [DEBUG] routine
[23:12] [DEBUG] totalFollower
[23:12] *** [23:12] *** XP Par minutes: 130
[23:12] [DEBUG] routine
[23:12] [DEBUG] totalFollower
[23:12] <nestoyeur> je préfére celui des paragon :o
[23:12] [DEBUG] routine
[23:12] [DEBUG] totalFollower
[23:12] [DEBUG] routine
[23:12] [DEBUG] totalFollower
[23:12] [DEBUG] routine
[23:12] [DEBUG] totalFollower
[23:12] <nestoyeur> oui mais souvent le stuff que tu mt tu peux pas le jouer
[23:12] [DEBUG] routine
[23:12] [DEBUG] totalFollower
[23:12] [DEBUG] routine
[23:12] [DEBUG] totalFollower
[23:12] <nestoyeur> pour sa s'mieux les paragon on vois qui farm bien (et donc qui est stuff)
[23:12] [DEBUG] routine
[23:12] [DEBUG] totalFollower
[23:12] [DEBUG] routine
[23:12] [DEBUG] totalFollower
[23:13] [DEBUG] routine
[23:13] * mr_awr (mr_awr@mr_awr.tmi.twitch.tv) has joined #teams4e
[23:13] * igzoul (igzoul@igzoul.tmi.twitch.tv) has joined #teams4e
[23:13] [DEBUG] totalFollower
[23:13] *** [23:13] *** XP Par minutes: 135
[23:13] [DEBUG] routine
[23:13] [DEBUG] totalFollower
[23:13] <max59790> oe je sui daccore avec toi 
[23:13] [DEBUG] routine
[23:13] [DEBUG] totalFollower
[23:13] [DEBUG] routine
[23:13] [DEBUG] totalFollower
[23:13] [DEBUG] routine
[23:13] [DEBUG] totalFollower
[23:13] [DEBUG] routine
[23:13] [DEBUG] totalFollower
[23:13] [DEBUG] routine
[23:13] <rampartts> !kheld
[23:13] <@nightbot> Profile Diablo3 Kheld : http://eu.battle.net/d3/fr/profile/Kheld-2505/hero/1665772
[23:13] [DEBUG] routine
[23:13] [DEBUG] totalFollower
[23:13] [DEBUG] routine
[23:13] [DEBUG] totalFollower
[23:13] [DEBUG] routine
[23:14] [DEBUG] totalFollower
[23:14] [DEBUG] routine
[23:14] *** [23:14] *** XP Par minutes: 145
[23:14] [DEBUG] totalFollower
[23:14] [DEBUG] routine
[23:14] <seyo97> Vous penser quoi du dh ?
[23:14] [DEBUG] totalFollower
[23:14] * Removed 'C:\Nestbot\scripts\php\reqFollow2.txt'
[23:14] [DEBUG] routine
[23:14] [DEBUG] totalFollower
[23:14] [DEBUG] routine
[23:14] [DEBUG] totalFollower
[23:14] [DEBUG] routine
[23:14] [DEBUG] totalFollower
[23:14] [DEBUG] routine
[23:14] [DEBUG] totalFollower
[23:14] [DEBUG] routine
[23:14] <max59790> moi perso j'aime pas trop
[23:14] [DEBUG] routine
[23:14] [DEBUG] totalFollower
[23:15] [DEBUG] routine
[23:15] [DEBUG] totalFollower
[23:15] *** [23:15] *** XP Par minutes: 145
[23:15] [DEBUG] routine
[23:15] [DEBUG] totalFollower
[23:15] [DEBUG] routine
[23:15] [DEBUG] totalFollower
[23:15] * Removed 'C:\Nestbot\scripts\php\reqFollow2.txt'
[23:15] [DEBUG] routine
[23:15] [DEBUG] totalFollower
[23:15] [DEBUG] totalFollower
[23:15] [DEBUG] routine
[23:15] [DEBUG] totalFollower
[23:15] [DEBUG] routine
[23:15] [DEBUG] totalFollower
[23:15] [DEBUG] routine
[23:15] [DEBUG] totalFollower
[23:15] [DEBUG] routine
[23:15] [DEBUG] routine
[23:15] [DEBUG] totalFollower
[23:16] [DEBUG] routine
[23:16] [DEBUG] totalFollower
[23:16] *** [23:16] *** XP Par minutes: 145
[23:16] <seyo97> Ça drop pas des masse !
[23:16] [DEBUG] routine
[23:16] [DEBUG] totalFollower
[23:16] [DEBUG] routine
[23:16] * mawimwe (mawimwe@mawimwe.tmi.twitch.tv) has joined #teams4e
[23:16] * max59790 (max59790@max59790.tmi.twitch.tv) has left #teams4e
[23:16] [DEBUG] totalFollower
[23:16] [DEBUG] routine
[23:16] [DEBUG] routine
[23:16] [DEBUG] totalFollower
[23:16] [DEBUG] routine
[23:16] [DEBUG] totalFollower
[23:16] [DEBUG] routine
[23:16] [DEBUG] totalFollower
[23:16] [DEBUG] routine
[23:16] [DEBUG] totalFollower
[23:16] [DEBUG] routine
[23:17] [DEBUG] totalFollower
[23:17] [DEBUG] routine
[23:17] <seyo97> J'ai vu un monk et un dh faire une faille t6 en 3min30
[23:17] *** [23:17] *** XP Par minutes: 145
[23:17] [DEBUG] totalFollower
[23:17] [DEBUG] routine
[23:17] [DEBUG] totalFollower
[23:17] [DEBUG] routine
[23:17] [DEBUG] routine
[23:17] [DEBUG] totalFollower
[23:17] * rampartts (rampartts@rampartts.tmi.twitch.tv) has left #teams4e
[23:17] [DEBUG] routine
[23:17] [DEBUG] totalFollower
[23:17] [DEBUG] routine
[23:17] [DEBUG] totalFollower
[23:17] [DEBUG] routine
[23:17] [DEBUG] totalFollower
[23:17] [DEBUG] routine
[23:17] [DEBUG] totalFollower
[23:17] [DEBUG] routine
[23:17] [DEBUG] totalFollower
[23:17] [DEBUG] routine
[23:18] [DEBUG] totalFollower
[23:18] [DEBUG] routine
[23:18] *** [23:18] *** XP Par minutes: 140
[23:18] [DEBUG] totalFollower
[23:18] [DEBUG] routine
[23:18] [DEBUG] routine
[23:18] [DEBUG] totalFollower
[23:18] [DEBUG] routine
[23:18] [DEBUG] totalFollower
[23:18] [DEBUG] routine
[23:18] [DEBUG] totalFollower
[23:18] * jecno (jecno@jecno.tmi.twitch.tv) has joined #teams4e
[23:18] [DEBUG] routine
[23:18] [DEBUG] totalFollower
[23:18] [DEBUG] routine
[23:18] [DEBUG] totalFollower
[23:18] [DEBUG] routine
[23:18] [DEBUG] totalFollower
[23:18] [DEBUG] routine
[23:18] [DEBUG] totalFollower
[23:18] [DEBUG] routine
[23:19] [DEBUG] routine
[23:19] [DEBUG] totalFollower
[23:19] *** [23:19] *** XP Par minutes: 145
[23:19] [DEBUG] routine
[23:19] [DEBUG] totalFollower
[23:19] [DEBUG] routine
[23:19] [DEBUG] totalFollower
[23:19] [DEBUG] routine
[23:19] [DEBUG] totalFollower
[23:19] [DEBUG] routine
[23:19] [DEBUG] totalFollower
[23:19] * lojteon (lojteon@lojteon.tmi.twitch.tv) has joined #teams4e
[23:19] * kee1992 (kee1992@kee1992.tmi.twitch.tv) has left #teams4e
[23:19] [DEBUG] routine
[23:19] [DEBUG] totalFollower
[23:19] [DEBUG] routine
[23:19] [DEBUG] totalFollower
[23:19] [DEBUG] routine
[23:19] [DEBUG] totalFollower
[23:19] [DEBUG] routine
[23:20] [DEBUG] totalFollower
[23:20] [DEBUG] routine
[23:20] *** [23:20] *** XP Par minutes: 145
[23:20] [DEBUG] routine
[23:20] [DEBUG] totalFollower
[23:20] [DEBUG] totalFollower
[23:20] [DEBUG] routine
[23:20] [DEBUG] routine
[23:20] [DEBUG] totalFollower
[23:20] [DEBUG] routine
[23:20] [DEBUG] totalFollower
[23:20] * tenebrisse (tenebrisse@tenebrisse.tmi.twitch.tv) has joined #teams4e
[23:20] [DEBUG] routine
[23:20] [DEBUG] totalFollower
[23:20] [DEBUG] routine
[23:20] <seyo97> Oublie pas les cristaux ;)
[23:20] [DEBUG] totalFollower
[23:20] [DEBUG] routine
[23:20] [DEBUG] totalFollower
[23:20] [DEBUG] routine
[23:20] * Removed 'C:\Nestbot\scripts\php\reqFollow.txt'
[23:21] [DEBUG] totalFollower
[23:21] [DEBUG] routine
[23:21] *** [23:21] *** XP Par minutes: 150
[23:21] [DEBUG] totalFollower
[23:21] [DEBUG] routine
[23:21] <heresio> Merci!
[23:21] [DEBUG] totalFollower
[23:21] [DEBUG] routine
[23:21] [DEBUG] routine
[23:21] [DEBUG] totalFollower
[23:21] <tenebrisse> Salut kheld je suis dans le club (kazekura) tu montes une équipe feticheur pour samedi?
[23:21] [DEBUG] routine
[23:21] [DEBUG] totalFollower
[23:21] [DEBUG] routine
[23:21] * sergeich123 (sergeich123@sergeich123.tmi.twitch.tv) has joined #teams4e
[23:21] * fury2931 (fury2931@fury2931.tmi.twitch.tv) has joined #teams4e
[23:21] * lojteon (lojteon@lojteon.tmi.twitch.tv) has left #teams4e
[23:21] [DEBUG] totalFollower
[23:21] [DEBUG] routine
[23:21] [DEBUG] totalFollower
[23:21] [DEBUG] routine
[23:21] [DEBUG] totalFollower
[23:21] [DEBUG] routine
[23:22] [DEBUG] routine
[23:22] [DEBUG] totalFollower
[23:22] *** [23:22] *** XP Par minutes: 155
[23:22] [DEBUG] routine
[23:22] [DEBUG] totalFollower
[23:22] [DEBUG] routine
[23:22] [DEBUG] totalFollower
[23:22] * Removed 'C:\Nestbot\scripts\php\reqFollow2.txt'
[23:22] [DEBUG] routine
[23:22] * Removed 'C:\Nestbot\scripts\php\reqFollow.txt'
[23:22] [DEBUG] totalFollower
[23:22] [DEBUG] routine
[23:22] [DEBUG] routine
[23:22] [DEBUG] totalFollower
[23:22] <@nightbot> Pensez à cliquer sur le bouton follow/Suivre en dessous du stream!
[23:22] [DEBUG] routine
[23:22] [DEBUG] totalFollower
[23:22] [DEBUG] routine
[23:22] [DEBUG] totalFollower
[23:22] * kaboulot (kaboulot@kaboulot.tmi.twitch.tv) has joined #teams4e
[23:22] * mawimwe (mawimwe@mawimwe.tmi.twitch.tv) has left #teams4e
[23:22] * sergeich123 (sergeich123@sergeich123.tmi.twitch.tv) has left #teams4e
[23:22] * igzoul (igzoul@igzoul.tmi.twitch.tv) has left #teams4e
[23:22] [DEBUG] routine
[23:22] * Removed 'C:\Nestbot\scripts\php\reqDelete.txt'
[23:22] [DEBUG] totalFollower
[23:22] [DEBUG] routine
[23:22] [DEBUG] totalFollower
[23:23] <tenebrisse> Ha ok! je savais pas ;)
[23:23] [DEBUG] routine
[23:23] [DEBUG] totalFollower
[23:23] *** [23:23] *** XP Par minutes: 145
[23:23] [DEBUG] routine
[23:23] [DEBUG] totalFollower
[23:23] * Removed 'C:\Nestbot\scripts\php\reqFollow2.txt'
[23:23] <tenebrisse> d'ailleurs c'est samedi 7 pas samedi 10 ;)
[23:23] [DEBUG] routine
[23:23] [DEBUG] totalFollower
[23:23] [DEBUG] routine
[23:23] [DEBUG] totalFollower
[23:23] [DEBUG] routine
[23:23] [DEBUG] routine
[23:23] * Removed 'C:\Nestbot\scripts\php\reqFollow.txt'
[23:23] [DEBUG] totalFollower
[23:23] [DEBUG] routine
[23:23] [DEBUG] totalFollower
[23:23] [DEBUG] routine
[23:23] * Removed 'C:\Nestbot\scripts\php\reqDelete.txt'
[23:23] [DEBUG] totalFollower
[23:23] * kaboulot (kaboulot@kaboulot.tmi.twitch.tv) has left #teams4e
[23:23] * oldorius (oldorius@oldorius.tmi.twitch.tv) has left #teams4e
[23:23] [DEBUG] routine
[23:23] [DEBUG] totalFollower
[23:24] [DEBUG] routine
[23:24] *** [23:24] *** XP Par minutes: 145
[23:24] [DEBUG] totalFollower
[23:24] [DEBUG] routine
[23:24] [DEBUG] totalFollower
[23:24] [DEBUG] routine
[23:24] [DEBUG] totalFollower
[23:24] [DEBUG] routine
[23:24] [DEBUG] totalFollower
[23:24] [DEBUG] routine
[23:24] [DEBUG] totalFollower
[23:24] [DEBUG] routine
[23:24] [DEBUG] totalFollower
[23:24] [DEBUG] routine
[23:24] [DEBUG] totalFollower
[23:24] [DEBUG] routine
[23:24] [DEBUG] totalFollower
[23:24] [DEBUG] routine
[23:25] [DEBUG] totalFollower
[23:25] [DEBUG] routine
[23:25] *** [23:25] *** XP Par minutes: 135
[23:25] [DEBUG] totalFollower
[23:25] [DEBUG] routine
[23:25] [DEBUG] totalFollower
[23:25] <tenebrisse> achetez vous des calendriers avec des rugbyman nu pour toujours savoir quel jour on est :p
[23:25] [DEBUG] routine
[23:25] [DEBUG] totalFollower
[23:25] [DEBUG] routine
[23:25] [DEBUG] routine
[23:25] [DEBUG] totalFollower
[23:25] [DEBUG] routine
[23:25] [DEBUG] totalFollower
[23:25] [DEBUG] routine
[23:25] [DEBUG] totalFollower
[23:25] [DEBUG] routine
[23:25] * warrenjjtherager (warrenjjtherager@warrenjjtherager.tmi.twitch.tv) has joined #teams4e
[23:25] [DEBUG] routine
[23:25] * Removed 'C:\Nestbot\scripts\php\reqDelete.txt'
[23:25] [DEBUG] totalFollower
[23:26] [DEBUG] routine
[23:26] *** [23:26] *** XP Par minutes: 135
[23:26] [DEBUG] totalFollower
[23:26] [DEBUG] routine
[23:26] [DEBUG] totalFollower
[23:26] [DEBUG] routine
[23:26] [DEBUG] totalFollower
[23:26] [DEBUG] routine
[23:26] [DEBUG] totalFollower
[23:26] [DEBUG] routine
[23:26] [DEBUG] totalFollower
[23:26] [DEBUG] routine
[23:26] [DEBUG] routine
[23:26] [DEBUG] totalFollower
[23:26] [DEBUG] routine
[23:26] [DEBUG] totalFollower
[23:26] [DEBUG] routine
[23:26] [DEBUG] totalFollower
[23:27] [DEBUG] routine
[23:27] [DEBUG] totalFollower
[23:27] *** [23:27] *** XP Par minutes: 140
[23:27] [DEBUG] routine
[23:27] [DEBUG] totalFollower
[23:27] [DEBUG] routine
[23:27] [DEBUG] totalFollower
[23:27] [DEBUG] routine
[23:27] [DEBUG] routine
[23:27] [DEBUG] totalFollower
[23:27] [DEBUG] routine
[23:27] [DEBUG] totalFollower
[23:27] [DEBUG] routine
[23:27] [DEBUG] routine
[23:27] [DEBUG] totalFollower
[23:27] [DEBUG] routine
[23:27] [DEBUG] totalFollower
[23:27] * tenebrisse (tenebrisse@tenebrisse.tmi.twitch.tv) has left #teams4e
[23:27] * warrenjjtherager (warrenjjtherager@warrenjjtherager.tmi.twitch.tv) has left #teams4e
[23:27] [DEBUG] totalFollower
[23:27] [DEBUG] routine
[23:28] [DEBUG] totalFollower
[23:28] [DEBUG] routine
[23:28] *** [23:28] *** XP Par minutes: 140
[23:28] [DEBUG] routine
[23:28] [DEBUG] totalFollower
[23:28] [DEBUG] routine
[23:28] [DEBUG] totalFollower
[23:28] [DEBUG] routine
[23:28] [DEBUG] totalFollower
[23:28] [DEBUG] routine
[23:28] [DEBUG] totalFollower
[23:28] [DEBUG] routine
[23:28] [DEBUG] totalFollower
[23:28] [DEBUG] routine
[23:28] * jecno (jecno@jecno.tmi.twitch.tv) has left #teams4e
[23:28] * seyo97 (seyo97@seyo97.tmi.twitch.tv) has left #teams4e
[23:28] [DEBUG] totalFollower
[23:28] [DEBUG] routine
[23:28] [DEBUG] totalFollower
[23:28] <terarn> kheld stp avant de partir au dodo check on dh, ArnTer#2593, je suis dans ta fl
[23:28] [DEBUG] routine
[23:29] <terarn> tu va rire
[23:29] [DEBUG] totalFollower
[23:29] [DEBUG] routine
[23:29] *** [23:29] *** XP Par minutes: 120
[23:29] [DEBUG] totalFollower
[23:29] [DEBUG] routine
[23:29] [DEBUG] totalFollower
[23:29] [DEBUG] routine
[23:29] [DEBUG] routine
[23:29] [DEBUG] totalFollower
[23:29] [DEBUG] routine
[23:29] [DEBUG] totalFollower
[23:29] [DEBUG] routine
[23:29] [DEBUG] totalFollower
[23:29] <terarn> merci ^^
[23:29] [DEBUG] routine
[23:29] [DEBUG] totalFollower
[23:29] [DEBUG] routine
[23:29] * blackstar6930 (blackstar6930@blackstar6930.tmi.twitch.tv) has left #teams4e
[23:29] [DEBUG] totalFollower
[23:29] [DEBUG] routine
[23:29] * Removed 'C:\Nestbot\scripts\php\reqDelete.txt'
[23:29] [DEBUG] totalFollower
[23:30] [DEBUG] routine
[23:30] [DEBUG] totalFollower
[23:30] *** [23:30] *** XP Par minutes: 115
[23:30] [DEBUG] routine
[23:30] [DEBUG] routine
[23:30] [DEBUG] totalFollower
[23:30] [DEBUG] routine
[23:30] [DEBUG] totalFollower
[23:30] [DEBUG] routine
[23:30] [DEBUG] totalFollower
[23:30] [DEBUG] routine
[23:30] [DEBUG] totalFollower
[23:30] [DEBUG] routine
[23:30] [DEBUG] totalFollower
[23:30] [DEBUG] routine
[23:30] * tjfast (tjfast@tjfast.tmi.twitch.tv) has left #teams4e
[23:30] [DEBUG] totalFollower
[23:30] [DEBUG] routine
[23:31] [DEBUG] routine
[23:31] [DEBUG] totalFollower
[23:31] *** [23:31] *** XP Par minutes: 115
[23:31] [DEBUG] routine
[23:31] [DEBUG] totalFollower
[23:31] [DEBUG] routine
[23:31] [DEBUG] totalFollower
[23:31] [DEBUG] totalFollower
[23:31] [DEBUG] routine
[23:31] [DEBUG] totalFollower
[23:31] [DEBUG] routine
[23:31] [DEBUG] totalFollower
[23:31] [DEBUG] routine
[23:31] [DEBUG] routine
[23:31] [DEBUG] totalFollower
[23:31] [DEBUG] routine
[23:31] [DEBUG] totalFollower
[23:31] [DEBUG] routine
[23:31] [DEBUG] totalFollower
[23:32] [DEBUG] routine
[23:32] [DEBUG] totalFollower
[23:32] *** [23:32] *** XP Par minutes: 110
[23:32] [DEBUG] routine
[23:32] <terarn> ouais j'ai essayé d'avoir dcc
[23:32] [DEBUG] totalFollower
[23:32] [DEBUG] routine
[23:32] <terarn> mais c'est gallère
[23:32] [DEBUG] totalFollower
[23:32] [DEBUG] routine
[23:32] <terarn> mon amu j'ai pas trouvé bcp mieux
[23:32] [DEBUG] totalFollower
[23:32] [DEBUG] routine
[23:32] <terarn> je drop pas masse mu bien
[23:32] <terarn> merci ^^
[23:32] [DEBUG] routine
[23:32] [DEBUG] totalFollower
[23:32] [DEBUG] routine
[23:32] [DEBUG] totalFollower
[23:32] <terarn> cette WH m'a tellement fait plaisir
[23:32] [DEBUG] routine
[23:32] [DEBUG] totalFollower
[23:32] [DEBUG] routine
[23:32] [DEBUG] totalFollower
[23:32] * kryzden (kryzden@kryzden.tmi.twitch.tv) has joined #teams4e
[23:32] * fury2931 (fury2931@fury2931.tmi.twitch.tv) has left #teams4e
[23:32] [DEBUG] routine
[23:32] [DEBUG] totalFollower
[23:33] [DEBUG] routine
[23:33] [DEBUG] totalFollower
[23:33] *** [23:33] *** XP Par minutes: 110
[23:33] [DEBUG] routine
[23:33] [DEBUG] totalFollower
[23:33] [DEBUG] routine
[23:33] [DEBUG] totalFollower
[23:33] [DEBUG] routine
[23:33] <terarn> kadlala et moi on a conclu un pacte de mariage
[23:33] [DEBUG] totalFollower
[23:33] [DEBUG] routine
[23:33] <terarn> c'est prévu en juin
[23:33] [DEBUG] routine
[23:33] [DEBUG] totalFollower
[23:33] [DEBUG] routine
[23:33] [DEBUG] totalFollower
[23:33] [DEBUG] routine
[23:33] [DEBUG] totalFollower
[23:33] [DEBUG] routine
[23:33] <@jahnin> je suis déjà avec terarn :S
[23:33] [DEBUG] totalFollower
[23:34] [DEBUG] routine
[23:34] * heresio (heresio@heresio.tmi.twitch.tv) has left #teams4e
[23:34] [DEBUG] totalFollower
[23:34] *** [23:34] *** XP Par minutes: 110
[23:34] [DEBUG] routine
[23:34] [DEBUG] totalFollower
[23:34] <terarn> ménage a trois ?
[23:34] [DEBUG] routine
[23:34] [DEBUG] totalFollower
[23:34] <terarn> ma dh est sympa
[23:34] <@jahnin> pourquoi aps :D
[23:34] [DEBUG] routine
[23:34] [DEBUG] totalFollower
[23:34] [DEBUG] routine
[23:34] <terarn> ^^
[23:34] [DEBUG] totalFollower
[23:34] [DEBUG] routine
[23:34] [DEBUG] totalFollower
[23:34] [DEBUG] routine
[23:34] [DEBUG] totalFollower
[23:34] [DEBUG] routine
[23:34] [DEBUG] totalFollower
[23:34] [DEBUG] routine
[23:34] * Removed 'C:\Nestbot\scripts\php\reqFollow.txt'
[23:34] <defkan> tcho
[23:34] [DEBUG] routine
[23:34] [DEBUG] totalFollower
[23:34] * kryzden (kryzden@kryzden.tmi.twitch.tv) has left #teams4e
[23:35] [DEBUG] routine
[23:35] <terarn> bonne nuit !
[23:35] [DEBUG] totalFollower
[23:35] *** [23:35] *** XP Par minutes: 105
[23:35] <terarn> 'etait sympa !
[23:35] * Disconnected
[23:35] [DEBUG] routine
[23:35] [DEBUG] totalFollower
[23:35] [DEBUG] routine
[23:35] [DEBUG] totalFollower
Session Close: Mon Jun 02 23:35:23 2014
